ARM GAS  /var/folders/5c/srt4fy4j1pd641bjfx75k5000000gn/T//cc5pzPuI.s 			page 1


   1              		.cpu cortex-m4
   2              		.arch armv7e-m
   3              		.fpu fpv4-sp-d16
   4              		.eabi_attribute 27, 1
   5              		.eabi_attribute 28, 1
   6              		.eabi_attribute 20, 1
   7              		.eabi_attribute 21, 1
   8              		.eabi_attribute 23, 3
   9              		.eabi_attribute 24, 1
  10              		.eabi_attribute 25, 1
  11              		.eabi_attribute 26, 1
  12              		.eabi_attribute 30, 1
  13              		.eabi_attribute 34, 1
  14              		.eabi_attribute 18, 4
  15              		.file	"defence.cpp"
  16              		.text
  17              	.Ltext0:
  18              		.cfi_sections	.debug_frame
  19              		.file 1 "src/mode/defence.cpp"
  20              		.section	.text._ZN4Mode7DefenceEv,"ax",%progbits
  21              		.align	1
  22              		.global	_ZN4Mode7DefenceEv
  23              		.syntax unified
  24              		.thumb
  25              		.thumb_func
  27              	_ZN4Mode7DefenceEv:
  28              		.fnstart
  29              	.LVL0:
  30              	.LFB272:
   1:src/mode/defence.cpp **** #include "mode.hpp"
   2:src/mode/defence.cpp **** 
   3:src/mode/defence.cpp **** void Mode::Defence() {
  31              		.loc 1 3 22 view -0
  32              		.cfi_startproc
  33              		@ args = 0, pretend = 0, frame = 0
  34              		@ frame_needed = 0, uses_anonymous_args = 0
  35              		@ link register save eliminated.
   4:src/mode/defence.cpp **** }...
  36              		.loc 1 4 1 is_stmt 0 view .LVU1
  37 0000 7047     		bx	lr
  38              		.cfi_endproc
  39              	.LFE272:
  40              		.cantunwind
  41              		.fnend
  43              		.text
  44              	.Letext0:
  45              		.file 2 "/opt/ST/STM32CubeCLT_1.16.0/GNU-tools-for-STM32/arm-none-eabi/include/machine/_default_ty
  46              		.file 3 "/opt/ST/STM32CubeCLT_1.16.0/GNU-tools-for-STM32/lib/gcc/arm-none-eabi/12.3.1/include/stdd
  47              		.file 4 "/opt/ST/STM32CubeCLT_1.16.0/GNU-tools-for-STM32/arm-none-eabi/include/sys/_types.h"
  48              		.file 5 "/opt/ST/STM32CubeCLT_1.16.0/GNU-tools-for-STM32/arm-none-eabi/include/sys/reent.h"
  49              		.file 6 "/opt/ST/STM32CubeCLT_1.16.0/GNU-tools-for-STM32/arm-none-eabi/include/sys/lock.h"
  50              		.file 7 "/opt/ST/STM32CubeCLT_1.16.0/GNU-tools-for-STM32/arm-none-eabi/include/stdio.h"
  51              		.file 8 "/opt/ST/STM32CubeCLT_1.16.0/GNU-tools-for-STM32/arm-none-eabi/include/sys/_stdint.h"
  52              		.file 9 "Drivers/CMSIS/Device/ST/STM32F4xx/Include/stm32f446xx.h"
  53              		.file 10 "Drivers/STM32F4xx_HAL_Driver/Inc/stm32f4xx_hal_def.h"
  54              		.file 11 "Drivers/STM32F4xx_HAL_Driver/Inc/stm32f4xx_hal_dma.h"
  55              		.file 12 "Drivers/STM32F4xx_HAL_Driver/Inc/stm32f4xx_hal_tim.h"
ARM GAS  /var/folders/5c/srt4fy4j1pd641bjfx75k5000000gn/T//cc5pzPuI.s 			page 2


  56              		.file 13 "Drivers/STM32F4xx_HAL_Driver/Inc/stm32f4xx_hal_uart.h"
  57              		.file 14 "Lib/BufferedSerial/BufferedSerial.hpp"
  58              		.file 15 "Lib/DigitalInOut/DigitalInOut.hpp"
  59              		.file 16 "Lib/MovingAve/MovingAve.hpp"
  60              		.file 17 "/opt/ST/STM32CubeCLT_1.16.0/GNU-tools-for-STM32/arm-none-eabi/include/c++/12.3.1/cstdio"
  61              		.file 18 "/opt/ST/STM32CubeCLT_1.16.0/GNU-tools-for-STM32/arm-none-eabi/include/c++/12.3.1/arm-non
  62              		.file 19 "Lib/PWMSingle/PWMSingle.hpp"
  63              		.file 20 "Lib/Timer/Timer.hpp"
  64              		.file 21 "src/unit/dribbler_drive/dribbler_drive.hpp"
  65              		.file 22 "src/unit/kicker/kicker.hpp"
  66              		.file 23 "Lib/pid/pid.hpp"
  67              		.file 24 "src/unit/motor_drive/motor_drive.hpp"
  68              		.file 25 "src/unit/robot/robot.hpp"
  69              		.file 26 "src/mode/mode.hpp"
ARM GAS  /var/folders/5c/srt4fy4j1pd641bjfx75k5000000gn/T//cc5pzPuI.s 			page 3


DEFINED SYMBOLS
                            *ABS*:00000000 defence.cpp
/var/folders/5c/srt4fy4j1pd641bjfx75k5000000gn/T//cc5pzPuI.s:21     .text._ZN4Mode7DefenceEv:00000000 $t
/var/folders/5c/srt4fy4j1pd641bjfx75k5000000gn/T//cc5pzPuI.s:27     .text._ZN4Mode7DefenceEv:00000000 _ZN4Mode7DefenceEv
.ARM.exidx.text._ZN4Mode7DefenceEv:00000000 $d

NO UNDEFINED SYMBOLS
