ARM GAS  /var/folders/5c/srt4fy4j1pd641bjfx75k5000000gn/T//ccAR2VDp.s 			page 1


   1              		.cpu cortex-m4
   2              		.arch armv7e-m
   3              		.fpu fpv4-sp-d16
   4              		.eabi_attribute 27, 1
   5              		.eabi_attribute 28, 1
   6              		.eabi_attribute 20, 1
   7              		.eabi_attribute 21, 1
   8              		.eabi_attribute 23, 3
   9              		.eabi_attribute 24, 1
  10              		.eabi_attribute 25, 1
  11              		.eabi_attribute 26, 1
  12              		.eabi_attribute 30, 1
  13              		.eabi_attribute 34, 1
  14              		.eabi_attribute 18, 4
  15              		.file	"motor_drive.cpp"
  16              		.text
  17              	.Ltext0:
  18              		.cfi_sections	.debug_frame
  19              		.file 1 "src/unit/motor_drive/motor_drive.cpp"
  20              		.section	.text._ZN12PwmSingleOut4initEv,"axG",%progbits,_ZN12PwmSingleOut4initEv,comdat
  21              		.align	1
  22              		.weak	_ZN12PwmSingleOut4initEv
  23              		.syntax unified
  24              		.thumb
  25              		.thumb_func
  27              	_ZN12PwmSingleOut4initEv:
  28              		.fnstart
  29              	.LVL0:
  30              	.LFB245:
  31              		.file 2 "Lib/PWMSingle/PWMSingle.hpp"
   1:Lib/PWMSingle/PWMSingle.hpp **** #ifndef __PWMSINGLE__
   2:Lib/PWMSingle/PWMSingle.hpp **** #define __PWMSINGLE__
   3:Lib/PWMSingle/PWMSingle.hpp **** 
   4:Lib/PWMSingle/PWMSingle.hpp **** #include "MyMath.hpp"
   5:Lib/PWMSingle/PWMSingle.hpp **** #include "tim.h"
   6:Lib/PWMSingle/PWMSingle.hpp **** 
   7:Lib/PWMSingle/PWMSingle.hpp **** #ifdef __cplusplus
   8:Lib/PWMSingle/PWMSingle.hpp **** extern "C" {
   9:Lib/PWMSingle/PWMSingle.hpp **** 
  10:Lib/PWMSingle/PWMSingle.hpp **** class PwmSingleOut {
  11:Lib/PWMSingle/PWMSingle.hpp ****      public:
  12:Lib/PWMSingle/PWMSingle.hpp ****       PwmSingleOut(TIM_HandleTypeDef *htim, uint32_t channel)
  13:Lib/PWMSingle/PWMSingle.hpp ****           : _htim(htim), _channel(channel), _maxValue(_htim->Init.Period) {
  14:Lib/PWMSingle/PWMSingle.hpp ****       }
  15:Lib/PWMSingle/PWMSingle.hpp **** 
  16:Lib/PWMSingle/PWMSingle.hpp ****       void init() {
  32              		.loc 2 16 12 view -0
  33              		.cfi_startproc
  34              		@ args = 0, pretend = 0, frame = 0
  35              		@ frame_needed = 0, uses_anonymous_args = 0
  36              		.loc 2 16 12 is_stmt 0 view .LVU1
  37 0000 10B5     		push	{r4, lr}
  38              		.save {r4, lr}
  39              	.LCFI0:
  40              		.cfi_def_cfa_offset 8
  41              		.cfi_offset 4, -8
  42              		.cfi_offset 14, -4
ARM GAS  /var/folders/5c/srt4fy4j1pd641bjfx75k5000000gn/T//ccAR2VDp.s 			page 2


  43 0002 0446     		mov	r4, r0
  17:Lib/PWMSingle/PWMSingle.hpp ****             HAL_TIM_PWM_Start(_htim, _channel);
  44              		.loc 2 17 13 is_stmt 1 view .LVU2
  45              		.loc 2 17 30 is_stmt 0 view .LVU3
  46 0004 4168     		ldr	r1, [r0, #4]
  47 0006 0068     		ldr	r0, [r0]
  48              	.LVL1:
  49              		.loc 2 17 30 view .LVU4
  50 0008 FFF7FEFF 		bl	HAL_TIM_PWM_Start
  51              	.LVL2:
  18:Lib/PWMSingle/PWMSingle.hpp ****             _maxValue = _htim->Init.Period;
  52              		.loc 2 18 13 is_stmt 1 view .LVU5
  53              		.loc 2 18 25 is_stmt 0 view .LVU6
  54 000c 2368     		ldr	r3, [r4]
  55              		.loc 2 18 37 view .LVU7
  56 000e DB68     		ldr	r3, [r3, #12]
  57              		.loc 2 18 23 view .LVU8
  58 0010 A360     		str	r3, [r4, #8]
  19:Lib/PWMSingle/PWMSingle.hpp ****       }
  59              		.loc 2 19 7 view .LVU9
  60 0012 10BD     		pop	{r4, pc}
  61              		.loc 2 19 7 view .LVU10
  62              		.cfi_endproc
  63              	.LFE245:
  64              		.fnend
  66              		.global	__aeabi_f2d
  67              		.global	__aeabi_ui2d
  68              		.global	__aeabi_dmul
  69              		.global	__aeabi_d2iz
  70              		.section	.text._ZN12PwmSingleOut5writeEf,"axG",%progbits,_ZN12PwmSingleOut5writeEf,comdat
  71              		.align	1
  72              		.weak	_ZN12PwmSingleOut5writeEf
  73              		.syntax unified
  74              		.thumb
  75              		.thumb_func
  77              	_ZN12PwmSingleOut5writeEf:
  78              		.fnstart
  79              	.LVL3:
  80              	.LFB246:
  20:Lib/PWMSingle/PWMSingle.hpp **** 
  21:Lib/PWMSingle/PWMSingle.hpp ****       void write(float duty) {
  81              		.loc 2 21 12 is_stmt 1 view -0
  82              		.cfi_startproc
  83              		@ args = 0, pretend = 0, frame = 0
  84              		@ frame_needed = 0, uses_anonymous_args = 0
  85              		.loc 2 21 12 is_stmt 0 view .LVU12
  86 0000 D0B5     		push	{r4, r6, r7, lr}
  87              	.LCFI1:
  88              		.cfi_def_cfa_offset 16
  89              		.cfi_offset 4, -16
  90              		.cfi_offset 6, -12
  91              		.cfi_offset 7, -8
  92              		.cfi_offset 14, -4
  93 0002 0446     		mov	r4, r0
  22:Lib/PWMSingle/PWMSingle.hpp ****             duty = (int)(Constrain(duty, 0.0, 1.0) * _maxValue);
  94              		.loc 2 22 13 is_stmt 1 view .LVU13
  95              		.loc 2 22 26 is_stmt 0 view .LVU14
ARM GAS  /var/folders/5c/srt4fy4j1pd641bjfx75k5000000gn/T//ccAR2VDp.s 			page 3


  96 0004 B5EEC00A 		vcmpe.f32	s0, #0
  97 0008 F1EE10FA 		vmrs	APSR_nzcv, FPSCR
  98 000c 10D4     		bmi	.L9
  99              		.loc 2 22 26 discriminator 2 view .LVU15
 100 000e F7EE007A 		vmov.f32	s15, #1.0e+0
 101 0012 B4EEE70A 		vcmpe.f32	s0, s15
 102 0016 F1EE10FA 		vmrs	APSR_nzcv, FPSCR
 103 001a 02DD     		ble	.L12
 104              		.loc 2 22 26 view .LVU16
 105 001c 0026     		movs	r6, #0
 106 001e 1D4F     		ldr	r7, .L15
 107 0020 08E0     		b	.L4
 108              	.L12:
 109              		.loc 2 22 26 discriminator 5 view .LVU17
 110 0022 10EE100A 		vmov	r0, s0
 111              	.LVL4:
 112              		.loc 2 22 26 discriminator 5 view .LVU18
 113 0026 FFF7FEFF 		bl	__aeabi_f2d
 114              	.LVL5:
 115              		.loc 2 22 26 discriminator 5 view .LVU19
 116 002a 0646     		mov	r6, r0
 117 002c 0F46     		mov	r7, r1
 118 002e 01E0     		b	.L4
 119              	.LVL6:
 120              	.L9:
 121              		.loc 2 22 26 view .LVU20
 122 0030 0026     		movs	r6, #0
 123 0032 0027     		movs	r7, #0
 124              	.LVL7:
 125              	.L4:
 126              		.loc 2 22 52 discriminator 8 view .LVU21
 127 0034 A068     		ldr	r0, [r4, #8]
 128 0036 FFF7FEFF 		bl	__aeabi_ui2d
 129              	.LVL8:
 130 003a 3246     		mov	r2, r6
 131 003c 3B46     		mov	r3, r7
 132 003e FFF7FEFF 		bl	__aeabi_dmul
 133              	.LVL9:
 134              		.loc 2 22 20 discriminator 8 view .LVU22
 135 0042 FFF7FEFF 		bl	__aeabi_d2iz
 136              	.LVL10:
 137 0046 07EE900A 		vmov	s15, r0	@ int
 138              		.loc 2 22 18 discriminator 8 view .LVU23
 139 004a F8EEE77A 		vcvt.f32.s32	s15, s15
 140              	.LVL11:
  23:Lib/PWMSingle/PWMSingle.hpp ****             __HAL_TIM_SET_COMPARE(_htim, _channel, duty);
 141              		.loc 2 23 13 is_stmt 1 discriminator 8 view .LVU24
 142 004e 6368     		ldr	r3, [r4, #4]
 143 0050 33B9     		cbnz	r3, .L5
 144              		.loc 2 23 13 is_stmt 0 discriminator 1 view .LVU25
 145 0052 2368     		ldr	r3, [r4]
 146 0054 1B68     		ldr	r3, [r3]
 147 0056 FCEEE77A 		vcvt.u32.f32	s15, s15
 148              	.LVL12:
 149              		.loc 2 23 13 discriminator 1 view .LVU26
 150 005a C3ED0D7A 		vstr.32	s15, [r3, #52]	@ int
 151              	.L3:
ARM GAS  /var/folders/5c/srt4fy4j1pd641bjfx75k5000000gn/T//ccAR2VDp.s 			page 4


  24:Lib/PWMSingle/PWMSingle.hpp ****       }
 152              		.loc 2 24 7 view .LVU27
 153 005e D0BD     		pop	{r4, r6, r7, pc}
 154              	.LVL13:
 155              	.L5:
  23:Lib/PWMSingle/PWMSingle.hpp ****             __HAL_TIM_SET_COMPARE(_htim, _channel, duty);
 156              		.loc 2 23 13 discriminator 2 view .LVU28
 157 0060 042B     		cmp	r3, #4
 158 0062 08D0     		beq	.L13
  23:Lib/PWMSingle/PWMSingle.hpp ****             __HAL_TIM_SET_COMPARE(_htim, _channel, duty);
 159              		.loc 2 23 13 discriminator 4 view .LVU29
 160 0064 082B     		cmp	r3, #8
 161 0066 0DD0     		beq	.L14
  23:Lib/PWMSingle/PWMSingle.hpp ****             __HAL_TIM_SET_COMPARE(_htim, _channel, duty);
 162              		.loc 2 23 13 discriminator 6 view .LVU30
 163 0068 2368     		ldr	r3, [r4]
 164 006a 1B68     		ldr	r3, [r3]
 165 006c FCEEE77A 		vcvt.u32.f32	s15, s15
 166              	.LVL14:
  23:Lib/PWMSingle/PWMSingle.hpp ****             __HAL_TIM_SET_COMPARE(_htim, _channel, duty);
 167              		.loc 2 23 13 discriminator 6 view .LVU31
 168 0070 C3ED107A 		vstr.32	s15, [r3, #64]	@ int
 169              		.loc 2 24 7 discriminator 6 view .LVU32
 170 0074 F3E7     		b	.L3
 171              	.LVL15:
 172              	.L13:
  23:Lib/PWMSingle/PWMSingle.hpp ****             __HAL_TIM_SET_COMPARE(_htim, _channel, duty);
 173              		.loc 2 23 13 discriminator 3 view .LVU33
 174 0076 2368     		ldr	r3, [r4]
 175 0078 1B68     		ldr	r3, [r3]
 176 007a FCEEE77A 		vcvt.u32.f32	s15, s15
 177              	.LVL16:
  23:Lib/PWMSingle/PWMSingle.hpp ****             __HAL_TIM_SET_COMPARE(_htim, _channel, duty);
 178              		.loc 2 23 13 discriminator 3 view .LVU34
 179 007e C3ED0E7A 		vstr.32	s15, [r3, #56]	@ int
 180 0082 ECE7     		b	.L3
 181              	.LVL17:
 182              	.L14:
  23:Lib/PWMSingle/PWMSingle.hpp ****             __HAL_TIM_SET_COMPARE(_htim, _channel, duty);
 183              		.loc 2 23 13 discriminator 5 view .LVU35
 184 0084 2368     		ldr	r3, [r4]
 185 0086 1B68     		ldr	r3, [r3]
 186 0088 FCEEE77A 		vcvt.u32.f32	s15, s15
 187              	.LVL18:
  23:Lib/PWMSingle/PWMSingle.hpp ****             __HAL_TIM_SET_COMPARE(_htim, _channel, duty);
 188              		.loc 2 23 13 discriminator 5 view .LVU36
 189 008c C3ED0F7A 		vstr.32	s15, [r3, #60]	@ int
 190 0090 E5E7     		b	.L3
 191              	.L16:
 192 0092 00BF     		.align	2
 193              	.L15:
 194 0094 0000F03F 		.word	1072693248
 195              		.cfi_endproc
 196              	.LFE246:
 197              		.cantunwind
 198              		.fnend
 200              		.section	.text._ZN12PwmSingleOut5soundEtt,"axG",%progbits,_ZN12PwmSingleOut5soundEtt,comdat
ARM GAS  /var/folders/5c/srt4fy4j1pd641bjfx75k5000000gn/T//ccAR2VDp.s 			page 5


 201              		.align	1
 202              		.weak	_ZN12PwmSingleOut5soundEtt
 203              		.syntax unified
 204              		.thumb
 205              		.thumb_func
 207              	_ZN12PwmSingleOut5soundEtt:
 208              		.fnstart
 209              	.LVL19:
 210              	.LFB248:
  25:Lib/PWMSingle/PWMSingle.hpp **** 
  26:Lib/PWMSingle/PWMSingle.hpp ****       void operator=(float duty) {
  27:Lib/PWMSingle/PWMSingle.hpp ****             write(duty);
  28:Lib/PWMSingle/PWMSingle.hpp ****       }
  29:Lib/PWMSingle/PWMSingle.hpp **** 
  30:Lib/PWMSingle/PWMSingle.hpp ****       void sound(uint16_t period, uint16_t time) {
 211              		.loc 2 30 12 is_stmt 1 view -0
 212              		.cfi_startproc
 213              		@ args = 0, pretend = 0, frame = 0
 214              		@ frame_needed = 0, uses_anonymous_args = 0
 215              		.loc 2 30 12 is_stmt 0 view .LVU38
 216 0000 2DE9F041 		push	{r4, r5, r6, r7, r8, lr}
 217              		.save {r4, r5, r6, r7, r8, lr}
 218              	.LCFI2:
 219              		.cfi_def_cfa_offset 24
 220              		.cfi_offset 4, -24
 221              		.cfi_offset 5, -20
 222              		.cfi_offset 6, -16
 223              		.cfi_offset 7, -12
 224              		.cfi_offset 8, -8
 225              		.cfi_offset 14, -4
 226 0004 0446     		mov	r4, r0
 227 0006 1546     		mov	r5, r2
  31:Lib/PWMSingle/PWMSingle.hpp ****             // 周波数変更
  32:Lib/PWMSingle/PWMSingle.hpp ****             int default_prescaler = _htim->Init.Prescaler;
 228              		.loc 2 32 13 is_stmt 1 view .LVU39
 229              		.loc 2 32 37 is_stmt 0 view .LVU40
 230 0008 0368     		ldr	r3, [r0]
 231              		.loc 2 32 49 view .LVU41
 232 000a 5F68     		ldr	r7, [r3, #4]
 233              	.LVL20:
  33:Lib/PWMSingle/PWMSingle.hpp ****             int default_period = _htim->Init.Period;
 234              		.loc 2 33 13 is_stmt 1 view .LVU42
 235              		.loc 2 33 46 is_stmt 0 view .LVU43
 236 000c DE68     		ldr	r6, [r3, #12]
 237              	.LVL21:
  34:Lib/PWMSingle/PWMSingle.hpp ****             _htim->Init.Prescaler = 9;
 238              		.loc 2 34 13 is_stmt 1 view .LVU44
 239              		.loc 2 34 35 is_stmt 0 view .LVU45
 240 000e 0922     		movs	r2, #9
 241              	.LVL22:
 242              		.loc 2 34 35 view .LVU46
 243 0010 5A60     		str	r2, [r3, #4]
  35:Lib/PWMSingle/PWMSingle.hpp ****             _htim->Init.Period = (SystemCoreClock / (period * (_htim->Init.Prescaler + 1))) - 1;
 244              		.loc 2 35 13 is_stmt 1 view .LVU47
 245              		.loc 2 35 64 is_stmt 0 view .LVU48
 246 0012 0268     		ldr	r2, [r0]
 247              		.loc 2 35 76 view .LVU49
ARM GAS  /var/folders/5c/srt4fy4j1pd641bjfx75k5000000gn/T//ccAR2VDp.s 			page 6


 248 0014 5368     		ldr	r3, [r2, #4]
 249              		.loc 2 35 61 view .LVU50
 250 0016 03FB0111 		mla	r1, r3, r1, r1
 251              	.LVL23:
 252              		.loc 2 35 51 view .LVU51
 253 001a 374B     		ldr	r3, .L35+8
 254 001c 1B68     		ldr	r3, [r3]
 255 001e B3FBF1F3 		udiv	r3, r3, r1
 256              		.loc 2 35 93 view .LVU52
 257 0022 013B     		subs	r3, r3, #1
 258              		.loc 2 35 32 view .LVU53
 259 0024 D360     		str	r3, [r2, #12]
  36:Lib/PWMSingle/PWMSingle.hpp ****             if (HAL_TIM_Base_Init(_htim) != HAL_OK) {
 260              		.loc 2 36 13 is_stmt 1 view .LVU54
 261              		.loc 2 36 34 is_stmt 0 view .LVU55
 262 0026 0068     		ldr	r0, [r0]
 263              	.LVL24:
 264              		.loc 2 36 34 view .LVU56
 265 0028 FFF7FEFF 		bl	HAL_TIM_Base_Init
 266              	.LVL25:
 267              		.loc 2 36 13 view .LVU57
 268 002c 58BB     		cbnz	r0, .L29
 269              	.L18:
  37:Lib/PWMSingle/PWMSingle.hpp ****                   Error_Handler();
  38:Lib/PWMSingle/PWMSingle.hpp ****             }
  39:Lib/PWMSingle/PWMSingle.hpp **** 
  40:Lib/PWMSingle/PWMSingle.hpp ****             float duty = (int)(0.1 * _htim->Init.Period);  // duty比を0.5にする
 270              		.loc 2 40 13 is_stmt 1 view .LVU58
 271              		.loc 2 40 38 is_stmt 0 view .LVU59
 272 002e D4F80080 		ldr	r8, [r4]
 273              		.loc 2 40 36 view .LVU60
 274 0032 D8F80C00 		ldr	r0, [r8, #12]
 275 0036 FFF7FEFF 		bl	__aeabi_ui2d
 276              	.LVL26:
 277 003a 2DA3     		adr	r3, .L35
 278 003c D3E90023 		ldrd	r2, [r3]
 279 0040 FFF7FEFF 		bl	__aeabi_dmul
 280              	.LVL27:
 281              		.loc 2 40 26 view .LVU61
 282 0044 FFF7FEFF 		bl	__aeabi_d2iz
 283              	.LVL28:
 284 0048 07EE900A 		vmov	s15, r0	@ int
 285              		.loc 2 40 19 view .LVU62
 286 004c F8EEE77A 		vcvt.f32.s32	s15, s15
 287              	.LVL29:
  41:Lib/PWMSingle/PWMSingle.hpp **** 
  42:Lib/PWMSingle/PWMSingle.hpp ****             // 出力
  43:Lib/PWMSingle/PWMSingle.hpp ****             __HAL_TIM_SET_COMPARE(_htim, _channel, duty);
 288              		.loc 2 43 13 is_stmt 1 view .LVU63
 289 0050 6368     		ldr	r3, [r4, #4]
 290 0052 DBB9     		cbnz	r3, .L19
 291              		.loc 2 43 13 is_stmt 0 discriminator 1 view .LVU64
 292 0054 D8F80030 		ldr	r3, [r8]
 293 0058 FCEEE77A 		vcvt.u32.f32	s15, s15
 294              	.LVL30:
 295              		.loc 2 43 13 discriminator 1 view .LVU65
 296 005c C3ED0D7A 		vstr.32	s15, [r3, #52]	@ int
ARM GAS  /var/folders/5c/srt4fy4j1pd641bjfx75k5000000gn/T//ccAR2VDp.s 			page 7


 297              	.L20:
  44:Lib/PWMSingle/PWMSingle.hpp ****             HAL_Delay(time);
 298              		.loc 2 44 13 is_stmt 1 view .LVU66
 299              		.loc 2 44 22 is_stmt 0 view .LVU67
 300 0060 2846     		mov	r0, r5
 301              	.LVL31:
 302              		.loc 2 44 22 view .LVU68
 303 0062 FFF7FEFF 		bl	HAL_Delay
 304              	.LVL32:
  45:Lib/PWMSingle/PWMSingle.hpp ****             __HAL_TIM_SET_COMPARE(_htim, _channel, 0);
 305              		.loc 2 45 13 is_stmt 1 view .LVU69
 306 0066 6368     		ldr	r3, [r4, #4]
 307 0068 4BBB     		cbnz	r3, .L23
 308              		.loc 2 45 13 is_stmt 0 discriminator 1 view .LVU70
 309 006a 2368     		ldr	r3, [r4]
 310 006c 1B68     		ldr	r3, [r3]
 311 006e 0022     		movs	r2, #0
 312 0070 5A63     		str	r2, [r3, #52]
 313              	.L24:
  46:Lib/PWMSingle/PWMSingle.hpp ****             _htim->Init.Prescaler = default_prescaler;
 314              		.loc 2 46 13 is_stmt 1 view .LVU71
 315 0072 2368     		ldr	r3, [r4]
 316              		.loc 2 46 35 is_stmt 0 view .LVU72
 317 0074 5F60     		str	r7, [r3, #4]
  47:Lib/PWMSingle/PWMSingle.hpp ****             _htim->Init.Period = default_period;
 318              		.loc 2 47 13 is_stmt 1 view .LVU73
 319 0076 2368     		ldr	r3, [r4]
 320              		.loc 2 47 32 is_stmt 0 view .LVU74
 321 0078 DE60     		str	r6, [r3, #12]
  48:Lib/PWMSingle/PWMSingle.hpp ****             if (HAL_TIM_Base_Init(_htim) != HAL_OK) {
 322              		.loc 2 48 13 is_stmt 1 view .LVU75
 323              		.loc 2 48 34 is_stmt 0 view .LVU76
 324 007a 2068     		ldr	r0, [r4]
 325 007c FFF7FEFF 		bl	HAL_TIM_Base_Init
 326              	.LVL33:
 327              		.loc 2 48 13 view .LVU77
 328 0080 80BB     		cbnz	r0, .L30
 329              	.L17:
  49:Lib/PWMSingle/PWMSingle.hpp ****                   Error_Handler();
  50:Lib/PWMSingle/PWMSingle.hpp ****             }
  51:Lib/PWMSingle/PWMSingle.hpp ****       }
 330              		.loc 2 51 7 view .LVU78
 331 0082 BDE8F081 		pop	{r4, r5, r6, r7, r8, pc}
 332              	.LVL34:
 333              	.L29:
  37:Lib/PWMSingle/PWMSingle.hpp ****             }
 334              		.loc 2 37 19 is_stmt 1 view .LVU79
  37:Lib/PWMSingle/PWMSingle.hpp ****             }
 335              		.loc 2 37 32 is_stmt 0 view .LVU80
 336 0086 FFF7FEFF 		bl	Error_Handler
 337              	.LVL35:
 338 008a D0E7     		b	.L18
 339              	.LVL36:
 340              	.L19:
  43:Lib/PWMSingle/PWMSingle.hpp ****             HAL_Delay(time);
 341              		.loc 2 43 13 discriminator 2 view .LVU81
 342 008c 042B     		cmp	r3, #4
ARM GAS  /var/folders/5c/srt4fy4j1pd641bjfx75k5000000gn/T//ccAR2VDp.s 			page 8


 343 008e 08D0     		beq	.L31
  43:Lib/PWMSingle/PWMSingle.hpp ****             HAL_Delay(time);
 344              		.loc 2 43 13 discriminator 4 view .LVU82
 345 0090 082B     		cmp	r3, #8
 346 0092 0DD0     		beq	.L32
  43:Lib/PWMSingle/PWMSingle.hpp ****             HAL_Delay(time);
 347              		.loc 2 43 13 discriminator 6 view .LVU83
 348 0094 D8F80030 		ldr	r3, [r8]
 349 0098 FCEEE77A 		vcvt.u32.f32	s15, s15
 350              	.LVL37:
  43:Lib/PWMSingle/PWMSingle.hpp ****             HAL_Delay(time);
 351              		.loc 2 43 13 discriminator 6 view .LVU84
 352 009c C3ED107A 		vstr.32	s15, [r3, #64]	@ int
 353 00a0 DEE7     		b	.L20
 354              	.LVL38:
 355              	.L31:
  43:Lib/PWMSingle/PWMSingle.hpp ****             HAL_Delay(time);
 356              		.loc 2 43 13 discriminator 3 view .LVU85
 357 00a2 D8F80030 		ldr	r3, [r8]
 358 00a6 FCEEE77A 		vcvt.u32.f32	s15, s15
 359              	.LVL39:
  43:Lib/PWMSingle/PWMSingle.hpp ****             HAL_Delay(time);
 360              		.loc 2 43 13 discriminator 3 view .LVU86
 361 00aa C3ED0E7A 		vstr.32	s15, [r3, #56]	@ int
 362 00ae D7E7     		b	.L20
 363              	.LVL40:
 364              	.L32:
  43:Lib/PWMSingle/PWMSingle.hpp ****             HAL_Delay(time);
 365              		.loc 2 43 13 discriminator 5 view .LVU87
 366 00b0 D8F80030 		ldr	r3, [r8]
 367 00b4 FCEEE77A 		vcvt.u32.f32	s15, s15
 368              	.LVL41:
  43:Lib/PWMSingle/PWMSingle.hpp ****             HAL_Delay(time);
 369              		.loc 2 43 13 discriminator 5 view .LVU88
 370 00b8 C3ED0F7A 		vstr.32	s15, [r3, #60]	@ int
 371 00bc D0E7     		b	.L20
 372              	.LVL42:
 373              	.L23:
  45:Lib/PWMSingle/PWMSingle.hpp ****             _htim->Init.Prescaler = default_prescaler;
 374              		.loc 2 45 13 discriminator 2 view .LVU89
 375 00be 042B     		cmp	r3, #4
 376 00c0 06D0     		beq	.L33
  45:Lib/PWMSingle/PWMSingle.hpp ****             _htim->Init.Prescaler = default_prescaler;
 377              		.loc 2 45 13 discriminator 4 view .LVU90
 378 00c2 082B     		cmp	r3, #8
 379 00c4 09D0     		beq	.L34
  45:Lib/PWMSingle/PWMSingle.hpp ****             _htim->Init.Prescaler = default_prescaler;
 380              		.loc 2 45 13 discriminator 6 view .LVU91
 381 00c6 2368     		ldr	r3, [r4]
 382 00c8 1B68     		ldr	r3, [r3]
 383 00ca 0022     		movs	r2, #0
 384 00cc 1A64     		str	r2, [r3, #64]
 385 00ce D0E7     		b	.L24
 386              	.L33:
  45:Lib/PWMSingle/PWMSingle.hpp ****             _htim->Init.Prescaler = default_prescaler;
 387              		.loc 2 45 13 discriminator 3 view .LVU92
 388 00d0 2368     		ldr	r3, [r4]
ARM GAS  /var/folders/5c/srt4fy4j1pd641bjfx75k5000000gn/T//ccAR2VDp.s 			page 9


 389 00d2 1B68     		ldr	r3, [r3]
 390 00d4 0022     		movs	r2, #0
 391 00d6 9A63     		str	r2, [r3, #56]
 392 00d8 CBE7     		b	.L24
 393              	.L34:
  45:Lib/PWMSingle/PWMSingle.hpp ****             _htim->Init.Prescaler = default_prescaler;
 394              		.loc 2 45 13 discriminator 5 view .LVU93
 395 00da 2368     		ldr	r3, [r4]
 396 00dc 1B68     		ldr	r3, [r3]
 397 00de 0022     		movs	r2, #0
 398 00e0 DA63     		str	r2, [r3, #60]
 399 00e2 C6E7     		b	.L24
 400              	.L30:
  49:Lib/PWMSingle/PWMSingle.hpp ****             }
 401              		.loc 2 49 19 is_stmt 1 view .LVU94
  49:Lib/PWMSingle/PWMSingle.hpp ****             }
 402              		.loc 2 49 32 is_stmt 0 view .LVU95
 403 00e4 FFF7FEFF 		bl	Error_Handler
 404              	.LVL43:
 405              		.loc 2 51 7 view .LVU96
 406 00e8 CBE7     		b	.L17
 407              	.L36:
 408 00ea 00BFAFF3 		.align	3
 408      0080
 409              	.L35:
 410 00f0 9A999999 		.word	-1717986918
 411 00f4 9999B93F 		.word	1069128089
 412 00f8 00000000 		.word	SystemCoreClock
 413              		.cfi_endproc
 414              	.LFE248:
 415              		.fnend
 417              		.section	.text._ZN10MotorDriveC2EP12PwmSingleOutS1_S1_S1_S1_S1_S1_S1_PsPh,"ax",%progbits
 418              		.align	1
 419              		.global	_ZN10MotorDriveC2EP12PwmSingleOutS1_S1_S1_S1_S1_S1_S1_PsPh
 420              		.syntax unified
 421              		.thumb
 422              		.thumb_func
 424              	_ZN10MotorDriveC2EP12PwmSingleOutS1_S1_S1_S1_S1_S1_S1_PsPh:
 425              		.fnstart
 426              	.LVL44:
 427              	.LFB250:
   1:src/unit/motor_drive/motor_drive.cpp **** #include "motor_drive.hpp"
   2:src/unit/motor_drive/motor_drive.cpp **** 
   3:src/unit/motor_drive/motor_drive.cpp **** int debug;
   4:src/unit/motor_drive/motor_drive.cpp **** 
   5:src/unit/motor_drive/motor_drive.cpp **** MotorDrive::MotorDrive(PwmSingleOut *motor1a, PwmSingleOut *motor1b,
 428              		.loc 1 5 1 is_stmt 1 view -0
 429              		.cfi_startproc
 430              		@ args = 28, pretend = 0, frame = 0
 431              		@ frame_needed = 0, uses_anonymous_args = 0
 432              		.loc 1 5 1 is_stmt 0 view .LVU98
 433 0000 F8B5     		push	{r3, r4, r5, r6, r7, lr}
 434              		.save {r3, r4, r5, r6, r7, lr}
 435              	.LCFI3:
 436              		.cfi_def_cfa_offset 24
 437              		.cfi_offset 3, -24
 438              		.cfi_offset 4, -20
ARM GAS  /var/folders/5c/srt4fy4j1pd641bjfx75k5000000gn/T//ccAR2VDp.s 			page 10


 439              		.cfi_offset 5, -16
 440              		.cfi_offset 6, -12
 441              		.cfi_offset 7, -8
 442              		.cfi_offset 14, -4
 443 0002 0646     		mov	r6, r0
 444              	.LBB2:
   6:src/unit/motor_drive/motor_drive.cpp ****                        PwmSingleOut *motor2a, PwmSingleOut *motor2b,
   7:src/unit/motor_drive/motor_drive.cpp ****                        PwmSingleOut *motor3a, PwmSingleOut *motor3b,
   8:src/unit/motor_drive/motor_drive.cpp ****                        PwmSingleOut *motor4a, PwmSingleOut *motor4b,
   9:src/unit/motor_drive/motor_drive.cpp ****                        int16_t *yaw, uint8_t *motor_rps)
  10:src/unit/motor_drive/motor_drive.cpp ****     : motor1a_(motor1a), motor1b_(motor1b), motor2a_(motor2a), motor2b_(motor2b), motor3a_(motor3a)
 445              		.loc 1 10 7 view .LVU99
 446 0004 0160     		str	r1, [r0]
 447              		.loc 1 10 26 view .LVU100
 448 0006 4260     		str	r2, [r0, #4]
 449              		.loc 1 10 45 view .LVU101
 450 0008 8360     		str	r3, [r0, #8]
 451              		.loc 1 10 64 view .LVU102
 452 000a 069B     		ldr	r3, [sp, #24]
 453              	.LVL45:
 454              		.loc 1 10 64 view .LVU103
 455 000c C360     		str	r3, [r0, #12]
 456              		.loc 1 10 83 view .LVU104
 457 000e 079B     		ldr	r3, [sp, #28]
 458 0010 0361     		str	r3, [r0, #16]
 459              		.loc 1 10 102 view .LVU105
 460 0012 089B     		ldr	r3, [sp, #32]
 461 0014 4361     		str	r3, [r0, #20]
 462              		.loc 1 10 121 view .LVU106
 463 0016 099B     		ldr	r3, [sp, #36]
 464 0018 8361     		str	r3, [r0, #24]
 465              		.loc 1 10 140 view .LVU107
 466 001a 0A9B     		ldr	r3, [sp, #40]
 467 001c C361     		str	r3, [r0, #28]
 468              		.loc 1 10 156 view .LVU108
 469 001e 00F5D465 		add	r5, r0, #1696
 470 0022 0324     		movs	r4, #3
 471 0024 04E0     		b	.L38
 472              	.LVL46:
 473              	.L39:
 474              		.loc 1 10 156 discriminator 3 view .LVU109
 475 0026 2846     		mov	r0, r5
 476 0028 FFF7FEFF 		bl	_ZN3PIDC1Ev
 477              	.LVL47:
 478 002c 013C     		subs	r4, r4, #1
 479 002e 5835     		adds	r5, r5, #88
 480              	.L38:
 481              		.loc 1 10 156 is_stmt 1 discriminator 1 view .LVU110
 482 0030 002C     		cmp	r4, #0
 483 0032 F8DA     		bge	.L39
 484              		.loc 1 10 156 is_stmt 0 discriminator 4 view .LVU111
 485 0034 06F50067 		add	r7, r6, #2048
 486 0038 3846     		mov	r0, r7
 487 003a FFF7FEFF 		bl	_ZN3PIDC1Ev
 488              	.LVL48:
 489 003e 06F50660 		add	r0, r6, #2144
 490 0042 FFF7FEFF 		bl	_ZN5TimerC1Ev
ARM GAS  /var/folders/5c/srt4fy4j1pd641bjfx75k5000000gn/T//ccAR2VDp.s 			page 11


 491              	.LVL49:
 492              	.LBB3:
  11:src/unit/motor_drive/motor_drive.cpp ****       this->yaw_ = yaw;
 493              		.loc 1 11 7 is_stmt 1 discriminator 4 view .LVU112
 494              		.loc 1 11 18 is_stmt 0 discriminator 4 view .LVU113
 495 0046 0B9B     		ldr	r3, [sp, #44]
 496 0048 C6F85838 		str	r3, [r6, #2136]
  12:src/unit/motor_drive/motor_drive.cpp ****       this->motor_rps_ = motor_rps;
 497              		.loc 1 12 7 is_stmt 1 discriminator 4 view .LVU114
 498              		.loc 1 12 24 is_stmt 0 discriminator 4 view .LVU115
 499 004c 0C9B     		ldr	r3, [sp, #48]
 500 004e C6F85C38 		str	r3, [r6, #2140]
  13:src/unit/motor_drive/motor_drive.cpp ****       for (uint8_t i = 0; i < MOTOR_QTY; i++) {
 501              		.loc 1 13 7 is_stmt 1 discriminator 4 view .LVU116
 502              	.LVL50:
 503              	.LBB4:
 504              		.loc 1 13 20 is_stmt 0 discriminator 4 view .LVU117
 505 0052 0025     		movs	r5, #0
 506              		.loc 1 13 7 discriminator 4 view .LVU118
 507 0054 27E0     		b	.L40
 508              	.LVL51:
 509              	.L41:
  14:src/unit/motor_drive/motor_drive.cpp ****             motor_ave[i].SetLength(MOVING_AVE_NUM);
 510              		.loc 1 14 13 is_stmt 1 discriminator 3 view .LVU119
 511              		.loc 1 14 35 is_stmt 0 discriminator 3 view .LVU120
 512 0056 4FF4D070 		mov	r0, #416
 513 005a 05FB00F0 		mul	r0, r5, r0
 514 005e 2030     		adds	r0, r0, #32
 515 0060 0521     		movs	r1, #5
 516 0062 3044     		add	r0, r0, r6
 517 0064 FFF7FEFF 		bl	_ZN9MovingAve9SetLengthEh
 518              	.LVL52:
  15:src/unit/motor_drive/motor_drive.cpp ****             motor_pid[i].SetGain(10, 25, 0.2);
 519              		.loc 1 15 13 is_stmt 1 discriminator 3 view .LVU121
 520              		.loc 1 15 33 is_stmt 0 discriminator 3 view .LVU122
 521 0068 5824     		movs	r4, #88
 522 006a 05FB04F4 		mul	r4, r5, r4
 523 006e 04F5D464 		add	r4, r4, #1696
 524 0072 3444     		add	r4, r4, r6
 525 0074 9FED161A 		vldr.32	s2, .L43
 526 0078 F3EE090A 		vmov.f32	s1, #2.5e+1
 527 007c B2EE040A 		vmov.f32	s0, #1.0e+1
 528 0080 2046     		mov	r0, r4
 529 0082 FFF7FEFF 		bl	_ZN3PID7SetGainEfff
 530              	.LVL53:
  16:src/unit/motor_drive/motor_drive.cpp ****             motor_pid[i].SetLimit(1000);
 531              		.loc 1 16 13 is_stmt 1 discriminator 3 view .LVU123
 532              		.loc 1 16 34 is_stmt 0 discriminator 3 view .LVU124
 533 0086 4FF47A71 		mov	r1, #1000
 534 008a 2046     		mov	r0, r4
 535 008c FFF7FEFF 		bl	_ZN3PID8SetLimitEt
 536              	.LVL54:
  17:src/unit/motor_drive/motor_drive.cpp ****             motor_pid[i].SetSamplingFreq(1000);
 537              		.loc 1 17 13 is_stmt 1 discriminator 3 view .LVU125
 538              		.loc 1 17 41 is_stmt 0 discriminator 3 view .LVU126
 539 0090 4FF47A71 		mov	r1, #1000
 540 0094 2046     		mov	r0, r4
ARM GAS  /var/folders/5c/srt4fy4j1pd641bjfx75k5000000gn/T//ccAR2VDp.s 			page 12


 541 0096 FFF7FEFF 		bl	_ZN3PID15SetSamplingFreqEt
 542              	.LVL55:
  18:src/unit/motor_drive/motor_drive.cpp ****             motor_pid[i].SetType(1);
 543              		.loc 1 18 13 is_stmt 1 discriminator 3 view .LVU127
 544              		.loc 1 18 33 is_stmt 0 discriminator 3 view .LVU128
 545 009a 0121     		movs	r1, #1
 546 009c 2046     		mov	r0, r4
 547 009e FFF7FEFF 		bl	_ZN3PID7SetTypeEh
 548              	.LVL56:
  13:src/unit/motor_drive/motor_drive.cpp ****             motor_ave[i].SetLength(MOVING_AVE_NUM);
 549              		.loc 1 13 7 is_stmt 1 discriminator 3 view .LVU129
 550 00a2 0135     		adds	r5, r5, #1
 551              	.LVL57:
  13:src/unit/motor_drive/motor_drive.cpp ****             motor_ave[i].SetLength(MOVING_AVE_NUM);
 552              		.loc 1 13 7 is_stmt 0 discriminator 3 view .LVU130
 553 00a4 EDB2     		uxtb	r5, r5
 554              	.LVL58:
 555              	.L40:
  13:src/unit/motor_drive/motor_drive.cpp ****             motor_ave[i].SetLength(MOVING_AVE_NUM);
 556              		.loc 1 13 29 is_stmt 1 discriminator 1 view .LVU131
 557 00a6 032D     		cmp	r5, #3
 558 00a8 D5D9     		bls	.L41
 559              	.LBE4:
  19:src/unit/motor_drive/motor_drive.cpp ****       }
  20:src/unit/motor_drive/motor_drive.cpp **** 
  21:src/unit/motor_drive/motor_drive.cpp ****       pid.SetGain(4, 0.5, 0.2);
 560              		.loc 1 21 7 view .LVU132
 561              		.loc 1 21 18 is_stmt 0 view .LVU133
 562 00aa 9FED091A 		vldr.32	s2, .L43
 563 00ae F6EE000A 		vmov.f32	s1, #5.0e-1
 564 00b2 B1EE000A 		vmov.f32	s0, #4.0e+0
 565 00b6 3846     		mov	r0, r7
 566 00b8 FFF7FEFF 		bl	_ZN3PID7SetGainEfff
 567              	.LVL59:
  22:src/unit/motor_drive/motor_drive.cpp ****       pid.SetLimit(150);
 568              		.loc 1 22 7 is_stmt 1 view .LVU134
 569              		.loc 1 22 19 is_stmt 0 view .LVU135
 570 00bc 9621     		movs	r1, #150
 571 00be 3846     		mov	r0, r7
 572 00c0 FFF7FEFF 		bl	_ZN3PID8SetLimitEt
 573              	.LVL60:
  23:src/unit/motor_drive/motor_drive.cpp ****       pid.SetSamplingFreq(100);
 574              		.loc 1 23 7 is_stmt 1 view .LVU136
 575              		.loc 1 23 26 is_stmt 0 view .LVU137
 576 00c4 6421     		movs	r1, #100
 577 00c6 3846     		mov	r0, r7
 578 00c8 FFF7FEFF 		bl	_ZN3PID15SetSamplingFreqEt
 579              	.LVL61:
 580              	.LBE3:
 581              	.LBE2:
  24:src/unit/motor_drive/motor_drive.cpp **** }
 582              		.loc 1 24 1 view .LVU138
 583 00cc 3046     		mov	r0, r6
 584 00ce F8BD     		pop	{r3, r4, r5, r6, r7, pc}
 585              	.LVL62:
 586              	.L44:
 587              		.loc 1 24 1 view .LVU139
ARM GAS  /var/folders/5c/srt4fy4j1pd641bjfx75k5000000gn/T//ccAR2VDp.s 			page 13


 588              		.align	2
 589              	.L43:
 590 00d0 CDCC4C3E 		.word	1045220557
 591              		.cfi_endproc
 592              	.LFE250:
 593              		.fnend
 595              		.global	_ZN10MotorDriveC1EP12PwmSingleOutS1_S1_S1_S1_S1_S1_S1_PsPh
 596              		.thumb_set _ZN10MotorDriveC1EP12PwmSingleOutS1_S1_S1_S1_S1_S1_S1_PsPh,_ZN10MotorDriveC2EP12PwmSing
 597              		.section	.text._ZN10MotorDrive4InitEv,"ax",%progbits
 598              		.align	1
 599              		.global	_ZN10MotorDrive4InitEv
 600              		.syntax unified
 601              		.thumb
 602              		.thumb_func
 604              	_ZN10MotorDrive4InitEv:
 605              		.fnstart
 606              	.LVL63:
 607              	.LFB252:
  25:src/unit/motor_drive/motor_drive.cpp **** 
  26:src/unit/motor_drive/motor_drive.cpp **** void MotorDrive::Init() {
 608              		.loc 1 26 25 is_stmt 1 view -0
 609              		.cfi_startproc
 610              		@ args = 0, pretend = 0, frame = 0
 611              		@ frame_needed = 0, uses_anonymous_args = 0
 612              		.loc 1 26 25 is_stmt 0 view .LVU141
 613 0000 10B5     		push	{r4, lr}
 614              		.save {r4, lr}
 615              	.LCFI4:
 616              		.cfi_def_cfa_offset 8
 617              		.cfi_offset 4, -8
 618              		.cfi_offset 14, -4
 619 0002 0446     		mov	r4, r0
  27:src/unit/motor_drive/motor_drive.cpp ****       motor1a_->init();
 620              		.loc 1 27 7 is_stmt 1 view .LVU142
 621              		.loc 1 27 21 is_stmt 0 view .LVU143
 622 0004 0068     		ldr	r0, [r0]
 623              	.LVL64:
 624              		.loc 1 27 21 view .LVU144
 625 0006 FFF7FEFF 		bl	_ZN12PwmSingleOut4initEv
 626              	.LVL65:
  28:src/unit/motor_drive/motor_drive.cpp ****       motor1b_->init();
 627              		.loc 1 28 7 is_stmt 1 view .LVU145
 628              		.loc 1 28 21 is_stmt 0 view .LVU146
 629 000a 6068     		ldr	r0, [r4, #4]
 630 000c FFF7FEFF 		bl	_ZN12PwmSingleOut4initEv
 631              	.LVL66:
  29:src/unit/motor_drive/motor_drive.cpp ****       motor2a_->init();
 632              		.loc 1 29 7 is_stmt 1 view .LVU147
 633              		.loc 1 29 21 is_stmt 0 view .LVU148
 634 0010 A068     		ldr	r0, [r4, #8]
 635 0012 FFF7FEFF 		bl	_ZN12PwmSingleOut4initEv
 636              	.LVL67:
  30:src/unit/motor_drive/motor_drive.cpp ****       motor2b_->init();
 637              		.loc 1 30 7 is_stmt 1 view .LVU149
 638              		.loc 1 30 21 is_stmt 0 view .LVU150
 639 0016 E068     		ldr	r0, [r4, #12]
 640 0018 FFF7FEFF 		bl	_ZN12PwmSingleOut4initEv
ARM GAS  /var/folders/5c/srt4fy4j1pd641bjfx75k5000000gn/T//ccAR2VDp.s 			page 14


 641              	.LVL68:
  31:src/unit/motor_drive/motor_drive.cpp ****       motor3a_->init();
 642              		.loc 1 31 7 is_stmt 1 view .LVU151
 643              		.loc 1 31 21 is_stmt 0 view .LVU152
 644 001c 2069     		ldr	r0, [r4, #16]
 645 001e FFF7FEFF 		bl	_ZN12PwmSingleOut4initEv
 646              	.LVL69:
  32:src/unit/motor_drive/motor_drive.cpp ****       motor3b_->init();
 647              		.loc 1 32 7 is_stmt 1 view .LVU153
 648              		.loc 1 32 21 is_stmt 0 view .LVU154
 649 0022 6069     		ldr	r0, [r4, #20]
 650 0024 FFF7FEFF 		bl	_ZN12PwmSingleOut4initEv
 651              	.LVL70:
  33:src/unit/motor_drive/motor_drive.cpp ****       motor4a_->init();
 652              		.loc 1 33 7 is_stmt 1 view .LVU155
 653              		.loc 1 33 21 is_stmt 0 view .LVU156
 654 0028 A069     		ldr	r0, [r4, #24]
 655 002a FFF7FEFF 		bl	_ZN12PwmSingleOut4initEv
 656              	.LVL71:
  34:src/unit/motor_drive/motor_drive.cpp ****       motor4b_->init();
 657              		.loc 1 34 7 is_stmt 1 view .LVU157
 658              		.loc 1 34 21 is_stmt 0 view .LVU158
 659 002e E069     		ldr	r0, [r4, #28]
 660 0030 FFF7FEFF 		bl	_ZN12PwmSingleOut4initEv
 661              	.LVL72:
  35:src/unit/motor_drive/motor_drive.cpp **** }
 662              		.loc 1 35 1 view .LVU159
 663 0034 10BD     		pop	{r4, pc}
 664              		.loc 1 35 1 view .LVU160
 665              		.cfi_endproc
 666              	.LFE252:
 667              		.fnend
 669              		.section	.text._ZN10MotorDrive3RunEssss,"ax",%progbits
 670              		.align	1
 671              		.global	_ZN10MotorDrive3RunEssss
 672              		.syntax unified
 673              		.thumb
 674              		.thumb_func
 676              	_ZN10MotorDrive3RunEssss:
 677              		.fnstart
 678              	.LVL73:
 679              	.LFB254:
  36:src/unit/motor_drive/motor_drive.cpp **** 
  37:src/unit/motor_drive/motor_drive.cpp **** void MotorDrive::Drive(int16_t deg, uint8_t speed) {
  38:src/unit/motor_drive/motor_drive.cpp ****       int16_t power[MOTOR_QTY];
  39:src/unit/motor_drive/motor_drive.cpp **** 
  40:src/unit/motor_drive/motor_drive.cpp ****       for (uint8_t i = 0; i < MOTOR_QTY; i++) {
  41:src/unit/motor_drive/motor_drive.cpp ****             power[i] = MyMath::sinDeg(deg - (45 + (90 * i))) * speed;
  42:src/unit/motor_drive/motor_drive.cpp ****       }
  43:src/unit/motor_drive/motor_drive.cpp **** 
  44:src/unit/motor_drive/motor_drive.cpp ****       // 補正
  45:src/unit/motor_drive/motor_drive.cpp ****       uint8_t max_power = 0;
  46:src/unit/motor_drive/motor_drive.cpp ****       for (uint8_t i = 0; i < MOTOR_QTY; i++) {
  47:src/unit/motor_drive/motor_drive.cpp ****             if (max_power < abs(power[i])) max_power = abs(power[i]);
  48:src/unit/motor_drive/motor_drive.cpp ****       }
  49:src/unit/motor_drive/motor_drive.cpp ****       for (uint8_t i = 0; i < MOTOR_QTY; i++) {
  50:src/unit/motor_drive/motor_drive.cpp ****             power[i] *= float(speed) / max_power;
ARM GAS  /var/folders/5c/srt4fy4j1pd641bjfx75k5000000gn/T//ccAR2VDp.s 			page 15


  51:src/unit/motor_drive/motor_drive.cpp ****       }
  52:src/unit/motor_drive/motor_drive.cpp **** 
  53:src/unit/motor_drive/motor_drive.cpp ****       // PIDで姿勢制御
  54:src/unit/motor_drive/motor_drive.cpp **** 
  55:src/unit/motor_drive/motor_drive.cpp ****       pid.Compute(0, *yaw_);
  56:src/unit/motor_drive/motor_drive.cpp ****       for (uint8_t i = 0; i < MOTOR_QTY; i++) {
  57:src/unit/motor_drive/motor_drive.cpp ****             power[i] -= pid.Get();
  58:src/unit/motor_drive/motor_drive.cpp ****       }
  59:src/unit/motor_drive/motor_drive.cpp **** 
  60:src/unit/motor_drive/motor_drive.cpp ****       for (uint8_t i = 0; i < MOTOR_QTY; i++) {
  61:src/unit/motor_drive/motor_drive.cpp ****             motor_pid[i].Compute(motor_rps_[i], abs(power[i]));
  62:src/unit/motor_drive/motor_drive.cpp ****             if (power[i] > 0) {
  63:src/unit/motor_drive/motor_drive.cpp ****                   power[i] = motor_pid[i].Get();
  64:src/unit/motor_drive/motor_drive.cpp ****                   if (power[i] < MIN_POWER) power[i] = MIN_POWER;
  65:src/unit/motor_drive/motor_drive.cpp ****             } else {
  66:src/unit/motor_drive/motor_drive.cpp ****                   power[i] = motor_pid[i].Get() * -1;
  67:src/unit/motor_drive/motor_drive.cpp ****                   if (power[i] > -1 * MIN_POWER) power[i] = -1 * MIN_POWER;
  68:src/unit/motor_drive/motor_drive.cpp ****             }
  69:src/unit/motor_drive/motor_drive.cpp ****       }
  70:src/unit/motor_drive/motor_drive.cpp ****       // 移動平均
  71:src/unit/motor_drive/motor_drive.cpp ****       for (uint8_t i = 0; i < MOTOR_QTY; i++) {
  72:src/unit/motor_drive/motor_drive.cpp ****             motor_ave[i].Compute(power[i]);
  73:src/unit/motor_drive/motor_drive.cpp ****             power[i] = motor_ave[i].Get();
  74:src/unit/motor_drive/motor_drive.cpp ****       }
  75:src/unit/motor_drive/motor_drive.cpp **** 
  76:src/unit/motor_drive/motor_drive.cpp ****       Run(power[0], power[1], power[2], power[3]);
  77:src/unit/motor_drive/motor_drive.cpp **** }
  78:src/unit/motor_drive/motor_drive.cpp **** 
  79:src/unit/motor_drive/motor_drive.cpp **** void MotorDrive::Run(int16_t motor1, int16_t motor2, int16_t motor3, int16_t motor4) {
 680              		.loc 1 79 86 is_stmt 1 view -0
 681              		.cfi_startproc
 682              		@ args = 4, pretend = 0, frame = 0
 683              		@ frame_needed = 0, uses_anonymous_args = 0
 684              		.loc 1 79 86 is_stmt 0 view .LVU162
 685 0000 2DE9F041 		push	{r4, r5, r6, r7, r8, lr}
 686              	.LCFI5:
 687              		.cfi_def_cfa_offset 24
 688              		.cfi_offset 4, -24
 689              		.cfi_offset 5, -20
 690              		.cfi_offset 6, -16
 691              		.cfi_offset 7, -12
 692              		.cfi_offset 8, -8
 693              		.cfi_offset 14, -4
 694 0004 0446     		mov	r4, r0
 695 0006 0F46     		mov	r7, r1
 696 0008 1646     		mov	r6, r2
 697 000a 1D46     		mov	r5, r3
 698 000c BDF91880 		ldrsh	r8, [sp, #24]
  80:src/unit/motor_drive/motor_drive.cpp ****       // Init();
  81:src/unit/motor_drive/motor_drive.cpp ****       if (abs(motor1) > 1000) motor1 = motor1 * (abs(motor1) / motor1);
 699              		.loc 1 81 7 is_stmt 1 view .LVU163
 700              		.loc 1 81 11 is_stmt 0 view .LVU164
 701 0010 81EAE173 		eor	r3, r1, r1, asr #31
 702              	.LVL74:
 703              		.loc 1 81 11 view .LVU165
 704 0014 A3EBE173 		sub	r3, r3, r1, asr #31
 705 0018 9BB2     		uxth	r3, r3
ARM GAS  /var/folders/5c/srt4fy4j1pd641bjfx75k5000000gn/T//ccAR2VDp.s 			page 16


 706              		.loc 1 81 7 view .LVU166
 707 001a B3F57A7F 		cmp	r3, #1000
 708 001e 04D9     		bls	.L48
 709              		.loc 1 81 31 is_stmt 1 discriminator 1 view .LVU167
 710              		.loc 1 81 62 is_stmt 0 discriminator 1 view .LVU168
 711 0020 93FBF1F3 		sdiv	r3, r3, r1
 712              		.loc 1 81 38 discriminator 1 view .LVU169
 713 0024 13FB01F3 		smulbb	r3, r3, r1
 714 0028 1FB2     		sxth	r7, r3
 715              	.LVL75:
 716              	.L48:
  82:src/unit/motor_drive/motor_drive.cpp ****       if (abs(motor2) > 1000) motor2 = motor2 * (abs(motor2) / motor2);
 717              		.loc 1 82 7 is_stmt 1 view .LVU170
 718              		.loc 1 82 11 is_stmt 0 view .LVU171
 719 002a 86EAE673 		eor	r3, r6, r6, asr #31
 720 002e A3EBE673 		sub	r3, r3, r6, asr #31
 721 0032 9BB2     		uxth	r3, r3
 722              		.loc 1 82 7 view .LVU172
 723 0034 B3F57A7F 		cmp	r3, #1000
 724 0038 04D9     		bls	.L49
 725              		.loc 1 82 31 is_stmt 1 discriminator 1 view .LVU173
 726              		.loc 1 82 62 is_stmt 0 discriminator 1 view .LVU174
 727 003a 93FBF6F3 		sdiv	r3, r3, r6
 728              		.loc 1 82 38 discriminator 1 view .LVU175
 729 003e 13FB06F3 		smulbb	r3, r3, r6
 730 0042 1EB2     		sxth	r6, r3
 731              	.LVL76:
 732              	.L49:
  83:src/unit/motor_drive/motor_drive.cpp ****       if (abs(motor3) > 1000) motor3 = motor3 * (abs(motor3) / motor3);
 733              		.loc 1 83 7 is_stmt 1 view .LVU176
 734              		.loc 1 83 11 is_stmt 0 view .LVU177
 735 0044 85EAE573 		eor	r3, r5, r5, asr #31
 736 0048 A3EBE573 		sub	r3, r3, r5, asr #31
 737 004c 9BB2     		uxth	r3, r3
 738              		.loc 1 83 7 view .LVU178
 739 004e B3F57A7F 		cmp	r3, #1000
 740 0052 04D9     		bls	.L50
 741              		.loc 1 83 31 is_stmt 1 discriminator 1 view .LVU179
 742              		.loc 1 83 62 is_stmt 0 discriminator 1 view .LVU180
 743 0054 93FBF5F3 		sdiv	r3, r3, r5
 744              		.loc 1 83 38 discriminator 1 view .LVU181
 745 0058 13FB05F3 		smulbb	r3, r3, r5
 746 005c 1DB2     		sxth	r5, r3
 747              	.LVL77:
 748              	.L50:
  84:src/unit/motor_drive/motor_drive.cpp ****       if (abs(motor4) > 1000) motor4 = motor4 * (abs(motor4) / motor4);
 749              		.loc 1 84 7 is_stmt 1 view .LVU182
 750              		.loc 1 84 11 is_stmt 0 view .LVU183
 751 005e 88EAE873 		eor	r3, r8, r8, asr #31
 752 0062 A3EBE873 		sub	r3, r3, r8, asr #31
 753 0066 9BB2     		uxth	r3, r3
 754              		.loc 1 84 7 view .LVU184
 755 0068 B3F57A7F 		cmp	r3, #1000
 756 006c 05D9     		bls	.L51
 757              		.loc 1 84 31 is_stmt 1 discriminator 1 view .LVU185
 758              		.loc 1 84 62 is_stmt 0 discriminator 1 view .LVU186
 759 006e 93FBF8F3 		sdiv	r3, r3, r8
ARM GAS  /var/folders/5c/srt4fy4j1pd641bjfx75k5000000gn/T//ccAR2VDp.s 			page 17


 760              		.loc 1 84 38 discriminator 1 view .LVU187
 761 0072 13FB08F3 		smulbb	r3, r3, r8
 762 0076 0FFA83F8 		sxth	r8, r3
 763              	.LVL78:
 764              	.L51:
  85:src/unit/motor_drive/motor_drive.cpp ****       if (motor1 > 0) {
 765              		.loc 1 85 7 is_stmt 1 view .LVU188
 766 007a 002F     		cmp	r7, #0
 767 007c 48DD     		ble	.L52
  86:src/unit/motor_drive/motor_drive.cpp ****             motor1a_->write(motor1 * 0.001f);
 768              		.loc 1 86 13 view .LVU189
 769              		.loc 1 86 28 is_stmt 0 view .LVU190
 770 007e 07EE907A 		vmov	s15, r7	@ int
 771 0082 B8EEE70A 		vcvt.f32.s32	s0, s15
 772 0086 DFED447A 		vldr.32	s15, .L61
 773 008a 20EE270A 		vmul.f32	s0, s0, s15
 774 008e 2068     		ldr	r0, [r4]
 775              	.LVL79:
 776              		.loc 1 86 28 view .LVU191
 777 0090 FFF7FEFF 		bl	_ZN12PwmSingleOut5writeEf
 778              	.LVL80:
  87:src/unit/motor_drive/motor_drive.cpp ****             motor1b_->write(0);
 779              		.loc 1 87 13 is_stmt 1 view .LVU192
 780              		.loc 1 87 28 is_stmt 0 view .LVU193
 781 0094 9FED410A 		vldr.32	s0, .L61+4
 782 0098 6068     		ldr	r0, [r4, #4]
 783 009a FFF7FEFF 		bl	_ZN12PwmSingleOut5writeEf
 784              	.LVL81:
 785              	.L53:
  88:src/unit/motor_drive/motor_drive.cpp ****       } else {
  89:src/unit/motor_drive/motor_drive.cpp ****             motor1a_->write(0);
  90:src/unit/motor_drive/motor_drive.cpp ****             motor1b_->write(motor1 * -0.001f);
  91:src/unit/motor_drive/motor_drive.cpp ****       }
  92:src/unit/motor_drive/motor_drive.cpp ****       if (motor2 > 0) {
 786              		.loc 1 92 7 is_stmt 1 view .LVU194
 787 009e 002E     		cmp	r6, #0
 788 00a0 47DD     		ble	.L54
  93:src/unit/motor_drive/motor_drive.cpp ****             motor2a_->write(motor2 * 0.001f);
 789              		.loc 1 93 13 view .LVU195
 790              		.loc 1 93 28 is_stmt 0 view .LVU196
 791 00a2 07EE906A 		vmov	s15, r6	@ int
 792 00a6 B8EEE70A 		vcvt.f32.s32	s0, s15
 793 00aa DFED3B7A 		vldr.32	s15, .L61
 794 00ae 20EE270A 		vmul.f32	s0, s0, s15
 795 00b2 A068     		ldr	r0, [r4, #8]
 796 00b4 FFF7FEFF 		bl	_ZN12PwmSingleOut5writeEf
 797              	.LVL82:
  94:src/unit/motor_drive/motor_drive.cpp ****             motor2b_->write(0);
 798              		.loc 1 94 13 is_stmt 1 view .LVU197
 799              		.loc 1 94 28 is_stmt 0 view .LVU198
 800 00b8 9FED380A 		vldr.32	s0, .L61+4
 801 00bc E068     		ldr	r0, [r4, #12]
 802 00be FFF7FEFF 		bl	_ZN12PwmSingleOut5writeEf
 803              	.LVL83:
 804              	.L55:
  95:src/unit/motor_drive/motor_drive.cpp ****       } else {
  96:src/unit/motor_drive/motor_drive.cpp ****             motor2a_->write(0);
ARM GAS  /var/folders/5c/srt4fy4j1pd641bjfx75k5000000gn/T//ccAR2VDp.s 			page 18


  97:src/unit/motor_drive/motor_drive.cpp ****             motor2b_->write(motor2 * -0.001f);
  98:src/unit/motor_drive/motor_drive.cpp ****       }
  99:src/unit/motor_drive/motor_drive.cpp ****       if (motor3 > 0) {
 805              		.loc 1 99 7 is_stmt 1 view .LVU199
 806 00c2 002D     		cmp	r5, #0
 807 00c4 46DD     		ble	.L56
 100:src/unit/motor_drive/motor_drive.cpp ****             motor3a_->write(motor3 * 0.001f);
 808              		.loc 1 100 13 view .LVU200
 809              		.loc 1 100 28 is_stmt 0 view .LVU201
 810 00c6 07EE905A 		vmov	s15, r5	@ int
 811 00ca B8EEE70A 		vcvt.f32.s32	s0, s15
 812 00ce DFED327A 		vldr.32	s15, .L61
 813 00d2 20EE270A 		vmul.f32	s0, s0, s15
 814 00d6 2069     		ldr	r0, [r4, #16]
 815 00d8 FFF7FEFF 		bl	_ZN12PwmSingleOut5writeEf
 816              	.LVL84:
 101:src/unit/motor_drive/motor_drive.cpp ****             motor3b_->write(0);
 817              		.loc 1 101 13 is_stmt 1 view .LVU202
 818              		.loc 1 101 28 is_stmt 0 view .LVU203
 819 00dc 9FED2F0A 		vldr.32	s0, .L61+4
 820 00e0 6069     		ldr	r0, [r4, #20]
 821 00e2 FFF7FEFF 		bl	_ZN12PwmSingleOut5writeEf
 822              	.LVL85:
 823              	.L57:
 102:src/unit/motor_drive/motor_drive.cpp ****       } else {
 103:src/unit/motor_drive/motor_drive.cpp ****             motor3a_->write(0);
 104:src/unit/motor_drive/motor_drive.cpp ****             motor3b_->write(motor3 * -0.001f);
 105:src/unit/motor_drive/motor_drive.cpp ****       }
 106:src/unit/motor_drive/motor_drive.cpp ****       if (motor4 > 0) {
 824              		.loc 1 106 7 is_stmt 1 view .LVU204
 825 00e6 B8F1000F 		cmp	r8, #0
 826 00ea 44DD     		ble	.L58
 107:src/unit/motor_drive/motor_drive.cpp ****             motor4a_->write(motor4 * 0.001f);
 827              		.loc 1 107 13 view .LVU205
 828              		.loc 1 107 28 is_stmt 0 view .LVU206
 829 00ec 07EE908A 		vmov	s15, r8	@ int
 830 00f0 B8EEE70A 		vcvt.f32.s32	s0, s15
 831 00f4 DFED287A 		vldr.32	s15, .L61
 832 00f8 20EE270A 		vmul.f32	s0, s0, s15
 833 00fc A069     		ldr	r0, [r4, #24]
 834 00fe FFF7FEFF 		bl	_ZN12PwmSingleOut5writeEf
 835              	.LVL86:
 108:src/unit/motor_drive/motor_drive.cpp ****             motor4b_->write(0);
 836              		.loc 1 108 13 is_stmt 1 view .LVU207
 837              		.loc 1 108 28 is_stmt 0 view .LVU208
 838 0102 9FED260A 		vldr.32	s0, .L61+4
 839 0106 E069     		ldr	r0, [r4, #28]
 840 0108 FFF7FEFF 		bl	_ZN12PwmSingleOut5writeEf
 841              	.LVL87:
 842              	.L47:
 109:src/unit/motor_drive/motor_drive.cpp ****       } else {
 110:src/unit/motor_drive/motor_drive.cpp ****             motor4a_->write(0);
 111:src/unit/motor_drive/motor_drive.cpp ****             motor4b_->write(motor4 * -0.001f);
 112:src/unit/motor_drive/motor_drive.cpp ****       }
 113:src/unit/motor_drive/motor_drive.cpp **** }
 843              		.loc 1 113 1 view .LVU209
 844 010c BDE8F081 		pop	{r4, r5, r6, r7, r8, pc}
ARM GAS  /var/folders/5c/srt4fy4j1pd641bjfx75k5000000gn/T//ccAR2VDp.s 			page 19


 845              	.LVL88:
 846              	.L52:
  89:src/unit/motor_drive/motor_drive.cpp ****             motor1b_->write(motor1 * -0.001f);
 847              		.loc 1 89 13 is_stmt 1 view .LVU210
  89:src/unit/motor_drive/motor_drive.cpp ****             motor1b_->write(motor1 * -0.001f);
 848              		.loc 1 89 28 is_stmt 0 view .LVU211
 849 0110 9FED220A 		vldr.32	s0, .L61+4
 850 0114 2068     		ldr	r0, [r4]
 851              	.LVL89:
  89:src/unit/motor_drive/motor_drive.cpp ****             motor1b_->write(motor1 * -0.001f);
 852              		.loc 1 89 28 view .LVU212
 853 0116 FFF7FEFF 		bl	_ZN12PwmSingleOut5writeEf
 854              	.LVL90:
  90:src/unit/motor_drive/motor_drive.cpp ****       }
 855              		.loc 1 90 13 is_stmt 1 view .LVU213
  90:src/unit/motor_drive/motor_drive.cpp ****       }
 856              		.loc 1 90 28 is_stmt 0 view .LVU214
 857 011a 07EE907A 		vmov	s15, r7	@ int
 858 011e F8EEE77A 		vcvt.f32.s32	s15, s15
 859 0122 9FED1F0A 		vldr.32	s0, .L61+8
 860 0126 27EE800A 		vmul.f32	s0, s15, s0
 861 012a 6068     		ldr	r0, [r4, #4]
 862 012c FFF7FEFF 		bl	_ZN12PwmSingleOut5writeEf
 863              	.LVL91:
 864 0130 B5E7     		b	.L53
 865              	.L54:
  96:src/unit/motor_drive/motor_drive.cpp ****             motor2b_->write(motor2 * -0.001f);
 866              		.loc 1 96 13 is_stmt 1 view .LVU215
  96:src/unit/motor_drive/motor_drive.cpp ****             motor2b_->write(motor2 * -0.001f);
 867              		.loc 1 96 28 is_stmt 0 view .LVU216
 868 0132 9FED1A0A 		vldr.32	s0, .L61+4
 869 0136 A068     		ldr	r0, [r4, #8]
 870 0138 FFF7FEFF 		bl	_ZN12PwmSingleOut5writeEf
 871              	.LVL92:
  97:src/unit/motor_drive/motor_drive.cpp ****       }
 872              		.loc 1 97 13 is_stmt 1 view .LVU217
  97:src/unit/motor_drive/motor_drive.cpp ****       }
 873              		.loc 1 97 28 is_stmt 0 view .LVU218
 874 013c 07EE906A 		vmov	s15, r6	@ int
 875 0140 F8EEE77A 		vcvt.f32.s32	s15, s15
 876 0144 9FED160A 		vldr.32	s0, .L61+8
 877 0148 27EE800A 		vmul.f32	s0, s15, s0
 878 014c E068     		ldr	r0, [r4, #12]
 879 014e FFF7FEFF 		bl	_ZN12PwmSingleOut5writeEf
 880              	.LVL93:
 881 0152 B6E7     		b	.L55
 882              	.L56:
 103:src/unit/motor_drive/motor_drive.cpp ****             motor3b_->write(motor3 * -0.001f);
 883              		.loc 1 103 13 is_stmt 1 view .LVU219
 103:src/unit/motor_drive/motor_drive.cpp ****             motor3b_->write(motor3 * -0.001f);
 884              		.loc 1 103 28 is_stmt 0 view .LVU220
 885 0154 9FED110A 		vldr.32	s0, .L61+4
 886 0158 2069     		ldr	r0, [r4, #16]
 887 015a FFF7FEFF 		bl	_ZN12PwmSingleOut5writeEf
 888              	.LVL94:
 104:src/unit/motor_drive/motor_drive.cpp ****       }
 889              		.loc 1 104 13 is_stmt 1 view .LVU221
ARM GAS  /var/folders/5c/srt4fy4j1pd641bjfx75k5000000gn/T//ccAR2VDp.s 			page 20


 104:src/unit/motor_drive/motor_drive.cpp ****       }
 890              		.loc 1 104 28 is_stmt 0 view .LVU222
 891 015e 07EE905A 		vmov	s15, r5	@ int
 892 0162 F8EEE77A 		vcvt.f32.s32	s15, s15
 893 0166 9FED0E0A 		vldr.32	s0, .L61+8
 894 016a 27EE800A 		vmul.f32	s0, s15, s0
 895 016e 6069     		ldr	r0, [r4, #20]
 896 0170 FFF7FEFF 		bl	_ZN12PwmSingleOut5writeEf
 897              	.LVL95:
 898 0174 B7E7     		b	.L57
 899              	.L58:
 110:src/unit/motor_drive/motor_drive.cpp ****             motor4b_->write(motor4 * -0.001f);
 900              		.loc 1 110 13 is_stmt 1 view .LVU223
 110:src/unit/motor_drive/motor_drive.cpp ****             motor4b_->write(motor4 * -0.001f);
 901              		.loc 1 110 28 is_stmt 0 view .LVU224
 902 0176 9FED090A 		vldr.32	s0, .L61+4
 903 017a A069     		ldr	r0, [r4, #24]
 904 017c FFF7FEFF 		bl	_ZN12PwmSingleOut5writeEf
 905              	.LVL96:
 111:src/unit/motor_drive/motor_drive.cpp ****       }
 906              		.loc 1 111 13 is_stmt 1 view .LVU225
 111:src/unit/motor_drive/motor_drive.cpp ****       }
 907              		.loc 1 111 28 is_stmt 0 view .LVU226
 908 0180 07EE908A 		vmov	s15, r8	@ int
 909 0184 F8EEE77A 		vcvt.f32.s32	s15, s15
 910 0188 9FED050A 		vldr.32	s0, .L61+8
 911 018c 27EE800A 		vmul.f32	s0, s15, s0
 912 0190 E069     		ldr	r0, [r4, #28]
 913 0192 FFF7FEFF 		bl	_ZN12PwmSingleOut5writeEf
 914              	.LVL97:
 915              		.loc 1 113 1 view .LVU227
 916 0196 B9E7     		b	.L47
 917              	.L62:
 918              		.align	2
 919              	.L61:
 920 0198 6F12833A 		.word	981668463
 921 019c 00000000 		.word	0
 922 01a0 6F1283BA 		.word	-1165815185
 923              		.cfi_endproc
 924              	.LFE254:
 925              		.cantunwind
 926              		.fnend
 928              		.section	.text._ZN10MotorDrive5DriveEsh,"ax",%progbits
 929              		.align	1
 930              		.global	_ZN10MotorDrive5DriveEsh
 931              		.syntax unified
 932              		.thumb
 933              		.thumb_func
 935              	_ZN10MotorDrive5DriveEsh:
 936              		.fnstart
 937              	.LVL98:
 938              	.LFB253:
  37:src/unit/motor_drive/motor_drive.cpp ****       int16_t power[MOTOR_QTY];
 939              		.loc 1 37 52 is_stmt 1 view -0
 940              		.cfi_startproc
 941              		@ args = 0, pretend = 0, frame = 8
 942              		@ frame_needed = 0, uses_anonymous_args = 0
ARM GAS  /var/folders/5c/srt4fy4j1pd641bjfx75k5000000gn/T//ccAR2VDp.s 			page 21


  37:src/unit/motor_drive/motor_drive.cpp ****       int16_t power[MOTOR_QTY];
 943              		.loc 1 37 52 is_stmt 0 view .LVU229
 944 0000 2DE9F041 		push	{r4, r5, r6, r7, r8, lr}
 945              		.save {r4, r5, r6, r7, r8, lr}
 946              	.LCFI6:
 947              		.cfi_def_cfa_offset 24
 948              		.cfi_offset 4, -24
 949              		.cfi_offset 5, -20
 950              		.cfi_offset 6, -16
 951              		.cfi_offset 7, -12
 952              		.cfi_offset 8, -8
 953              		.cfi_offset 14, -4
 954 0004 2DED028B 		vpush.64	{d8}
 955              		.vsave {d8}
 956              	.LCFI7:
 957              		.cfi_def_cfa_offset 32
 958              		.cfi_offset 80, -32
 959              		.cfi_offset 81, -28
 960              		.pad #16
 961 0008 84B0     		sub	sp, sp, #16
 962              	.LCFI8:
 963              		.cfi_def_cfa_offset 48
 964 000a 0646     		mov	r6, r0
 965 000c 0D46     		mov	r5, r1
 966 000e 08EE102A 		vmov	s16, r2	@ int
  38:src/unit/motor_drive/motor_drive.cpp **** 
 967              		.loc 1 38 7 is_stmt 1 view .LVU230
  40:src/unit/motor_drive/motor_drive.cpp ****             power[i] = MyMath::sinDeg(deg - (45 + (90 * i))) * speed;
 968              		.loc 1 40 7 view .LVU231
 969              	.LVL99:
 970              	.LBB5:
  40:src/unit/motor_drive/motor_drive.cpp ****             power[i] = MyMath::sinDeg(deg - (45 + (90 * i))) * speed;
 971              		.loc 1 40 20 is_stmt 0 view .LVU232
 972 0012 0024     		movs	r4, #0
  40:src/unit/motor_drive/motor_drive.cpp ****             power[i] = MyMath::sinDeg(deg - (45 + (90 * i))) * speed;
 973              		.loc 1 40 7 view .LVU233
 974 0014 15E0     		b	.L64
 975              	.LVL100:
 976              	.L65:
  41:src/unit/motor_drive/motor_drive.cpp ****       }
 977              		.loc 1 41 13 is_stmt 1 view .LVU234
  41:src/unit/motor_drive/motor_drive.cpp ****       }
 978              		.loc 1 41 55 is_stmt 0 view .LVU235
 979 0016 5A20     		movs	r0, #90
 980 0018 04FB00F0 		mul	r0, r4, r0
  41:src/unit/motor_drive/motor_drive.cpp ****       }
 981              		.loc 1 41 49 view .LVU236
 982 001c 2D30     		adds	r0, r0, #45
  41:src/unit/motor_drive/motor_drive.cpp ****       }
 983              		.loc 1 41 38 view .LVU237
 984 001e 281A     		subs	r0, r5, r0
 985 0020 FFF7FEFF 		bl	sinDeg
 986              	.LVL101:
  41:src/unit/motor_drive/motor_drive.cpp ****       }
 987              		.loc 1 41 62 view .LVU238
 988 0024 F8EEC87A 		vcvt.f32.s32	s15, s16
 989 0028 67EE807A 		vmul.f32	s15, s15, s0
ARM GAS  /var/folders/5c/srt4fy4j1pd641bjfx75k5000000gn/T//ccAR2VDp.s 			page 22


  41:src/unit/motor_drive/motor_drive.cpp ****       }
 990              		.loc 1 41 22 view .LVU239
 991 002c 04AB     		add	r3, sp, #16
 992 002e 03EB4403 		add	r3, r3, r4, lsl #1
 993 0032 FDEEE77A 		vcvt.s32.f32	s15, s15
 994 0036 17EE902A 		vmov	r2, s15	@ int
 995 003a 23F8082C 		strh	r2, [r3, #-8]	@ movhi
  40:src/unit/motor_drive/motor_drive.cpp ****             power[i] = MyMath::sinDeg(deg - (45 + (90 * i))) * speed;
 996              		.loc 1 40 7 is_stmt 1 view .LVU240
 997 003e 0134     		adds	r4, r4, #1
 998              	.LVL102:
  40:src/unit/motor_drive/motor_drive.cpp ****             power[i] = MyMath::sinDeg(deg - (45 + (90 * i))) * speed;
 999              		.loc 1 40 7 is_stmt 0 view .LVU241
 1000 0040 E4B2     		uxtb	r4, r4
 1001              	.LVL103:
 1002              	.L64:
  40:src/unit/motor_drive/motor_drive.cpp ****             power[i] = MyMath::sinDeg(deg - (45 + (90 * i))) * speed;
 1003              		.loc 1 40 29 is_stmt 1 discriminator 2 view .LVU242
 1004 0042 032C     		cmp	r4, #3
 1005 0044 E7D9     		bls	.L65
 1006              	.LBE5:
 1007              	.LBB6:
  46:src/unit/motor_drive/motor_drive.cpp ****             if (max_power < abs(power[i])) max_power = abs(power[i]);
 1008              		.loc 1 46 20 is_stmt 0 view .LVU243
 1009 0046 0023     		movs	r3, #0
 1010              	.LBE6:
  45:src/unit/motor_drive/motor_drive.cpp ****       for (uint8_t i = 0; i < MOTOR_QTY; i++) {
 1011              		.loc 1 45 15 view .LVU244
 1012 0048 1946     		mov	r1, r3
 1013 004a 01E0     		b	.L66
 1014              	.LVL104:
 1015              	.L67:
 1016              	.LBB7:
  46:src/unit/motor_drive/motor_drive.cpp ****             if (max_power < abs(power[i])) max_power = abs(power[i]);
 1017              		.loc 1 46 7 is_stmt 1 discriminator 2 view .LVU245
 1018 004c 0133     		adds	r3, r3, #1
 1019              	.LVL105:
  46:src/unit/motor_drive/motor_drive.cpp ****             if (max_power < abs(power[i])) max_power = abs(power[i]);
 1020              		.loc 1 46 7 is_stmt 0 discriminator 2 view .LVU246
 1021 004e DBB2     		uxtb	r3, r3
 1022              	.LVL106:
 1023              	.L66:
  46:src/unit/motor_drive/motor_drive.cpp ****             if (max_power < abs(power[i])) max_power = abs(power[i]);
 1024              		.loc 1 46 29 is_stmt 1 discriminator 1 view .LVU247
 1025 0050 032B     		cmp	r3, #3
 1026 0052 0CD8     		bhi	.L80
  47:src/unit/motor_drive/motor_drive.cpp ****       }
 1027              		.loc 1 47 13 view .LVU248
  47:src/unit/motor_drive/motor_drive.cpp ****       }
 1028              		.loc 1 47 29 is_stmt 0 view .LVU249
 1029 0054 04AA     		add	r2, sp, #16
 1030 0056 02EB4302 		add	r2, r2, r3, lsl #1
 1031 005a 32F9082C 		ldrsh	r2, [r2, #-8]
 1032 005e 002A     		cmp	r2, #0
 1033 0060 B8BF     		it	lt
 1034 0062 5242     		rsblt	r2, r2, #0
 1035 0064 92B2     		uxth	r2, r2
ARM GAS  /var/folders/5c/srt4fy4j1pd641bjfx75k5000000gn/T//ccAR2VDp.s 			page 23


  47:src/unit/motor_drive/motor_drive.cpp ****       }
 1036              		.loc 1 47 13 view .LVU250
 1037 0066 9142     		cmp	r1, r2
 1038 0068 F0DA     		bge	.L67
  47:src/unit/motor_drive/motor_drive.cpp ****       }
 1039              		.loc 1 47 44 is_stmt 1 discriminator 1 view .LVU251
  47:src/unit/motor_drive/motor_drive.cpp ****       }
 1040              		.loc 1 47 54 is_stmt 0 discriminator 1 view .LVU252
 1041 006a D1B2     		uxtb	r1, r2
 1042              	.LVL107:
  47:src/unit/motor_drive/motor_drive.cpp ****       }
 1043              		.loc 1 47 54 discriminator 1 view .LVU253
 1044 006c EEE7     		b	.L67
 1045              	.L80:
  47:src/unit/motor_drive/motor_drive.cpp ****       }
 1046              		.loc 1 47 54 discriminator 1 view .LVU254
 1047              	.LBE7:
 1048              	.LBB8:
  49:src/unit/motor_drive/motor_drive.cpp ****             power[i] *= float(speed) / max_power;
 1049              		.loc 1 49 20 view .LVU255
 1050 006e 0023     		movs	r3, #0
 1051              	.LVL108:
  49:src/unit/motor_drive/motor_drive.cpp ****             power[i] *= float(speed) / max_power;
 1052              		.loc 1 49 20 view .LVU256
 1053 0070 1AE0     		b	.L69
 1054              	.LVL109:
 1055              	.L70:
  50:src/unit/motor_drive/motor_drive.cpp ****       }
 1056              		.loc 1 50 13 is_stmt 1 discriminator 3 view .LVU257
  50:src/unit/motor_drive/motor_drive.cpp ****       }
 1057              		.loc 1 50 20 is_stmt 0 discriminator 3 view .LVU258
 1058 0072 04AA     		add	r2, sp, #16
 1059 0074 02EB4302 		add	r2, r2, r3, lsl #1
 1060 0078 32F9080C 		ldrsh	r0, [r2, #-8]
 1061 007c 07EE900A 		vmov	s15, r0	@ int
  50:src/unit/motor_drive/motor_drive.cpp ****       }
 1062              		.loc 1 50 25 discriminator 3 view .LVU259
 1063 0080 B8EE487A 		vcvt.f32.u32	s14, s16
  50:src/unit/motor_drive/motor_drive.cpp ****       }
 1064              		.loc 1 50 38 discriminator 3 view .LVU260
 1065 0084 06EE901A 		vmov	s13, r1	@ int
 1066 0088 B8EEE66A 		vcvt.f32.s32	s12, s13
 1067 008c C7EE066A 		vdiv.f32	s13, s14, s12
  50:src/unit/motor_drive/motor_drive.cpp ****       }
 1068              		.loc 1 50 22 discriminator 3 view .LVU261
 1069 0090 F8EEE77A 		vcvt.f32.s32	s15, s15
 1070 0094 67EEA67A 		vmul.f32	s15, s15, s13
 1071 0098 FDEEE77A 		vcvt.s32.f32	s15, s15
 1072 009c 17EE900A 		vmov	r0, s15	@ int
 1073 00a0 22F8080C 		strh	r0, [r2, #-8]	@ movhi
  49:src/unit/motor_drive/motor_drive.cpp ****             power[i] *= float(speed) / max_power;
 1074              		.loc 1 49 7 is_stmt 1 discriminator 3 view .LVU262
 1075 00a4 0133     		adds	r3, r3, #1
 1076              	.LVL110:
  49:src/unit/motor_drive/motor_drive.cpp ****             power[i] *= float(speed) / max_power;
 1077              		.loc 1 49 7 is_stmt 0 discriminator 3 view .LVU263
 1078 00a6 DBB2     		uxtb	r3, r3
ARM GAS  /var/folders/5c/srt4fy4j1pd641bjfx75k5000000gn/T//ccAR2VDp.s 			page 24


 1079              	.LVL111:
 1080              	.L69:
  49:src/unit/motor_drive/motor_drive.cpp ****             power[i] *= float(speed) / max_power;
 1081              		.loc 1 49 29 is_stmt 1 discriminator 1 view .LVU264
 1082 00a8 032B     		cmp	r3, #3
 1083 00aa E2D9     		bls	.L70
 1084              	.LBE8:
  55:src/unit/motor_drive/motor_drive.cpp ****       for (uint8_t i = 0; i < MOTOR_QTY; i++) {
 1085              		.loc 1 55 7 view .LVU265
  55:src/unit/motor_drive/motor_drive.cpp ****       for (uint8_t i = 0; i < MOTOR_QTY; i++) {
 1086              		.loc 1 55 18 is_stmt 0 view .LVU266
 1087 00ac 06F50065 		add	r5, r6, #2048
  55:src/unit/motor_drive/motor_drive.cpp ****       for (uint8_t i = 0; i < MOTOR_QTY; i++) {
 1088              		.loc 1 55 23 view .LVU267
 1089 00b0 D6F85838 		ldr	r3, [r6, #2136]
 1090              	.LVL112:
  55:src/unit/motor_drive/motor_drive.cpp ****       for (uint8_t i = 0; i < MOTOR_QTY; i++) {
 1091              		.loc 1 55 22 view .LVU268
 1092 00b4 B3F90030 		ldrsh	r3, [r3]
 1093 00b8 00EE903A 		vmov	s1, r3	@ int
  55:src/unit/motor_drive/motor_drive.cpp ****       for (uint8_t i = 0; i < MOTOR_QTY; i++) {
 1094              		.loc 1 55 18 view .LVU269
 1095 00bc F8EEE00A 		vcvt.f32.s32	s1, s1
 1096 00c0 9FED510A 		vldr.32	s0, .L82
 1097 00c4 2846     		mov	r0, r5
 1098 00c6 FFF7FEFF 		bl	_ZN3PID7ComputeEff
 1099              	.LVL113:
 1100              	.LBB9:
  56:src/unit/motor_drive/motor_drive.cpp ****             power[i] -= pid.Get();
 1101              		.loc 1 56 20 view .LVU270
 1102 00ca 0024     		movs	r4, #0
 1103              	.LVL114:
  56:src/unit/motor_drive/motor_drive.cpp ****             power[i] -= pid.Get();
 1104              		.loc 1 56 20 view .LVU271
 1105 00cc 15E0     		b	.L71
 1106              	.LVL115:
 1107              	.L72:
  57:src/unit/motor_drive/motor_drive.cpp ****       }
 1108              		.loc 1 57 13 is_stmt 1 view .LVU272
  57:src/unit/motor_drive/motor_drive.cpp ****       }
 1109              		.loc 1 57 32 is_stmt 0 view .LVU273
 1110 00ce 2846     		mov	r0, r5
 1111 00d0 FFF7FEFF 		bl	_ZN3PID3GetEv
 1112              	.LVL116:
  57:src/unit/motor_drive/motor_drive.cpp ****       }
 1113              		.loc 1 57 20 view .LVU274
 1114 00d4 04AB     		add	r3, sp, #16
 1115 00d6 03EB4403 		add	r3, r3, r4, lsl #1
 1116 00da 33F9082C 		ldrsh	r2, [r3, #-8]
 1117 00de 07EE902A 		vmov	s15, r2	@ int
  57:src/unit/motor_drive/motor_drive.cpp ****       }
 1118              		.loc 1 57 22 view .LVU275
 1119 00e2 F8EEE77A 		vcvt.f32.s32	s15, s15
 1120 00e6 77EEC07A 		vsub.f32	s15, s15, s0
 1121 00ea FDEEE77A 		vcvt.s32.f32	s15, s15
 1122 00ee 17EE902A 		vmov	r2, s15	@ int
 1123 00f2 23F8082C 		strh	r2, [r3, #-8]	@ movhi
ARM GAS  /var/folders/5c/srt4fy4j1pd641bjfx75k5000000gn/T//ccAR2VDp.s 			page 25


  56:src/unit/motor_drive/motor_drive.cpp ****             power[i] -= pid.Get();
 1124              		.loc 1 56 7 is_stmt 1 view .LVU276
 1125 00f6 0134     		adds	r4, r4, #1
 1126              	.LVL117:
  56:src/unit/motor_drive/motor_drive.cpp ****             power[i] -= pid.Get();
 1127              		.loc 1 56 7 is_stmt 0 view .LVU277
 1128 00f8 E4B2     		uxtb	r4, r4
 1129              	.LVL118:
 1130              	.L71:
  56:src/unit/motor_drive/motor_drive.cpp ****             power[i] -= pid.Get();
 1131              		.loc 1 56 29 is_stmt 1 discriminator 2 view .LVU278
 1132 00fa 032C     		cmp	r4, #3
 1133 00fc E7D9     		bls	.L72
 1134              	.LBE9:
 1135              	.LBB10:
  60:src/unit/motor_drive/motor_drive.cpp ****             motor_pid[i].Compute(motor_rps_[i], abs(power[i]));
 1136              		.loc 1 60 20 is_stmt 0 view .LVU279
 1137 00fe 0024     		movs	r4, #0
 1138              	.LVL119:
  60:src/unit/motor_drive/motor_drive.cpp ****             motor_pid[i].Compute(motor_rps_[i], abs(power[i]));
 1139              		.loc 1 60 20 view .LVU280
 1140 0100 19E0     		b	.L73
 1141              	.LVL120:
 1142              	.L74:
  66:src/unit/motor_drive/motor_drive.cpp ****                   if (power[i] > -1 * MIN_POWER) power[i] = -1 * MIN_POWER;
 1143              		.loc 1 66 19 is_stmt 1 view .LVU281
  66:src/unit/motor_drive/motor_drive.cpp ****                   if (power[i] > -1 * MIN_POWER) power[i] = -1 * MIN_POWER;
 1144              		.loc 1 66 46 is_stmt 0 view .LVU282
 1145 0102 2846     		mov	r0, r5
 1146 0104 FFF7FEFF 		bl	_ZN3PID3GetEv
 1147              	.LVL121:
  66:src/unit/motor_drive/motor_drive.cpp ****                   if (power[i] > -1 * MIN_POWER) power[i] = -1 * MIN_POWER;
 1148              		.loc 1 66 49 view .LVU283
 1149 0108 B1EE400A 		vneg.f32	s0, s0
  66:src/unit/motor_drive/motor_drive.cpp ****                   if (power[i] > -1 * MIN_POWER) power[i] = -1 * MIN_POWER;
 1150              		.loc 1 66 28 view .LVU284
 1151 010c BDEEC00A 		vcvt.s32.f32	s0, s0
 1152 0110 10EE103A 		vmov	r3, s0	@ int
 1153 0114 1BB2     		sxth	r3, r3
 1154 0116 04AA     		add	r2, sp, #16
 1155 0118 02EB4402 		add	r2, r2, r4, lsl #1
 1156 011c 22F8083C 		strh	r3, [r2, #-8]	@ movhi
  67:src/unit/motor_drive/motor_drive.cpp ****             }
 1157              		.loc 1 67 19 is_stmt 1 view .LVU285
 1158 0120 002B     		cmp	r3, #0
 1159 0122 06DB     		blt	.L75
  67:src/unit/motor_drive/motor_drive.cpp ****             }
 1160              		.loc 1 67 50 discriminator 1 view .LVU286
  67:src/unit/motor_drive/motor_drive.cpp ****             }
 1161              		.loc 1 67 59 is_stmt 0 discriminator 1 view .LVU287
 1162 0124 04AB     		add	r3, sp, #16
 1163 0126 03EB4407 		add	r7, r3, r4, lsl #1
 1164 012a 4FF6FF73 		movw	r3, #65535
 1165 012e 27F8083C 		strh	r3, [r7, #-8]	@ movhi
 1166              	.L75:
  60:src/unit/motor_drive/motor_drive.cpp ****             motor_pid[i].Compute(motor_rps_[i], abs(power[i]));
 1167              		.loc 1 60 7 is_stmt 1 discriminator 2 view .LVU288
ARM GAS  /var/folders/5c/srt4fy4j1pd641bjfx75k5000000gn/T//ccAR2VDp.s 			page 26


 1168 0132 0134     		adds	r4, r4, #1
 1169              	.LVL122:
  60:src/unit/motor_drive/motor_drive.cpp ****             motor_pid[i].Compute(motor_rps_[i], abs(power[i]));
 1170              		.loc 1 60 7 is_stmt 0 discriminator 2 view .LVU289
 1171 0134 E4B2     		uxtb	r4, r4
 1172              	.LVL123:
 1173              	.L73:
  60:src/unit/motor_drive/motor_drive.cpp ****             motor_pid[i].Compute(motor_rps_[i], abs(power[i]));
 1174              		.loc 1 60 29 is_stmt 1 discriminator 1 view .LVU290
 1175 0136 032C     		cmp	r4, #3
 1176 0138 33D8     		bhi	.L81
  61:src/unit/motor_drive/motor_drive.cpp ****             if (power[i] > 0) {
 1177              		.loc 1 61 13 view .LVU291
  61:src/unit/motor_drive/motor_drive.cpp ****             if (power[i] > 0) {
 1178              		.loc 1 61 33 is_stmt 0 view .LVU292
 1179 013a 5825     		movs	r5, #88
 1180 013c 04FB05F5 		mul	r5, r4, r5
 1181 0140 05F5D465 		add	r5, r5, #1696
 1182 0144 3544     		add	r5, r5, r6
  61:src/unit/motor_drive/motor_drive.cpp ****             if (power[i] > 0) {
 1183              		.loc 1 61 34 view .LVU293
 1184 0146 D6F85C38 		ldr	r3, [r6, #2140]
  61:src/unit/motor_drive/motor_drive.cpp ****             if (power[i] > 0) {
 1185              		.loc 1 61 46 view .LVU294
 1186 014a 1B5D     		ldrb	r3, [r3, r4]	@ zero_extendqisi2
 1187 014c 00EE103A 		vmov	s0, r3	@ int
  61:src/unit/motor_drive/motor_drive.cpp ****             if (power[i] > 0) {
 1188              		.loc 1 61 49 view .LVU295
 1189 0150 04AB     		add	r3, sp, #16
 1190 0152 03EB4403 		add	r3, r3, r4, lsl #1
 1191 0156 33F9088C 		ldrsh	r8, [r3, #-8]
 1192 015a 88EAE873 		eor	r3, r8, r8, asr #31
 1193 015e A3EBE873 		sub	r3, r3, r8, asr #31
 1194 0162 9BB2     		uxth	r3, r3
 1195 0164 00EE903A 		vmov	s1, r3	@ int
  61:src/unit/motor_drive/motor_drive.cpp ****             if (power[i] > 0) {
 1196              		.loc 1 61 33 view .LVU296
 1197 0168 F8EEE00A 		vcvt.f32.s32	s1, s1
 1198 016c B8EE400A 		vcvt.f32.u32	s0, s0
 1199 0170 2846     		mov	r0, r5
 1200 0172 FFF7FEFF 		bl	_ZN3PID7ComputeEff
 1201              	.LVL124:
  62:src/unit/motor_drive/motor_drive.cpp ****                   power[i] = motor_pid[i].Get();
 1202              		.loc 1 62 13 is_stmt 1 view .LVU297
 1203 0176 B8F1000F 		cmp	r8, #0
 1204 017a C2DD     		ble	.L74
  63:src/unit/motor_drive/motor_drive.cpp ****                   if (power[i] < MIN_POWER) power[i] = MIN_POWER;
 1205              		.loc 1 63 19 view .LVU298
  63:src/unit/motor_drive/motor_drive.cpp ****                   if (power[i] < MIN_POWER) power[i] = MIN_POWER;
 1206              		.loc 1 63 46 is_stmt 0 view .LVU299
 1207 017c 2846     		mov	r0, r5
 1208 017e FFF7FEFF 		bl	_ZN3PID3GetEv
 1209              	.LVL125:
  63:src/unit/motor_drive/motor_drive.cpp ****                   if (power[i] < MIN_POWER) power[i] = MIN_POWER;
 1210              		.loc 1 63 28 view .LVU300
 1211 0182 BDEEC00A 		vcvt.s32.f32	s0, s0
 1212 0186 10EE103A 		vmov	r3, s0	@ int
ARM GAS  /var/folders/5c/srt4fy4j1pd641bjfx75k5000000gn/T//ccAR2VDp.s 			page 27


 1213 018a 1BB2     		sxth	r3, r3
 1214 018c 04AA     		add	r2, sp, #16
 1215 018e 02EB4402 		add	r2, r2, r4, lsl #1
 1216 0192 22F8083C 		strh	r3, [r2, #-8]	@ movhi
  64:src/unit/motor_drive/motor_drive.cpp ****             } else {
 1217              		.loc 1 64 19 is_stmt 1 view .LVU301
 1218 0196 002B     		cmp	r3, #0
 1219 0198 CBDC     		bgt	.L75
  64:src/unit/motor_drive/motor_drive.cpp ****             } else {
 1220              		.loc 1 64 45 discriminator 1 view .LVU302
  64:src/unit/motor_drive/motor_drive.cpp ****             } else {
 1221              		.loc 1 64 54 is_stmt 0 discriminator 1 view .LVU303
 1222 019a 0123     		movs	r3, #1
 1223 019c 22F8083C 		strh	r3, [r2, #-8]	@ movhi
 1224 01a0 C7E7     		b	.L75
 1225              	.L81:
  64:src/unit/motor_drive/motor_drive.cpp ****             } else {
 1226              		.loc 1 64 54 discriminator 1 view .LVU304
 1227              	.LBE10:
 1228              	.LBB11:
  71:src/unit/motor_drive/motor_drive.cpp ****             motor_ave[i].Compute(power[i]);
 1229              		.loc 1 71 20 view .LVU305
 1230 01a2 0025     		movs	r5, #0
 1231 01a4 1CE0     		b	.L77
 1232              	.LVL126:
 1233              	.L78:
  72:src/unit/motor_drive/motor_drive.cpp ****             power[i] = motor_ave[i].Get();
 1234              		.loc 1 72 13 is_stmt 1 view .LVU306
  72:src/unit/motor_drive/motor_drive.cpp ****             power[i] = motor_ave[i].Get();
 1235              		.loc 1 72 33 is_stmt 0 view .LVU307
 1236 01a6 4FF4D074 		mov	r4, #416
 1237 01aa 05FB04F4 		mul	r4, r5, r4
 1238 01ae 2034     		adds	r4, r4, #32
 1239 01b0 3444     		add	r4, r4, r6
  72:src/unit/motor_drive/motor_drive.cpp ****             power[i] = motor_ave[i].Get();
 1240              		.loc 1 72 41 view .LVU308
 1241 01b2 04AB     		add	r3, sp, #16
 1242 01b4 03EB4507 		add	r7, r3, r5, lsl #1
 1243 01b8 37F9083C 		ldrsh	r3, [r7, #-8]
 1244 01bc 00EE103A 		vmov	s0, r3	@ int
  72:src/unit/motor_drive/motor_drive.cpp ****             power[i] = motor_ave[i].Get();
 1245              		.loc 1 72 33 view .LVU309
 1246 01c0 B8EEC00A 		vcvt.f32.s32	s0, s0
 1247 01c4 2046     		mov	r0, r4
 1248 01c6 FFF7FEFF 		bl	_ZN9MovingAve7ComputeEf
 1249              	.LVL127:
  73:src/unit/motor_drive/motor_drive.cpp ****       }
 1250              		.loc 1 73 13 is_stmt 1 view .LVU310
  73:src/unit/motor_drive/motor_drive.cpp ****       }
 1251              		.loc 1 73 40 is_stmt 0 view .LVU311
 1252 01ca 2046     		mov	r0, r4
 1253 01cc FFF7FEFF 		bl	_ZN9MovingAve3GetEv
 1254              	.LVL128:
 1255 01d0 51EC100B 		vmov	r0, r1, d0
  73:src/unit/motor_drive/motor_drive.cpp ****       }
 1256              		.loc 1 73 22 view .LVU312
 1257 01d4 FFF7FEFF 		bl	__aeabi_d2iz
ARM GAS  /var/folders/5c/srt4fy4j1pd641bjfx75k5000000gn/T//ccAR2VDp.s 			page 28


 1258              	.LVL129:
 1259 01d8 27F8080C 		strh	r0, [r7, #-8]	@ movhi
  71:src/unit/motor_drive/motor_drive.cpp ****             motor_ave[i].Compute(power[i]);
 1260              		.loc 1 71 7 is_stmt 1 view .LVU313
 1261 01dc 0135     		adds	r5, r5, #1
 1262              	.LVL130:
  71:src/unit/motor_drive/motor_drive.cpp ****             motor_ave[i].Compute(power[i]);
 1263              		.loc 1 71 7 is_stmt 0 view .LVU314
 1264 01de EDB2     		uxtb	r5, r5
 1265              	.LVL131:
 1266              	.L77:
  71:src/unit/motor_drive/motor_drive.cpp ****             motor_ave[i].Compute(power[i]);
 1267              		.loc 1 71 29 is_stmt 1 discriminator 2 view .LVU315
 1268 01e0 032D     		cmp	r5, #3
 1269 01e2 E0D9     		bls	.L78
 1270              	.LBE11:
  76:src/unit/motor_drive/motor_drive.cpp **** }
 1271              		.loc 1 76 7 view .LVU316
  76:src/unit/motor_drive/motor_drive.cpp **** }
 1272              		.loc 1 76 10 is_stmt 0 view .LVU317
 1273 01e4 BDF90E30 		ldrsh	r3, [sp, #14]
 1274 01e8 0093     		str	r3, [sp]
 1275 01ea BDF90C30 		ldrsh	r3, [sp, #12]
 1276 01ee BDF90A20 		ldrsh	r2, [sp, #10]
 1277 01f2 BDF90810 		ldrsh	r1, [sp, #8]
 1278 01f6 3046     		mov	r0, r6
 1279 01f8 FFF7FEFF 		bl	_ZN10MotorDrive3RunEssss
 1280              	.LVL132:
  77:src/unit/motor_drive/motor_drive.cpp **** 
 1281              		.loc 1 77 1 view .LVU318
 1282 01fc 04B0     		add	sp, sp, #16
 1283              	.LCFI9:
 1284              		.cfi_def_cfa_offset 32
 1285              		@ sp needed
 1286 01fe BDEC028B 		vldm	sp!, {d8}
 1287              	.LCFI10:
 1288              		.cfi_restore 80
 1289              		.cfi_restore 81
 1290              		.cfi_def_cfa_offset 24
 1291 0202 BDE8F081 		pop	{r4, r5, r6, r7, r8, pc}
 1292              	.LVL133:
 1293              	.L83:
  77:src/unit/motor_drive/motor_drive.cpp **** 
 1294              		.loc 1 77 1 view .LVU319
 1295 0206 00BF     		.align	2
 1296              	.L82:
 1297 0208 00000000 		.word	0
 1298              		.cfi_endproc
 1299              	.LFE253:
 1300              		.fnend
 1302              		.section	.text._ZN10MotorDrive5BrakeEv,"ax",%progbits
 1303              		.align	1
 1304              		.global	_ZN10MotorDrive5BrakeEv
 1305              		.syntax unified
 1306              		.thumb
 1307              		.thumb_func
 1309              	_ZN10MotorDrive5BrakeEv:
ARM GAS  /var/folders/5c/srt4fy4j1pd641bjfx75k5000000gn/T//ccAR2VDp.s 			page 29


 1310              		.fnstart
 1311              	.LVL134:
 1312              	.LFB255:
 114:src/unit/motor_drive/motor_drive.cpp **** 
 115:src/unit/motor_drive/motor_drive.cpp **** void MotorDrive::Brake() {
 1313              		.loc 1 115 26 is_stmt 1 view -0
 1314              		.cfi_startproc
 1315              		@ args = 0, pretend = 0, frame = 0
 1316              		@ frame_needed = 0, uses_anonymous_args = 0
 1317              		.loc 1 115 26 is_stmt 0 view .LVU321
 1318 0000 10B5     		push	{r4, lr}
 1319              	.LCFI11:
 1320              		.cfi_def_cfa_offset 8
 1321              		.cfi_offset 4, -8
 1322              		.cfi_offset 14, -4
 1323 0002 0446     		mov	r4, r0
 116:src/unit/motor_drive/motor_drive.cpp ****       motor1a_->write(1);
 1324              		.loc 1 116 7 is_stmt 1 view .LVU322
 1325              		.loc 1 116 22 is_stmt 0 view .LVU323
 1326 0004 B7EE000A 		vmov.f32	s0, #1.0e+0
 1327 0008 0068     		ldr	r0, [r0]
 1328              	.LVL135:
 1329              		.loc 1 116 22 view .LVU324
 1330 000a FFF7FEFF 		bl	_ZN12PwmSingleOut5writeEf
 1331              	.LVL136:
 117:src/unit/motor_drive/motor_drive.cpp ****       motor1b_->write(1);
 1332              		.loc 1 117 7 is_stmt 1 view .LVU325
 1333              		.loc 1 117 22 is_stmt 0 view .LVU326
 1334 000e B7EE000A 		vmov.f32	s0, #1.0e+0
 1335 0012 6068     		ldr	r0, [r4, #4]
 1336 0014 FFF7FEFF 		bl	_ZN12PwmSingleOut5writeEf
 1337              	.LVL137:
 118:src/unit/motor_drive/motor_drive.cpp ****       motor2a_->write(1);
 1338              		.loc 1 118 7 is_stmt 1 view .LVU327
 1339              		.loc 1 118 22 is_stmt 0 view .LVU328
 1340 0018 B7EE000A 		vmov.f32	s0, #1.0e+0
 1341 001c A068     		ldr	r0, [r4, #8]
 1342 001e FFF7FEFF 		bl	_ZN12PwmSingleOut5writeEf
 1343              	.LVL138:
 119:src/unit/motor_drive/motor_drive.cpp ****       motor2b_->write(1);
 1344              		.loc 1 119 7 is_stmt 1 view .LVU329
 1345              		.loc 1 119 22 is_stmt 0 view .LVU330
 1346 0022 B7EE000A 		vmov.f32	s0, #1.0e+0
 1347 0026 E068     		ldr	r0, [r4, #12]
 1348 0028 FFF7FEFF 		bl	_ZN12PwmSingleOut5writeEf
 1349              	.LVL139:
 120:src/unit/motor_drive/motor_drive.cpp ****       motor3a_->write(1);
 1350              		.loc 1 120 7 is_stmt 1 view .LVU331
 1351              		.loc 1 120 22 is_stmt 0 view .LVU332
 1352 002c B7EE000A 		vmov.f32	s0, #1.0e+0
 1353 0030 2069     		ldr	r0, [r4, #16]
 1354 0032 FFF7FEFF 		bl	_ZN12PwmSingleOut5writeEf
 1355              	.LVL140:
 121:src/unit/motor_drive/motor_drive.cpp ****       motor3b_->write(1);
 1356              		.loc 1 121 7 is_stmt 1 view .LVU333
 1357              		.loc 1 121 22 is_stmt 0 view .LVU334
 1358 0036 B7EE000A 		vmov.f32	s0, #1.0e+0
ARM GAS  /var/folders/5c/srt4fy4j1pd641bjfx75k5000000gn/T//ccAR2VDp.s 			page 30


 1359 003a 6069     		ldr	r0, [r4, #20]
 1360 003c FFF7FEFF 		bl	_ZN12PwmSingleOut5writeEf
 1361              	.LVL141:
 122:src/unit/motor_drive/motor_drive.cpp ****       motor4a_->write(1);
 1362              		.loc 1 122 7 is_stmt 1 view .LVU335
 1363              		.loc 1 122 22 is_stmt 0 view .LVU336
 1364 0040 B7EE000A 		vmov.f32	s0, #1.0e+0
 1365 0044 A069     		ldr	r0, [r4, #24]
 1366 0046 FFF7FEFF 		bl	_ZN12PwmSingleOut5writeEf
 1367              	.LVL142:
 123:src/unit/motor_drive/motor_drive.cpp ****       motor4b_->write(1);
 1368              		.loc 1 123 7 is_stmt 1 view .LVU337
 1369              		.loc 1 123 22 is_stmt 0 view .LVU338
 1370 004a B7EE000A 		vmov.f32	s0, #1.0e+0
 1371 004e E069     		ldr	r0, [r4, #28]
 1372 0050 FFF7FEFF 		bl	_ZN12PwmSingleOut5writeEf
 1373              	.LVL143:
 124:src/unit/motor_drive/motor_drive.cpp **** }
 1374              		.loc 1 124 1 view .LVU339
 1375 0054 10BD     		pop	{r4, pc}
 1376              		.loc 1 124 1 view .LVU340
 1377              		.cfi_endproc
 1378              	.LFE255:
 1379              		.cantunwind
 1380              		.fnend
 1382              		.section	.text._ZN10MotorDrive15CheckConnectionEv,"ax",%progbits
 1383              		.align	1
 1384              		.global	_ZN10MotorDrive15CheckConnectionEv
 1385              		.syntax unified
 1386              		.thumb
 1387              		.thumb_func
 1389              	_ZN10MotorDrive15CheckConnectionEv:
 1390              		.fnstart
 1391              	.LVL144:
 1392              	.LFB256:
 125:src/unit/motor_drive/motor_drive.cpp **** 
 126:src/unit/motor_drive/motor_drive.cpp **** void MotorDrive::CheckConnection() {
 1393              		.loc 1 126 36 is_stmt 1 view -0
 1394              		.cfi_startproc
 1395              		@ args = 0, pretend = 0, frame = 0
 1396              		@ frame_needed = 0, uses_anonymous_args = 0
 1397              		.loc 1 126 36 is_stmt 0 view .LVU342
 1398 0000 10B5     		push	{r4, lr}
 1399              		.save {r4, lr}
 1400              	.LCFI12:
 1401              		.cfi_def_cfa_offset 8
 1402              		.cfi_offset 4, -8
 1403              		.cfi_offset 14, -4
 1404 0002 0446     		mov	r4, r0
 127:src/unit/motor_drive/motor_drive.cpp ****       // 接続チェック
 128:src/unit/motor_drive/motor_drive.cpp ****       motor1a_->sound(700, CHECK_SPEED);
 1405              		.loc 1 128 7 is_stmt 1 view .LVU343
 1406              		.loc 1 128 22 is_stmt 0 view .LVU344
 1407 0004 6422     		movs	r2, #100
 1408 0006 4FF42F71 		mov	r1, #700
 1409 000a 0068     		ldr	r0, [r0]
 1410              	.LVL145:
ARM GAS  /var/folders/5c/srt4fy4j1pd641bjfx75k5000000gn/T//ccAR2VDp.s 			page 31


 1411              		.loc 1 128 22 view .LVU345
 1412 000c FFF7FEFF 		bl	_ZN12PwmSingleOut5soundEtt
 1413              	.LVL146:
 129:src/unit/motor_drive/motor_drive.cpp ****       motor2a_->sound(800, CHECK_SPEED);
 1414              		.loc 1 129 7 is_stmt 1 view .LVU346
 1415              		.loc 1 129 22 is_stmt 0 view .LVU347
 1416 0010 6422     		movs	r2, #100
 1417 0012 4FF44871 		mov	r1, #800
 1418 0016 A068     		ldr	r0, [r4, #8]
 1419 0018 FFF7FEFF 		bl	_ZN12PwmSingleOut5soundEtt
 1420              	.LVL147:
 130:src/unit/motor_drive/motor_drive.cpp ****       motor3a_->sound(900, CHECK_SPEED);
 1421              		.loc 1 130 7 is_stmt 1 view .LVU348
 1422              		.loc 1 130 22 is_stmt 0 view .LVU349
 1423 001c 6422     		movs	r2, #100
 1424 001e 4FF46171 		mov	r1, #900
 1425 0022 2069     		ldr	r0, [r4, #16]
 1426 0024 FFF7FEFF 		bl	_ZN12PwmSingleOut5soundEtt
 1427              	.LVL148:
 131:src/unit/motor_drive/motor_drive.cpp ****       motor4a_->sound(1000, CHECK_SPEED);
 1428              		.loc 1 131 7 is_stmt 1 view .LVU350
 1429              		.loc 1 131 22 is_stmt 0 view .LVU351
 1430 0028 6422     		movs	r2, #100
 1431 002a 4FF47A71 		mov	r1, #1000
 1432 002e A069     		ldr	r0, [r4, #24]
 1433 0030 FFF7FEFF 		bl	_ZN12PwmSingleOut5soundEtt
 1434              	.LVL149:
 132:src/unit/motor_drive/motor_drive.cpp ****       motor1b_->sound(700, CHECK_SPEED);
 1435              		.loc 1 132 7 is_stmt 1 view .LVU352
 1436              		.loc 1 132 22 is_stmt 0 view .LVU353
 1437 0034 6422     		movs	r2, #100
 1438 0036 4FF42F71 		mov	r1, #700
 1439 003a 6068     		ldr	r0, [r4, #4]
 1440 003c FFF7FEFF 		bl	_ZN12PwmSingleOut5soundEtt
 1441              	.LVL150:
 133:src/unit/motor_drive/motor_drive.cpp ****       motor2b_->sound(800, CHECK_SPEED);
 1442              		.loc 1 133 7 is_stmt 1 view .LVU354
 1443              		.loc 1 133 22 is_stmt 0 view .LVU355
 1444 0040 6422     		movs	r2, #100
 1445 0042 4FF44871 		mov	r1, #800
 1446 0046 E068     		ldr	r0, [r4, #12]
 1447 0048 FFF7FEFF 		bl	_ZN12PwmSingleOut5soundEtt
 1448              	.LVL151:
 134:src/unit/motor_drive/motor_drive.cpp ****       motor3b_->sound(900, CHECK_SPEED);
 1449              		.loc 1 134 7 is_stmt 1 view .LVU356
 1450              		.loc 1 134 22 is_stmt 0 view .LVU357
 1451 004c 6422     		movs	r2, #100
 1452 004e 4FF46171 		mov	r1, #900
 1453 0052 6069     		ldr	r0, [r4, #20]
 1454 0054 FFF7FEFF 		bl	_ZN12PwmSingleOut5soundEtt
 1455              	.LVL152:
 135:src/unit/motor_drive/motor_drive.cpp ****       motor4b_->sound(1000, CHECK_SPEED);
 1456              		.loc 1 135 7 is_stmt 1 view .LVU358
 1457              		.loc 1 135 22 is_stmt 0 view .LVU359
 1458 0058 6422     		movs	r2, #100
 1459 005a 4FF47A71 		mov	r1, #1000
 1460 005e E069     		ldr	r0, [r4, #28]
ARM GAS  /var/folders/5c/srt4fy4j1pd641bjfx75k5000000gn/T//ccAR2VDp.s 			page 32


 1461 0060 FFF7FEFF 		bl	_ZN12PwmSingleOut5soundEtt
 1462              	.LVL153:
 136:src/unit/motor_drive/motor_drive.cpp **** }...
 1463              		.loc 1 136 1 view .LVU360
 1464 0064 10BD     		pop	{r4, pc}
 1465              		.loc 1 136 1 view .LVU361
 1466              		.cfi_endproc
 1467              	.LFE256:
 1468              		.fnend
 1470              		.global	debug
 1471              		.section	.bss.debug,"aw",%nobits
 1472              		.align	2
 1475              	debug:
 1476 0000 00000000 		.space	4
 1477              		.text
 1478              	.Letext0:
 1479              		.file 3 "/opt/ST/STM32CubeCLT_1.16.0/GNU-tools-for-STM32/arm-none-eabi/include/machine/_default_ty
 1480              		.file 4 "/opt/ST/STM32CubeCLT_1.16.0/GNU-tools-for-STM32/arm-none-eabi/include/sys/_stdint.h"
 1481              		.file 5 "Drivers/CMSIS/Device/ST/STM32F4xx/Include/stm32f446xx.h"
 1482              		.file 6 "Drivers/CMSIS/Device/ST/STM32F4xx/Include/stm32f4xx.h"
 1483              		.file 7 "/opt/ST/STM32CubeCLT_1.16.0/GNU-tools-for-STM32/lib/gcc/arm-none-eabi/12.3.1/include/stdd
 1484              		.file 8 "Drivers/STM32F4xx_HAL_Driver/Inc/stm32f4xx_hal_def.h"
 1485              		.file 9 "Drivers/STM32F4xx_HAL_Driver/Inc/stm32f4xx_hal_dma.h"
 1486              		.file 10 "Drivers/STM32F4xx_HAL_Driver/Inc/stm32f4xx_hal_tim.h"
 1487              		.file 11 "Drivers/STM32F4xx_HAL_Driver/Inc/stm32f4xx_hal.h"
 1488              		.file 12 "Lib/MovingAve/MovingAve.hpp"
 1489              		.file 13 "/opt/ST/STM32CubeCLT_1.16.0/GNU-tools-for-STM32/arm-none-eabi/include/c++/12.3.1/cstdio"
 1490              		.file 14 "/opt/ST/STM32CubeCLT_1.16.0/GNU-tools-for-STM32/arm-none-eabi/include/c++/12.3.1/arm-non
 1491              		.file 15 "/opt/ST/STM32CubeCLT_1.16.0/GNU-tools-for-STM32/arm-none-eabi/include/sys/_types.h"
 1492              		.file 16 "/opt/ST/STM32CubeCLT_1.16.0/GNU-tools-for-STM32/arm-none-eabi/include/sys/reent.h"
 1493              		.file 17 "/opt/ST/STM32CubeCLT_1.16.0/GNU-tools-for-STM32/arm-none-eabi/include/sys/lock.h"
 1494              		.file 18 "/opt/ST/STM32CubeCLT_1.16.0/GNU-tools-for-STM32/arm-none-eabi/include/stdio.h"
 1495              		.file 19 "Lib/Timer/Timer.hpp"
 1496              		.file 20 "Lib/pid/pid.hpp"
 1497              		.file 21 "src/unit/motor_drive/motor_drive.hpp"
 1498              		.file 22 "Drivers/CMSIS/Device/ST/STM32F4xx/Include/system_stm32f4xx.h"
 1499              		.file 23 "Lib/MyMath/MyMath.hpp"
 1500              		.file 24 "Core/Inc/main.h"
ARM GAS  /var/folders/5c/srt4fy4j1pd641bjfx75k5000000gn/T//ccAR2VDp.s 			page 33


DEFINED SYMBOLS
                            *ABS*:00000000 motor_drive.cpp
/var/folders/5c/srt4fy4j1pd641bjfx75k5000000gn/T//ccAR2VDp.s:21     .text._ZN12PwmSingleOut4initEv:00000000 $t
/var/folders/5c/srt4fy4j1pd641bjfx75k5000000gn/T//ccAR2VDp.s:27     .text._ZN12PwmSingleOut4initEv:00000000 _ZN12PwmSingleOut4initEv
.ARM.exidx.text._ZN12PwmSingleOut4initEv:00000000 $d
/var/folders/5c/srt4fy4j1pd641bjfx75k5000000gn/T//ccAR2VDp.s:71     .text._ZN12PwmSingleOut5writeEf:00000000 $t
/var/folders/5c/srt4fy4j1pd641bjfx75k5000000gn/T//ccAR2VDp.s:77     .text._ZN12PwmSingleOut5writeEf:00000000 _ZN12PwmSingleOut5writeEf
/var/folders/5c/srt4fy4j1pd641bjfx75k5000000gn/T//ccAR2VDp.s:194    .text._ZN12PwmSingleOut5writeEf:00000094 $d
.ARM.exidx.text._ZN12PwmSingleOut5writeEf:00000000 $d
/var/folders/5c/srt4fy4j1pd641bjfx75k5000000gn/T//ccAR2VDp.s:201    .text._ZN12PwmSingleOut5soundEtt:00000000 $t
/var/folders/5c/srt4fy4j1pd641bjfx75k5000000gn/T//ccAR2VDp.s:207    .text._ZN12PwmSingleOut5soundEtt:00000000 _ZN12PwmSingleOut5soundEtt
/var/folders/5c/srt4fy4j1pd641bjfx75k5000000gn/T//ccAR2VDp.s:410    .text._ZN12PwmSingleOut5soundEtt:000000f0 $d
.ARM.exidx.text._ZN12PwmSingleOut5soundEtt:00000000 $d
/var/folders/5c/srt4fy4j1pd641bjfx75k5000000gn/T//ccAR2VDp.s:418    .text._ZN10MotorDriveC2EP12PwmSingleOutS1_S1_S1_S1_S1_S1_S1_PsPh:00000000 $t
/var/folders/5c/srt4fy4j1pd641bjfx75k5000000gn/T//ccAR2VDp.s:424    .text._ZN10MotorDriveC2EP12PwmSingleOutS1_S1_S1_S1_S1_S1_S1_PsPh:00000000 _ZN10MotorDriveC2EP12PwmSingleOutS1_S1_S1_S1_S1_S1_S1_PsPh
/var/folders/5c/srt4fy4j1pd641bjfx75k5000000gn/T//ccAR2VDp.s:590    .text._ZN10MotorDriveC2EP12PwmSingleOutS1_S1_S1_S1_S1_S1_S1_PsPh:000000d0 $d
.ARM.exidx.text._ZN10MotorDriveC2EP12PwmSingleOutS1_S1_S1_S1_S1_S1_S1_PsPh:00000000 $d
/var/folders/5c/srt4fy4j1pd641bjfx75k5000000gn/T//ccAR2VDp.s:424    .text._ZN10MotorDriveC2EP12PwmSingleOutS1_S1_S1_S1_S1_S1_S1_PsPh:00000000 _ZN10MotorDriveC1EP12PwmSingleOutS1_S1_S1_S1_S1_S1_S1_PsPh
/var/folders/5c/srt4fy4j1pd641bjfx75k5000000gn/T//ccAR2VDp.s:598    .text._ZN10MotorDrive4InitEv:00000000 $t
/var/folders/5c/srt4fy4j1pd641bjfx75k5000000gn/T//ccAR2VDp.s:604    .text._ZN10MotorDrive4InitEv:00000000 _ZN10MotorDrive4InitEv
.ARM.exidx.text._ZN10MotorDrive4InitEv:00000000 $d
/var/folders/5c/srt4fy4j1pd641bjfx75k5000000gn/T//ccAR2VDp.s:670    .text._ZN10MotorDrive3RunEssss:00000000 $t
/var/folders/5c/srt4fy4j1pd641bjfx75k5000000gn/T//ccAR2VDp.s:676    .text._ZN10MotorDrive3RunEssss:00000000 _ZN10MotorDrive3RunEssss
/var/folders/5c/srt4fy4j1pd641bjfx75k5000000gn/T//ccAR2VDp.s:920    .text._ZN10MotorDrive3RunEssss:00000198 $d
.ARM.exidx.text._ZN10MotorDrive3RunEssss:00000000 $d
/var/folders/5c/srt4fy4j1pd641bjfx75k5000000gn/T//ccAR2VDp.s:929    .text._ZN10MotorDrive5DriveEsh:00000000 $t
/var/folders/5c/srt4fy4j1pd641bjfx75k5000000gn/T//ccAR2VDp.s:935    .text._ZN10MotorDrive5DriveEsh:00000000 _ZN10MotorDrive5DriveEsh
/var/folders/5c/srt4fy4j1pd641bjfx75k5000000gn/T//ccAR2VDp.s:1297   .text._ZN10MotorDrive5DriveEsh:00000208 $d
.ARM.extab.text._ZN10MotorDrive5DriveEsh:00000000 $d
.ARM.exidx.text._ZN10MotorDrive5DriveEsh:00000000 $d
/var/folders/5c/srt4fy4j1pd641bjfx75k5000000gn/T//ccAR2VDp.s:1303   .text._ZN10MotorDrive5BrakeEv:00000000 $t
/var/folders/5c/srt4fy4j1pd641bjfx75k5000000gn/T//ccAR2VDp.s:1309   .text._ZN10MotorDrive5BrakeEv:00000000 _ZN10MotorDrive5BrakeEv
.ARM.exidx.text._ZN10MotorDrive5BrakeEv:00000000 $d
/var/folders/5c/srt4fy4j1pd641bjfx75k5000000gn/T//ccAR2VDp.s:1383   .text._ZN10MotorDrive15CheckConnectionEv:00000000 $t
/var/folders/5c/srt4fy4j1pd641bjfx75k5000000gn/T//ccAR2VDp.s:1389   .text._ZN10MotorDrive15CheckConnectionEv:00000000 _ZN10MotorDrive15CheckConnectionEv
.ARM.exidx.text._ZN10MotorDrive15CheckConnectionEv:00000000 $d
/var/folders/5c/srt4fy4j1pd641bjfx75k5000000gn/T//ccAR2VDp.s:1475   .bss.debug:00000000 debug
/var/folders/5c/srt4fy4j1pd641bjfx75k5000000gn/T//ccAR2VDp.s:1472   .bss.debug:00000000 $d

UNDEFINED SYMBOLS
HAL_TIM_PWM_Start
__aeabi_unwind_cpp_pr0
__aeabi_f2d
__aeabi_ui2d
__aeabi_dmul
__aeabi_d2iz
HAL_TIM_Base_Init
HAL_Delay
Error_Handler
SystemCoreClock
_ZN3PIDC1Ev
_ZN5TimerC1Ev
_ZN9MovingAve9SetLengthEh
_ZN3PID7SetGainEfff
_ZN3PID8SetLimitEt
_ZN3PID15SetSamplingFreqEt
_ZN3PID7SetTypeEh
ARM GAS  /var/folders/5c/srt4fy4j1pd641bjfx75k5000000gn/T//ccAR2VDp.s 			page 34


sinDeg
_ZN3PID7ComputeEff
_ZN3PID3GetEv
_ZN9MovingAve7ComputeEf
_ZN9MovingAve3GetEv
__aeabi_unwind_cpp_pr1
