ARM GAS  /var/folders/5c/srt4fy4j1pd641bjfx75k5000000gn/T//cc9mTglv.s 			page 1


   1              		.cpu cortex-m4
   2              		.arch armv7e-m
   3              		.fpu fpv4-sp-d16
   4              		.eabi_attribute 27, 1
   5              		.eabi_attribute 28, 1
   6              		.eabi_attribute 20, 1
   7              		.eabi_attribute 21, 1
   8              		.eabi_attribute 23, 3
   9              		.eabi_attribute 24, 1
  10              		.eabi_attribute 25, 1
  11              		.eabi_attribute 26, 1
  12              		.eabi_attribute 30, 1
  13              		.eabi_attribute 34, 1
  14              		.eabi_attribute 18, 4
  15              		.file	"Timer.cpp"
  16              		.text
  17              	.Ltext0:
  18              		.cfi_sections	.debug_frame
  19              		.file 1 "lib/Timer/Timer.cpp"
  20              		.section	.text._ZN5TimerC2Ev,"ax",%progbits
  21              		.align	1
  22              		.global	_ZN5TimerC2Ev
  23              		.syntax unified
  24              		.thumb
  25              		.thumb_func
  27              	_ZN5TimerC2Ev:
  28              		.fnstart
  29              	.LVL0:
  30              	.LFB240:
   1:lib/Timer/Timer.cpp **** #include "Timer.hpp"
   2:lib/Timer/Timer.cpp **** 
   3:lib/Timer/Timer.cpp **** Timer::Timer() {
  31              		.loc 1 3 1 view -0
  32              		.cfi_startproc
  33              		@ args = 0, pretend = 0, frame = 0
  34              		@ frame_needed = 0, uses_anonymous_args = 0
  35              		@ link register save eliminated.
  36              	.LBB2:
   4:lib/Timer/Timer.cpp ****       CoreDebug->DEMCR |= CoreDebug_DEMCR_TRCENA_Msk;
  37              		.loc 1 4 7 view .LVU1
  38              		.loc 1 4 18 is_stmt 0 view .LVU2
  39 0000 064A     		ldr	r2, .L2
  40 0002 D2F8FC30 		ldr	r3, [r2, #252]
  41              		.loc 1 4 24 view .LVU3
  42 0006 43F08073 		orr	r3, r3, #16777216
  43 000a C2F8FC30 		str	r3, [r2, #252]
   5:lib/Timer/Timer.cpp ****       DWT->CTRL |= DWT_CTRL_CYCCNTENA_Msk;
  44              		.loc 1 5 7 is_stmt 1 view .LVU4
  45              		.loc 1 5 12 is_stmt 0 view .LVU5
  46 000e A2F55D42 		sub	r2, r2, #56576
  47 0012 1368     		ldr	r3, [r2]
  48              		.loc 1 5 17 view .LVU6
  49 0014 43F00103 		orr	r3, r3, #1
  50 0018 1360     		str	r3, [r2]
  51              	.LBE2:
   6:lib/Timer/Timer.cpp **** }
  52              		.loc 1 6 1 view .LVU7
ARM GAS  /var/folders/5c/srt4fy4j1pd641bjfx75k5000000gn/T//cc9mTglv.s 			page 2


  53 001a 7047     		bx	lr
  54              	.L3:
  55              		.align	2
  56              	.L2:
  57 001c 00ED00E0 		.word	-536810240
  58              		.cfi_endproc
  59              	.LFE240:
  60              		.cantunwind
  61              		.fnend
  63              		.global	_ZN5TimerC1Ev
  64              		.thumb_set _ZN5TimerC1Ev,_ZN5TimerC2Ev
  65              		.section	.text._ZN5Timer5resetEv,"ax",%progbits
  66              		.align	1
  67              		.global	_ZN5Timer5resetEv
  68              		.syntax unified
  69              		.thumb
  70              		.thumb_func
  72              	_ZN5Timer5resetEv:
  73              		.fnstart
  74              	.LVL1:
  75              	.LFB242:
   7:lib/Timer/Timer.cpp **** 
   8:lib/Timer/Timer.cpp **** void Timer::reset() {
  76              		.loc 1 8 21 is_stmt 1 view -0
  77              		.cfi_startproc
  78              		@ args = 0, pretend = 0, frame = 0
  79              		@ frame_needed = 0, uses_anonymous_args = 0
  80              		@ link register save eliminated.
   9:lib/Timer/Timer.cpp ****       startTime = DWT->CYCCNT;
  81              		.loc 1 9 7 view .LVU9
  82              		.loc 1 9 24 is_stmt 0 view .LVU10
  83 0000 014B     		ldr	r3, .L5
  84 0002 5B68     		ldr	r3, [r3, #4]
  85              		.loc 1 9 17 view .LVU11
  86 0004 0360     		str	r3, [r0]
  10:lib/Timer/Timer.cpp **** }
  87              		.loc 1 10 1 view .LVU12
  88 0006 7047     		bx	lr
  89              	.L6:
  90              		.align	2
  91              	.L5:
  92 0008 001000E0 		.word	-536866816
  93              		.cfi_endproc
  94              	.LFE242:
  95              		.cantunwind
  96              		.fnend
  98              		.section	.text._ZN5Timer4readEv,"ax",%progbits
  99              		.align	1
 100              		.global	_ZN5Timer4readEv
 101              		.syntax unified
 102              		.thumb
 103              		.thumb_func
 105              	_ZN5Timer4readEv:
 106              		.fnstart
 107              	.LVL2:
 108              	.LFB243:
  11:lib/Timer/Timer.cpp **** 
ARM GAS  /var/folders/5c/srt4fy4j1pd641bjfx75k5000000gn/T//cc9mTglv.s 			page 3


  12:lib/Timer/Timer.cpp **** float Timer::read() {
 109              		.loc 1 12 21 is_stmt 1 view -0
 110              		.cfi_startproc
 111              		@ args = 0, pretend = 0, frame = 0
 112              		@ frame_needed = 0, uses_anonymous_args = 0
 113              		.loc 1 12 21 is_stmt 0 view .LVU14
 114 0000 08B5     		push	{r3, lr}
 115              		.save {r3, lr}
 116              	.LCFI0:
 117              		.cfi_def_cfa_offset 8
 118              		.cfi_offset 3, -8
 119              		.cfi_offset 14, -4
 120 0002 2DED028B 		vpush.64	{d8}
 121              		.vsave {d8}
 122              	.LCFI1:
 123              		.cfi_def_cfa_offset 16
 124              		.cfi_offset 80, -16
 125              		.cfi_offset 81, -12
  13:lib/Timer/Timer.cpp ****       return (float)(DWT->CYCCNT - startTime) / HAL_RCC_GetSysClockFreq();
 126              		.loc 1 13 7 is_stmt 1 view .LVU15
 127              		.loc 1 13 27 is_stmt 0 view .LVU16
 128 0006 094B     		ldr	r3, .L9
 129 0008 5B68     		ldr	r3, [r3, #4]
 130              		.loc 1 13 36 view .LVU17
 131 000a 0268     		ldr	r2, [r0]
 132              		.loc 1 13 34 view .LVU18
 133 000c 9B1A     		subs	r3, r3, r2
 134              		.loc 1 13 14 view .LVU19
 135 000e 07EE903A 		vmov	s15, r3	@ int
 136 0012 B8EE678A 		vcvt.f32.u32	s16, s15
 137              		.loc 1 13 72 view .LVU20
 138 0016 FFF7FEFF 		bl	HAL_RCC_GetSysClockFreq
 139              	.LVL3:
 140              		.loc 1 13 72 view .LVU21
 141 001a 00EE100A 		vmov	s0, r0	@ int
 142              		.loc 1 13 47 view .LVU22
 143 001e B8EE400A 		vcvt.f32.u32	s0, s0
  14:lib/Timer/Timer.cpp **** }
 144              		.loc 1 14 1 view .LVU23
 145 0022 88EE000A 		vdiv.f32	s0, s16, s0
 146 0026 BDEC028B 		vldm	sp!, {d8}
 147              	.LCFI2:
 148              		.cfi_restore 80
 149              		.cfi_restore 81
 150              		.cfi_def_cfa_offset 8
 151 002a 08BD     		pop	{r3, pc}
 152              	.L10:
 153              		.align	2
 154              	.L9:
 155 002c 001000E0 		.word	-536866816
 156              		.cfi_endproc
 157              	.LFE243:
 158              		.fnend
 160              		.section	.text._ZN5Timer7read_msEv,"ax",%progbits
 161              		.align	1
 162              		.global	_ZN5Timer7read_msEv
 163              		.syntax unified
ARM GAS  /var/folders/5c/srt4fy4j1pd641bjfx75k5000000gn/T//cc9mTglv.s 			page 4


 164              		.thumb
 165              		.thumb_func
 167              	_ZN5Timer7read_msEv:
 168              		.fnstart
 169              	.LVL4:
 170              	.LFB244:
  15:lib/Timer/Timer.cpp **** 
  16:lib/Timer/Timer.cpp **** uint32_t Timer::read_ms() {
 171              		.loc 1 16 27 is_stmt 1 view -0
 172              		.cfi_startproc
 173              		@ args = 0, pretend = 0, frame = 0
 174              		@ frame_needed = 0, uses_anonymous_args = 0
 175              		.loc 1 16 27 is_stmt 0 view .LVU25
 176 0000 08B5     		push	{r3, lr}
 177              		.save {r3, lr}
 178              	.LCFI3:
 179              		.cfi_def_cfa_offset 8
 180              		.cfi_offset 3, -8
 181              		.cfi_offset 14, -4
 182 0002 2DED028B 		vpush.64	{d8}
 183              		.vsave {d8}
 184              	.LCFI4:
 185              		.cfi_def_cfa_offset 16
 186              		.cfi_offset 80, -16
 187              		.cfi_offset 81, -12
  17:lib/Timer/Timer.cpp ****       return (uint32_t)((float)(DWT->CYCCNT - startTime) / HAL_RCC_GetSysClockFreq() * 1000);
 188              		.loc 1 17 7 is_stmt 1 view .LVU26
 189              		.loc 1 17 38 is_stmt 0 view .LVU27
 190 0006 0D4B     		ldr	r3, .L13
 191 0008 5B68     		ldr	r3, [r3, #4]
 192              		.loc 1 17 47 view .LVU28
 193 000a 0268     		ldr	r2, [r0]
 194              		.loc 1 17 45 view .LVU29
 195 000c 9B1A     		subs	r3, r3, r2
 196              		.loc 1 17 25 view .LVU30
 197 000e 07EE903A 		vmov	s15, r3	@ int
 198 0012 B8EE678A 		vcvt.f32.u32	s16, s15
 199              		.loc 1 17 83 view .LVU31
 200 0016 FFF7FEFF 		bl	HAL_RCC_GetSysClockFreq
 201              	.LVL5:
 202              		.loc 1 17 83 view .LVU32
 203 001a 07EE100A 		vmov	s14, r0	@ int
 204              		.loc 1 17 58 view .LVU33
 205 001e B8EE477A 		vcvt.f32.u32	s14, s14
 206 0022 C8EE077A 		vdiv.f32	s15, s16, s14
 207              		.loc 1 17 86 view .LVU34
 208 0026 9FED067A 		vldr.32	s14, .L13+4
 209 002a 67EE877A 		vmul.f32	s15, s15, s14
  18:lib/Timer/Timer.cpp **** }
 210              		.loc 1 18 1 view .LVU35
 211 002e FCEEE77A 		vcvt.u32.f32	s15, s15
 212 0032 17EE900A 		vmov	r0, s15	@ int
 213 0036 BDEC028B 		vldm	sp!, {d8}
 214              	.LCFI5:
 215              		.cfi_restore 80
 216              		.cfi_restore 81
 217              		.cfi_def_cfa_offset 8
ARM GAS  /var/folders/5c/srt4fy4j1pd641bjfx75k5000000gn/T//cc9mTglv.s 			page 5


 218 003a 08BD     		pop	{r3, pc}
 219              	.L14:
 220              		.align	2
 221              	.L13:
 222 003c 001000E0 		.word	-536866816
 223 0040 00007A44 		.word	1148846080
 224              		.cfi_endproc
 225              	.LFE244:
 226              		.fnend
 228              		.section	.text._ZN5Timer7read_usEv,"ax",%progbits
 229              		.align	1
 230              		.global	_ZN5Timer7read_usEv
 231              		.syntax unified
 232              		.thumb
 233              		.thumb_func
 235              	_ZN5Timer7read_usEv:
 236              		.fnstart
 237              	.LVL6:
 238              	.LFB245:
  19:lib/Timer/Timer.cpp **** 
  20:lib/Timer/Timer.cpp **** uint32_t Timer::read_us() {
 239              		.loc 1 20 27 is_stmt 1 view -0
 240              		.cfi_startproc
 241              		@ args = 0, pretend = 0, frame = 0
 242              		@ frame_needed = 0, uses_anonymous_args = 0
 243              		.loc 1 20 27 is_stmt 0 view .LVU37
 244 0000 08B5     		push	{r3, lr}
 245              		.save {r3, lr}
 246              	.LCFI6:
 247              		.cfi_def_cfa_offset 8
 248              		.cfi_offset 3, -8
 249              		.cfi_offset 14, -4
 250 0002 2DED028B 		vpush.64	{d8}
 251              		.vsave {d8}
 252              	.LCFI7:
 253              		.cfi_def_cfa_offset 16
 254              		.cfi_offset 80, -16
 255              		.cfi_offset 81, -12
  21:lib/Timer/Timer.cpp ****       return (uint32_t)((float)(DWT->CYCCNT - startTime) / HAL_RCC_GetSysClockFreq() * 1000000);
 256              		.loc 1 21 7 is_stmt 1 view .LVU38
 257              		.loc 1 21 38 is_stmt 0 view .LVU39
 258 0006 0D4B     		ldr	r3, .L17
 259 0008 5B68     		ldr	r3, [r3, #4]
 260              		.loc 1 21 47 view .LVU40
 261 000a 0268     		ldr	r2, [r0]
 262              		.loc 1 21 45 view .LVU41
 263 000c 9B1A     		subs	r3, r3, r2
 264              		.loc 1 21 25 view .LVU42
 265 000e 07EE903A 		vmov	s15, r3	@ int
 266 0012 B8EE678A 		vcvt.f32.u32	s16, s15
 267              		.loc 1 21 83 view .LVU43
 268 0016 FFF7FEFF 		bl	HAL_RCC_GetSysClockFreq
 269              	.LVL7:
 270              		.loc 1 21 83 view .LVU44
 271 001a 07EE100A 		vmov	s14, r0	@ int
 272              		.loc 1 21 58 view .LVU45
 273 001e B8EE477A 		vcvt.f32.u32	s14, s14
ARM GAS  /var/folders/5c/srt4fy4j1pd641bjfx75k5000000gn/T//cc9mTglv.s 			page 6


 274 0022 C8EE077A 		vdiv.f32	s15, s16, s14
 275              		.loc 1 21 86 view .LVU46
 276 0026 9FED067A 		vldr.32	s14, .L17+4
 277 002a 67EE877A 		vmul.f32	s15, s15, s14
  22:lib/Timer/Timer.cpp **** }
 278              		.loc 1 22 1 view .LVU47
 279 002e FCEEE77A 		vcvt.u32.f32	s15, s15
 280 0032 17EE900A 		vmov	r0, s15	@ int
 281 0036 BDEC028B 		vldm	sp!, {d8}
 282              	.LCFI8:
 283              		.cfi_restore 80
 284              		.cfi_restore 81
 285              		.cfi_def_cfa_offset 8
 286 003a 08BD     		pop	{r3, pc}
 287              	.L18:
 288              		.align	2
 289              	.L17:
 290 003c 001000E0 		.word	-536866816
 291 0040 00247449 		.word	1232348160
 292              		.cfi_endproc
 293              	.LFE245:
 294              		.fnend
 296              		.section	.text._ZN5Timer10read_countEv,"ax",%progbits
 297              		.align	1
 298              		.global	_ZN5Timer10read_countEv
 299              		.syntax unified
 300              		.thumb
 301              		.thumb_func
 303              	_ZN5Timer10read_countEv:
 304              		.fnstart
 305              	.LVL8:
 306              	.LFB246:
  23:lib/Timer/Timer.cpp **** 
  24:lib/Timer/Timer.cpp **** uint32_t Timer::read_count() {
 307              		.loc 1 24 30 is_stmt 1 view -0
 308              		.cfi_startproc
 309              		@ args = 0, pretend = 0, frame = 0
 310              		@ frame_needed = 0, uses_anonymous_args = 0
 311              		@ link register save eliminated.
  25:lib/Timer/Timer.cpp ****       return DWT->CYCCNT - startTime;
 312              		.loc 1 25 7 view .LVU49
 313              		.loc 1 25 19 is_stmt 0 view .LVU50
 314 0000 024B     		ldr	r3, .L20
 315 0002 5A68     		ldr	r2, [r3, #4]
 316              		.loc 1 25 28 view .LVU51
 317 0004 0068     		ldr	r0, [r0]
 318              	.LVL9:
  26:lib/Timer/Timer.cpp **** }
 319              		.loc 1 26 1 view .LVU52
 320 0006 101A     		subs	r0, r2, r0
 321 0008 7047     		bx	lr
 322              	.L21:
 323 000a 00BF     		.align	2
 324              	.L20:
 325 000c 001000E0 		.word	-536866816
 326              		.cfi_endproc
 327              	.LFE246:
ARM GAS  /var/folders/5c/srt4fy4j1pd641bjfx75k5000000gn/T//cc9mTglv.s 			page 7


 328              		.cantunwind
 329              		.fnend
 331              		.section	.text._ZN5Timer6set_msEm,"ax",%progbits
 332              		.align	1
 333              		.global	_ZN5Timer6set_msEm
 334              		.syntax unified
 335              		.thumb
 336              		.thumb_func
 338              	_ZN5Timer6set_msEm:
 339              		.fnstart
 340              	.LVL10:
 341              	.LFB247:
  27:lib/Timer/Timer.cpp **** 
  28:lib/Timer/Timer.cpp **** void Timer::set_ms(uint32_t ms) {
 342              		.loc 1 28 33 is_stmt 1 view -0
 343              		.cfi_startproc
 344              		@ args = 0, pretend = 0, frame = 0
 345              		@ frame_needed = 0, uses_anonymous_args = 0
 346              		.loc 1 28 33 is_stmt 0 view .LVU54
 347 0000 70B5     		push	{r4, r5, r6, lr}
 348              		.save {r4, r5, r6, lr}
 349              	.LCFI9:
 350              		.cfi_def_cfa_offset 16
 351              		.cfi_offset 4, -16
 352              		.cfi_offset 5, -12
 353              		.cfi_offset 6, -8
 354              		.cfi_offset 14, -4
 355 0002 0446     		mov	r4, r0
 356 0004 0E46     		mov	r6, r1
  29:lib/Timer/Timer.cpp ****       uint32_t current_count = DWT->CYCCNT;
 357              		.loc 1 29 7 is_stmt 1 view .LVU55
 358              		.loc 1 29 37 is_stmt 0 view .LVU56
 359 0006 064B     		ldr	r3, .L24
 360 0008 5D68     		ldr	r5, [r3, #4]
 361              	.LVL11:
  30:lib/Timer/Timer.cpp ****       uint32_t sys_clk_freq = HAL_RCC_GetSysClockFreq();
 362              		.loc 1 30 7 is_stmt 1 view .LVU57
 363              		.loc 1 30 54 is_stmt 0 view .LVU58
 364 000a FFF7FEFF 		bl	HAL_RCC_GetSysClockFreq
 365              	.LVL12:
  31:lib/Timer/Timer.cpp ****       uint32_t count_offset = (ms * (sys_clk_freq / 1000));
 366              		.loc 1 31 7 is_stmt 1 view .LVU59
 367              		.loc 1 31 51 is_stmt 0 view .LVU60
 368 000e 054A     		ldr	r2, .L24+4
 369 0010 A2FB0023 		umull	r2, r3, r2, r0
 370 0014 9B09     		lsrs	r3, r3, #6
 371              	.LVL13:
  32:lib/Timer/Timer.cpp ****       startTime = current_count - count_offset;
 372              		.loc 1 32 7 is_stmt 1 view .LVU61
 373              		.loc 1 32 33 is_stmt 0 view .LVU62
 374 0016 06FB1355 		mls	r5, r6, r3, r5
 375              	.LVL14:
 376              		.loc 1 32 17 view .LVU63
 377 001a 2560     		str	r5, [r4]
  33:lib/Timer/Timer.cpp **** }
 378              		.loc 1 33 1 view .LVU64
 379 001c 70BD     		pop	{r4, r5, r6, pc}
ARM GAS  /var/folders/5c/srt4fy4j1pd641bjfx75k5000000gn/T//cc9mTglv.s 			page 8


 380              	.LVL15:
 381              	.L25:
 382              		.loc 1 33 1 view .LVU65
 383 001e 00BF     		.align	2
 384              	.L24:
 385 0020 001000E0 		.word	-536866816
 386 0024 D34D6210 		.word	274877907
 387              		.cfi_endproc
 388              	.LFE247:
 389              		.fnend
 391              		.section	.text.wait_ns,"ax",%progbits
 392              		.align	1
 393              		.global	wait_ns
 394              		.syntax unified
 395              		.thumb
 396              		.thumb_func
 398              	wait_ns:
 399              		.fnstart
 400              	.LVL16:
 401              	.LFB248:
  34:lib/Timer/Timer.cpp **** 
  35:lib/Timer/Timer.cpp **** void wait_ns(uint32_t micros) {
 402              		.loc 1 35 31 is_stmt 1 view -0
 403              		.cfi_startproc
 404              		@ args = 0, pretend = 0, frame = 0
 405              		@ frame_needed = 0, uses_anonymous_args = 0
 406              		@ link register save eliminated.
  36:lib/Timer/Timer.cpp ****       uint32_t startTick = DWT->CYCCNT;
 407              		.loc 1 36 7 view .LVU67
 408              		.loc 1 36 33 is_stmt 0 view .LVU68
 409 0000 084B     		ldr	r3, .L28
 410 0002 5A68     		ldr	r2, [r3, #4]
 411              	.LVL17:
  37:lib/Timer/Timer.cpp ****       uint32_t requiredTicks = micros * (SystemCoreClock / 1000000000);
 412              		.loc 1 37 7 is_stmt 1 view .LVU69
 413              		.loc 1 37 58 is_stmt 0 view .LVU70
 414 0004 084B     		ldr	r3, .L28+4
 415 0006 1B68     		ldr	r3, [r3]
 416 0008 5B0A     		lsrs	r3, r3, #9
 417 000a 0849     		ldr	r1, .L28+8
 418 000c A1FB0313 		umull	r1, r3, r1, r3
 419 0010 DB09     		lsrs	r3, r3, #7
 420              		.loc 1 37 16 view .LVU71
 421 0012 03FB00F0 		mul	r0, r3, r0
 422              	.LVL18:
  38:lib/Timer/Timer.cpp **** 
  39:lib/Timer/Timer.cpp ****       while ((DWT->CYCCNT - startTick) < requiredTicks) {
 423              		.loc 1 39 7 is_stmt 1 view .LVU72
 424              	.L27:
 425              		.loc 1 39 40 discriminator 1 view .LVU73
 426              		.loc 1 39 20 is_stmt 0 discriminator 1 view .LVU74
 427 0016 034B     		ldr	r3, .L28
 428 0018 5B68     		ldr	r3, [r3, #4]
 429              		.loc 1 39 27 discriminator 1 view .LVU75
 430 001a 9B1A     		subs	r3, r3, r2
 431              		.loc 1 39 40 discriminator 1 view .LVU76
 432 001c 8342     		cmp	r3, r0
ARM GAS  /var/folders/5c/srt4fy4j1pd641bjfx75k5000000gn/T//cc9mTglv.s 			page 9


 433 001e FAD3     		bcc	.L27
  40:lib/Timer/Timer.cpp ****             // Wait until the required number of ticks has elapsed
  41:lib/Timer/Timer.cpp ****       }
  42:lib/Timer/Timer.cpp **** }
 434              		.loc 1 42 1 view .LVU77
 435 0020 7047     		bx	lr
 436              	.L29:
 437 0022 00BF     		.align	2
 438              	.L28:
 439 0024 001000E0 		.word	-536866816
 440 0028 00000000 		.word	SystemCoreClock
 441 002c 834B0400 		.word	281475
 442              		.cfi_endproc
 443              	.LFE248:
 444              		.cantunwind
 445              		.fnend
 447              		.section	.text.wait_us,"ax",%progbits
 448              		.align	1
 449              		.global	wait_us
 450              		.syntax unified
 451              		.thumb
 452              		.thumb_func
 454              	wait_us:
 455              		.fnstart
 456              	.LVL19:
 457              	.LFB249:
  43:lib/Timer/Timer.cpp **** 
  44:lib/Timer/Timer.cpp **** void wait_us(uint32_t micros) {
 458              		.loc 1 44 31 is_stmt 1 view -0
 459              		.cfi_startproc
 460              		@ args = 0, pretend = 0, frame = 0
 461              		@ frame_needed = 0, uses_anonymous_args = 0
 462              		@ link register save eliminated.
  45:lib/Timer/Timer.cpp ****       uint32_t startTick = DWT->CYCCNT;
 463              		.loc 1 45 7 view .LVU79
 464              		.loc 1 45 33 is_stmt 0 view .LVU80
 465 0000 074B     		ldr	r3, .L32
 466 0002 5A68     		ldr	r2, [r3, #4]
 467              	.LVL20:
  46:lib/Timer/Timer.cpp ****       uint32_t requiredTicks = micros * (SystemCoreClock / 1000000);
 468              		.loc 1 46 7 is_stmt 1 view .LVU81
 469              		.loc 1 46 58 is_stmt 0 view .LVU82
 470 0004 074B     		ldr	r3, .L32+4
 471 0006 1B68     		ldr	r3, [r3]
 472 0008 0749     		ldr	r1, .L32+8
 473 000a A1FB0313 		umull	r1, r3, r1, r3
 474 000e 9B0C     		lsrs	r3, r3, #18
 475              		.loc 1 46 16 view .LVU83
 476 0010 03FB00F0 		mul	r0, r3, r0
 477              	.LVL21:
  47:lib/Timer/Timer.cpp **** 
  48:lib/Timer/Timer.cpp ****       while ((DWT->CYCCNT - startTick) < requiredTicks) {
 478              		.loc 1 48 7 is_stmt 1 view .LVU84
 479              	.L31:
 480              		.loc 1 48 40 discriminator 1 view .LVU85
 481              		.loc 1 48 20 is_stmt 0 discriminator 1 view .LVU86
 482 0014 024B     		ldr	r3, .L32
ARM GAS  /var/folders/5c/srt4fy4j1pd641bjfx75k5000000gn/T//cc9mTglv.s 			page 10


 483 0016 5B68     		ldr	r3, [r3, #4]
 484              		.loc 1 48 27 discriminator 1 view .LVU87
 485 0018 9B1A     		subs	r3, r3, r2
 486              		.loc 1 48 40 discriminator 1 view .LVU88
 487 001a 8342     		cmp	r3, r0
 488 001c FAD3     		bcc	.L31
  49:lib/Timer/Timer.cpp ****             // Wait until the required number of ticks has elapsed
  50:lib/Timer/Timer.cpp ****       }
  51:lib/Timer/Timer.cpp **** }
 489              		.loc 1 51 1 view .LVU89
 490 001e 7047     		bx	lr
 491              	.L33:
 492              		.align	2
 493              	.L32:
 494 0020 001000E0 		.word	-536866816
 495 0024 00000000 		.word	SystemCoreClock
 496 0028 83DE1B43 		.word	1125899907
 497              		.cfi_endproc
 498              	.LFE249:
 499              		.cantunwind
 500              		.fnend
 502              		.section	.text.wait_ms,"ax",%progbits
 503              		.align	1
 504              		.global	wait_ms
 505              		.syntax unified
 506              		.thumb
 507              		.thumb_func
 509              	wait_ms:
 510              		.fnstart
 511              	.LVL22:
 512              	.LFB250:
  52:lib/Timer/Timer.cpp **** 
  53:lib/Timer/Timer.cpp **** void wait_ms(uint32_t micros) {
 513              		.loc 1 53 31 is_stmt 1 view -0
 514              		.cfi_startproc
 515              		@ args = 0, pretend = 0, frame = 0
 516              		@ frame_needed = 0, uses_anonymous_args = 0
 517              		@ link register save eliminated.
  54:lib/Timer/Timer.cpp ****       uint32_t startTick = DWT->CYCCNT;
 518              		.loc 1 54 7 view .LVU91
 519              		.loc 1 54 33 is_stmt 0 view .LVU92
 520 0000 074B     		ldr	r3, .L36
 521 0002 5A68     		ldr	r2, [r3, #4]
 522              	.LVL23:
  55:lib/Timer/Timer.cpp ****       uint32_t requiredTicks = micros * (SystemCoreClock / 1000);
 523              		.loc 1 55 7 is_stmt 1 view .LVU93
 524              		.loc 1 55 58 is_stmt 0 view .LVU94
 525 0004 074B     		ldr	r3, .L36+4
 526 0006 1B68     		ldr	r3, [r3]
 527 0008 0749     		ldr	r1, .L36+8
 528 000a A1FB0313 		umull	r1, r3, r1, r3
 529 000e 9B09     		lsrs	r3, r3, #6
 530              		.loc 1 55 16 view .LVU95
 531 0010 03FB00F0 		mul	r0, r3, r0
 532              	.LVL24:
  56:lib/Timer/Timer.cpp **** 
  57:lib/Timer/Timer.cpp ****       while ((DWT->CYCCNT - startTick) < requiredTicks) {
ARM GAS  /var/folders/5c/srt4fy4j1pd641bjfx75k5000000gn/T//cc9mTglv.s 			page 11


 533              		.loc 1 57 7 is_stmt 1 view .LVU96
 534              	.L35:
 535              		.loc 1 57 40 discriminator 1 view .LVU97
 536              		.loc 1 57 20 is_stmt 0 discriminator 1 view .LVU98
 537 0014 024B     		ldr	r3, .L36
 538 0016 5B68     		ldr	r3, [r3, #4]
 539              		.loc 1 57 27 discriminator 1 view .LVU99
 540 0018 9B1A     		subs	r3, r3, r2
 541              		.loc 1 57 40 discriminator 1 view .LVU100
 542 001a 8342     		cmp	r3, r0
 543 001c FAD3     		bcc	.L35
  58:lib/Timer/Timer.cpp ****             // Wait until the required number of ticks has elapsed
  59:lib/Timer/Timer.cpp ****       }
  60:lib/Timer/Timer.cpp **** }...
 544              		.loc 1 60 1 view .LVU101
 545 001e 7047     		bx	lr
 546              	.L37:
 547              		.align	2
 548              	.L36:
 549 0020 001000E0 		.word	-536866816
 550 0024 00000000 		.word	SystemCoreClock
 551 0028 D34D6210 		.word	274877907
 552              		.cfi_endproc
 553              	.LFE250:
 554              		.cantunwind
 555              		.fnend
 557              		.text
 558              	.Letext0:
 559              		.file 2 "/opt/ST/STM32CubeCLT_1.16.0/GNU-tools-for-STM32/arm-none-eabi/include/machine/_default_ty
 560              		.file 3 "/opt/ST/STM32CubeCLT_1.16.0/GNU-tools-for-STM32/arm-none-eabi/include/sys/_stdint.h"
 561              		.file 4 "Drivers/CMSIS/Include/core_cm4.h"
 562              		.file 5 "lib/Timer/Timer.hpp"
 563              		.file 6 "Drivers/CMSIS/Device/ST/STM32F4xx/Include/system_stm32f4xx.h"
 564              		.file 7 "Drivers/STM32F4xx_HAL_Driver/Inc/stm32f4xx_hal_rcc.h"
ARM GAS  /var/folders/5c/srt4fy4j1pd641bjfx75k5000000gn/T//cc9mTglv.s 			page 12


DEFINED SYMBOLS
                            *ABS*:00000000 Timer.cpp
/var/folders/5c/srt4fy4j1pd641bjfx75k5000000gn/T//cc9mTglv.s:21     .text._ZN5TimerC2Ev:00000000 $t
/var/folders/5c/srt4fy4j1pd641bjfx75k5000000gn/T//cc9mTglv.s:27     .text._ZN5TimerC2Ev:00000000 _ZN5TimerC2Ev
/var/folders/5c/srt4fy4j1pd641bjfx75k5000000gn/T//cc9mTglv.s:57     .text._ZN5TimerC2Ev:0000001c $d
    .ARM.exidx.text._ZN5TimerC2Ev:00000000 $d
/var/folders/5c/srt4fy4j1pd641bjfx75k5000000gn/T//cc9mTglv.s:27     .text._ZN5TimerC2Ev:00000000 _ZN5TimerC1Ev
/var/folders/5c/srt4fy4j1pd641bjfx75k5000000gn/T//cc9mTglv.s:66     .text._ZN5Timer5resetEv:00000000 $t
/var/folders/5c/srt4fy4j1pd641bjfx75k5000000gn/T//cc9mTglv.s:72     .text._ZN5Timer5resetEv:00000000 _ZN5Timer5resetEv
/var/folders/5c/srt4fy4j1pd641bjfx75k5000000gn/T//cc9mTglv.s:92     .text._ZN5Timer5resetEv:00000008 $d
.ARM.exidx.text._ZN5Timer5resetEv:00000000 $d
/var/folders/5c/srt4fy4j1pd641bjfx75k5000000gn/T//cc9mTglv.s:99     .text._ZN5Timer4readEv:00000000 $t
/var/folders/5c/srt4fy4j1pd641bjfx75k5000000gn/T//cc9mTglv.s:105    .text._ZN5Timer4readEv:00000000 _ZN5Timer4readEv
/var/folders/5c/srt4fy4j1pd641bjfx75k5000000gn/T//cc9mTglv.s:155    .text._ZN5Timer4readEv:0000002c $d
 .ARM.extab.text._ZN5Timer4readEv:00000000 $d
 .ARM.exidx.text._ZN5Timer4readEv:00000000 $d
/var/folders/5c/srt4fy4j1pd641bjfx75k5000000gn/T//cc9mTglv.s:161    .text._ZN5Timer7read_msEv:00000000 $t
/var/folders/5c/srt4fy4j1pd641bjfx75k5000000gn/T//cc9mTglv.s:167    .text._ZN5Timer7read_msEv:00000000 _ZN5Timer7read_msEv
/var/folders/5c/srt4fy4j1pd641bjfx75k5000000gn/T//cc9mTglv.s:222    .text._ZN5Timer7read_msEv:0000003c $d
.ARM.extab.text._ZN5Timer7read_msEv:00000000 $d
.ARM.exidx.text._ZN5Timer7read_msEv:00000000 $d
/var/folders/5c/srt4fy4j1pd641bjfx75k5000000gn/T//cc9mTglv.s:229    .text._ZN5Timer7read_usEv:00000000 $t
/var/folders/5c/srt4fy4j1pd641bjfx75k5000000gn/T//cc9mTglv.s:235    .text._ZN5Timer7read_usEv:00000000 _ZN5Timer7read_usEv
/var/folders/5c/srt4fy4j1pd641bjfx75k5000000gn/T//cc9mTglv.s:290    .text._ZN5Timer7read_usEv:0000003c $d
.ARM.extab.text._ZN5Timer7read_usEv:00000000 $d
.ARM.exidx.text._ZN5Timer7read_usEv:00000000 $d
/var/folders/5c/srt4fy4j1pd641bjfx75k5000000gn/T//cc9mTglv.s:297    .text._ZN5Timer10read_countEv:00000000 $t
/var/folders/5c/srt4fy4j1pd641bjfx75k5000000gn/T//cc9mTglv.s:303    .text._ZN5Timer10read_countEv:00000000 _ZN5Timer10read_countEv
/var/folders/5c/srt4fy4j1pd641bjfx75k5000000gn/T//cc9mTglv.s:325    .text._ZN5Timer10read_countEv:0000000c $d
.ARM.exidx.text._ZN5Timer10read_countEv:00000000 $d
/var/folders/5c/srt4fy4j1pd641bjfx75k5000000gn/T//cc9mTglv.s:332    .text._ZN5Timer6set_msEm:00000000 $t
/var/folders/5c/srt4fy4j1pd641bjfx75k5000000gn/T//cc9mTglv.s:338    .text._ZN5Timer6set_msEm:00000000 _ZN5Timer6set_msEm
/var/folders/5c/srt4fy4j1pd641bjfx75k5000000gn/T//cc9mTglv.s:385    .text._ZN5Timer6set_msEm:00000020 $d
.ARM.exidx.text._ZN5Timer6set_msEm:00000000 $d
/var/folders/5c/srt4fy4j1pd641bjfx75k5000000gn/T//cc9mTglv.s:392    .text.wait_ns:00000000 $t
/var/folders/5c/srt4fy4j1pd641bjfx75k5000000gn/T//cc9mTglv.s:398    .text.wait_ns:00000000 wait_ns
/var/folders/5c/srt4fy4j1pd641bjfx75k5000000gn/T//cc9mTglv.s:439    .text.wait_ns:00000024 $d
          .ARM.exidx.text.wait_ns:00000000 $d
/var/folders/5c/srt4fy4j1pd641bjfx75k5000000gn/T//cc9mTglv.s:448    .text.wait_us:00000000 $t
/var/folders/5c/srt4fy4j1pd641bjfx75k5000000gn/T//cc9mTglv.s:454    .text.wait_us:00000000 wait_us
/var/folders/5c/srt4fy4j1pd641bjfx75k5000000gn/T//cc9mTglv.s:494    .text.wait_us:00000020 $d
          .ARM.exidx.text.wait_us:00000000 $d
/var/folders/5c/srt4fy4j1pd641bjfx75k5000000gn/T//cc9mTglv.s:503    .text.wait_ms:00000000 $t
/var/folders/5c/srt4fy4j1pd641bjfx75k5000000gn/T//cc9mTglv.s:509    .text.wait_ms:00000000 wait_ms
/var/folders/5c/srt4fy4j1pd641bjfx75k5000000gn/T//cc9mTglv.s:549    .text.wait_ms:00000020 $d
          .ARM.exidx.text.wait_ms:00000000 $d

UNDEFINED SYMBOLS
HAL_RCC_GetSysClockFreq
__aeabi_unwind_cpp_pr1
__aeabi_unwind_cpp_pr0
SystemCoreClock
