ARM GAS  /var/folders/5c/srt4fy4j1pd641bjfx75k5000000gn/T//ccRemzjH.s 			page 1


   1              		.cpu cortex-m4
   2              		.arch armv7e-m
   3              		.fpu fpv4-sp-d16
   4              		.eabi_attribute 27, 1
   5              		.eabi_attribute 28, 1
   6              		.eabi_attribute 20, 1
   7              		.eabi_attribute 21, 1
   8              		.eabi_attribute 23, 3
   9              		.eabi_attribute 24, 1
  10              		.eabi_attribute 25, 1
  11              		.eabi_attribute 26, 1
  12              		.eabi_attribute 30, 1
  13              		.eabi_attribute 34, 1
  14              		.eabi_attribute 18, 4
  15              		.file	"app.cpp"
  16              		.text
  17              	.Ltext0:
  18              		.cfi_sections	.debug_frame
  19              		.file 1 "src/app/app.cpp"
  20              		.section	.text._Z41__static_initialization_and_destruction_0ii,"ax",%progbits
  21              		.align	1
  22              		.syntax unified
  23              		.thumb
  24              		.thumb_func
  26              	_Z41__static_initialization_and_destruction_0ii:
  27              		.fnstart
  28              	.LVL0:
  29              	.LFB265:
   1:src/app/app.cpp **** #include "app.h"
   2:src/app/app.cpp **** 
   3:src/app/app.cpp **** #include "Timer.hpp"
   4:src/app/app.cpp **** #include "config.h"
   5:src/app/app.cpp **** #include "hardware.hpp"
   6:src/app/app.cpp **** 
   7:src/app/app.cpp **** Hardware hardware;
   8:src/app/app.cpp **** Timer process_timer;
   9:src/app/app.cpp **** 
  10:src/app/app.cpp **** uint16_t process_time_;  // us
  11:src/app/app.cpp **** 
  12:src/app/app.cpp **** // cortex-debug
  13:src/app/app.cpp **** int process_freq;
  14:src/app/app.cpp **** int encoder[4];
  15:src/app/app.cpp **** 
  16:src/app/app.cpp **** int16_t dir;
  17:src/app/app.cpp **** uint8_t max_interval;
  18:src/app/app.cpp **** bool is_half_out;
  19:src/app/app.cpp **** bool is_on_line;
  20:src/app/app.cpp **** bool is_leftside_white;
  21:src/app/app.cpp **** bool is_rightside_white;
  22:src/app/app.cpp **** 
  23:src/app/app.cpp **** void TimInterrupt2khz() {
  24:src/app/app.cpp ****       static uint8_t i = 0;
  25:src/app/app.cpp ****       i++;
  26:src/app/app.cpp ****       if (i > 100) {
  27:src/app/app.cpp ****             hardware.led1 = 1 - hardware.led1;
  28:src/app/app.cpp ****             i = 0;
  29:src/app/app.cpp ****       }
ARM GAS  /var/folders/5c/srt4fy4j1pd641bjfx75k5000000gn/T//ccRemzjH.s 			page 2


  30:src/app/app.cpp ****       hardware.MainUart();
  31:src/app/app.cpp **** }
  32:src/app/app.cpp **** 
  33:src/app/app.cpp **** void setup() {
  34:src/app/app.cpp ****       hardware.Init();
  35:src/app/app.cpp ****       hardware.line.SetTh();
  36:src/app/app.cpp **** }
  37:src/app/app.cpp **** 
  38:src/app/app.cpp **** void main_app() {
  39:src/app/app.cpp ****       while (1) {
  40:src/app/app.cpp ****             process_timer.reset();
  41:src/app/app.cpp ****             hardware.GetSensors();
  42:src/app/app.cpp ****             hardware.encoder.Read();
  43:src/app/app.cpp ****             if (hardware.info.Line.do_read == 1) {
  44:src/app/app.cpp ****                   hardware.line.OnLed();
  45:src/app/app.cpp ****                   hardware.line.Read();
  46:src/app/app.cpp ****                   hardware.line.Compute();
  47:src/app/app.cpp ****             } else {
  48:src/app/app.cpp ****                   hardware.line.OffLed();
  49:src/app/app.cpp ****             }
  50:src/app/app.cpp **** 
  51:src/app/app.cpp ****             // cortex-debug
  52:src/app/app.cpp ****             encoder[0] = hardware.info.Encoder.rps[0];
  53:src/app/app.cpp ****             encoder[1] = hardware.info.Encoder.rps[1];
  54:src/app/app.cpp ****             encoder[2] = hardware.info.Encoder.rps[2];
  55:src/app/app.cpp ****             encoder[3] = hardware.info.Encoder.rps[3];
  56:src/app/app.cpp **** 
  57:src/app/app.cpp ****             dir = hardware.info.Line.dir;
  58:src/app/app.cpp ****             is_half_out = hardware.info.Line.is_half_out;
  59:src/app/app.cpp ****             is_leftside_white = hardware.info.Line.is_leftside_white;
  60:src/app/app.cpp ****             is_rightside_white = hardware.info.Line.is_rightside_white;
  61:src/app/app.cpp ****             is_on_line = hardware.info.Line.is_on_line;
  62:src/app/app.cpp ****             max_interval = hardware.info.Line.max_interval;
  63:src/app/app.cpp **** 
  64:src/app/app.cpp ****             //  定周期処理
  65:src/app/app.cpp ****             process_time_ = process_timer.read_us();
  66:src/app/app.cpp ****             if (process_time_ < PERIOD_US) {
  67:src/app/app.cpp ****                   hardware.led2 = 1;
  68:src/app/app.cpp ****                   while (process_timer.read_us() < PERIOD_US);
  69:src/app/app.cpp ****                   hardware.led2 = 0;
  70:src/app/app.cpp ****             }
  71:src/app/app.cpp ****             process_freq = 1.0f / (process_timer.read_us() * 0.000001f);
  72:src/app/app.cpp ****       }
  73:src/app/app.cpp **** }
  30              		.loc 1 73 1 view -0
  31              		.cfi_startproc
  32              		@ args = 0, pretend = 0, frame = 0
  33              		@ frame_needed = 0, uses_anonymous_args = 0
  34              		.loc 1 73 1 is_stmt 0 view .LVU1
  35 0000 0128     		cmp	r0, #1
  36 0002 00D0     		beq	.L7
  37 0004 7047     		bx	lr
  38              	.L7:
  39              		.loc 1 73 1 discriminator 1 view .LVU2
  40 0006 08B5     		push	{r3, lr}
  41              	.LCFI0:
  42              		.cfi_def_cfa_offset 8
ARM GAS  /var/folders/5c/srt4fy4j1pd641bjfx75k5000000gn/T//ccRemzjH.s 			page 3


  43              		.cfi_offset 3, -8
  44              		.cfi_offset 14, -4
  45              		.loc 1 73 1 discriminator 1 view .LVU3
  46 0008 4FF6FF73 		movw	r3, #65535
  47 000c 9942     		cmp	r1, r3
  48 000e 00D0     		beq	.L8
  49              	.LVL1:
  50              	.L1:
  51              		.loc 1 73 1 view .LVU4
  52 0010 08BD     		pop	{r3, pc}
  53              	.LVL2:
  54              	.L8:
   7:src/app/app.cpp **** Timer process_timer;
  55              		.loc 1 7 10 view .LVU5
  56 0012 0348     		ldr	r0, .L9
  57              	.LVL3:
   7:src/app/app.cpp **** Timer process_timer;
  58              		.loc 1 7 10 view .LVU6
  59 0014 FFF7FEFF 		bl	_ZN8HardwareC1Ev
  60              	.LVL4:
   8:src/app/app.cpp **** 
  61              		.loc 1 8 7 view .LVU7
  62 0018 0248     		ldr	r0, .L9+4
  63 001a FFF7FEFF 		bl	_ZN5TimerC1Ev
  64              	.LVL5:
  65              		.loc 1 73 1 view .LVU8
  66 001e F7E7     		b	.L1
  67              	.L10:
  68              		.align	2
  69              	.L9:
  70 0020 00000000 		.word	hardware
  71 0024 00000000 		.word	process_timer
  72              		.cfi_endproc
  73              	.LFE265:
  74              		.cantunwind
  75              		.fnend
  77              		.section	.text._ZN10DigitalOutaSEb,"axG",%progbits,_ZN10DigitalOutaSEb,comdat
  78              		.align	1
  79              		.weak	_ZN10DigitalOutaSEb
  80              		.syntax unified
  81              		.thumb
  82              		.thumb_func
  84              	_ZN10DigitalOutaSEb:
  85              		.fnstart
  86              	.LVL6:
  87              	.LFB253:
  88              		.file 2 "Lib/DigitalInOut/DigitalInOut.hpp"
   1:Lib/DigitalInOut/DigitalInOut.hpp **** #ifndef __DIGITALINOUT__
   2:Lib/DigitalInOut/DigitalInOut.hpp **** #define __DIGITALINOUT__
   3:Lib/DigitalInOut/DigitalInOut.hpp **** 
   4:Lib/DigitalInOut/DigitalInOut.hpp **** #include "main.h"
   5:Lib/DigitalInOut/DigitalInOut.hpp **** 
   6:Lib/DigitalInOut/DigitalInOut.hpp **** #ifdef __cplusplus
   7:Lib/DigitalInOut/DigitalInOut.hpp **** 
   8:Lib/DigitalInOut/DigitalInOut.hpp **** extern "C" {
   9:Lib/DigitalInOut/DigitalInOut.hpp **** 
  10:Lib/DigitalInOut/DigitalInOut.hpp **** class DigitalOut {
ARM GAS  /var/folders/5c/srt4fy4j1pd641bjfx75k5000000gn/T//ccRemzjH.s 			page 4


  11:Lib/DigitalInOut/DigitalInOut.hpp ****      public:
  12:Lib/DigitalInOut/DigitalInOut.hpp ****       DigitalOut(GPIO_TypeDef *port, uint16_t pin) : port(port), pin(pin) {
  13:Lib/DigitalInOut/DigitalInOut.hpp ****             HAL_GPIO_WritePin(port, pin, GPIO_PIN_RESET);
  14:Lib/DigitalInOut/DigitalInOut.hpp ****       }
  15:Lib/DigitalInOut/DigitalInOut.hpp ****       void write(bool value) {
  16:Lib/DigitalInOut/DigitalInOut.hpp ****             HAL_GPIO_WritePin(port, pin, value ? GPIO_PIN_SET : GPIO_PIN_RESET);
  17:Lib/DigitalInOut/DigitalInOut.hpp ****       }
  18:Lib/DigitalInOut/DigitalInOut.hpp **** 
  19:Lib/DigitalInOut/DigitalInOut.hpp ****       void operator=(bool value) {
  89              		.loc 2 19 12 is_stmt 1 view -0
  90              		.cfi_startproc
  91              		@ args = 0, pretend = 0, frame = 0
  92              		@ frame_needed = 0, uses_anonymous_args = 0
  93              		.loc 2 19 12 is_stmt 0 view .LVU10
  94 0000 08B5     		push	{r3, lr}
  95              		.save {r3, lr}
  96              	.LCFI1:
  97              		.cfi_def_cfa_offset 8
  98              		.cfi_offset 3, -8
  99              		.cfi_offset 14, -4
 100 0002 0346     		mov	r3, r0
  20:Lib/DigitalInOut/DigitalInOut.hpp ****             HAL_GPIO_WritePin(port, pin, value ? GPIO_PIN_SET : GPIO_PIN_RESET);
 101              		.loc 2 20 13 is_stmt 1 view .LVU11
 102              		.loc 2 20 30 is_stmt 0 view .LVU12
 103 0004 0068     		ldr	r0, [r0]
 104              	.LVL7:
 105              		.loc 2 20 30 view .LVU13
 106 0006 9B88     		ldrh	r3, [r3, #4]
 107              	.LVL8:
 108              		.loc 2 20 30 view .LVU14
 109 0008 21B1     		cbz	r1, .L13
 110 000a 0122     		movs	r2, #1
 111              	.L12:
 112              		.loc 2 20 30 discriminator 4 view .LVU15
 113 000c 1946     		mov	r1, r3
 114              	.LVL9:
 115              		.loc 2 20 30 discriminator 4 view .LVU16
 116 000e FFF7FEFF 		bl	HAL_GPIO_WritePin
 117              	.LVL10:
  21:Lib/DigitalInOut/DigitalInOut.hpp ****       }
 118              		.loc 2 21 7 discriminator 4 view .LVU17
 119 0012 08BD     		pop	{r3, pc}
 120              	.LVL11:
 121              	.L13:
  20:Lib/DigitalInOut/DigitalInOut.hpp ****             HAL_GPIO_WritePin(port, pin, value ? GPIO_PIN_SET : GPIO_PIN_RESET);
 122              		.loc 2 20 30 view .LVU18
 123 0014 0022     		movs	r2, #0
 124 0016 F9E7     		b	.L12
 125              		.cfi_endproc
 126              	.LFE253:
 127              		.fnend
 129              		.section	.text.TimInterrupt2khz,"ax",%progbits
 130              		.align	1
 131              		.global	TimInterrupt2khz
 132              		.syntax unified
 133              		.thumb
 134              		.thumb_func
ARM GAS  /var/folders/5c/srt4fy4j1pd641bjfx75k5000000gn/T//ccRemzjH.s 			page 5


 136              	TimInterrupt2khz:
 137              		.fnstart
 138              	.LFB262:
  23:src/app/app.cpp ****       static uint8_t i = 0;
 139              		.loc 1 23 25 is_stmt 1 view -0
 140              		.cfi_startproc
 141              		@ args = 0, pretend = 0, frame = 0
 142              		@ frame_needed = 0, uses_anonymous_args = 0
 143 0000 10B5     		push	{r4, lr}
 144              		.save {r4, lr}
 145              	.LCFI2:
 146              		.cfi_def_cfa_offset 8
 147              		.cfi_offset 4, -8
 148              		.cfi_offset 14, -4
  24:src/app/app.cpp ****       i++;
 149              		.loc 1 24 7 view .LVU20
  25:src/app/app.cpp ****       if (i > 100) {
 150              		.loc 1 25 7 view .LVU21
  25:src/app/app.cpp ****       if (i > 100) {
 151              		.loc 1 25 8 is_stmt 0 view .LVU22
 152 0002 0E4A     		ldr	r2, .L19
 153 0004 1378     		ldrb	r3, [r2]	@ zero_extendqisi2
 154 0006 0133     		adds	r3, r3, #1
 155 0008 DBB2     		uxtb	r3, r3
 156 000a 1370     		strb	r3, [r2]
  26:src/app/app.cpp ****             hardware.led1 = 1 - hardware.led1;
 157              		.loc 1 26 7 is_stmt 1 view .LVU23
 158 000c 642B     		cmp	r3, #100
 159 000e 03D8     		bhi	.L18
 160              	.L16:
  30:src/app/app.cpp **** }
 161              		.loc 1 30 7 view .LVU24
  30:src/app/app.cpp **** }
 162              		.loc 1 30 24 is_stmt 0 view .LVU25
 163 0010 0B48     		ldr	r0, .L19+4
 164 0012 FFF7FEFF 		bl	_ZN8Hardware8MainUartEv
 165              	.LVL12:
  31:src/app/app.cpp **** 
 166              		.loc 1 31 1 view .LVU26
 167 0016 10BD     		pop	{r4, pc}
 168              	.L18:
  27:src/app/app.cpp ****             i = 0;
 169              		.loc 1 27 13 is_stmt 1 view .LVU27
 170              	.LVL13:
 171              	.LBB8:
 172              	.LBI8:
  22:Lib/DigitalInOut/DigitalInOut.hpp **** 
  23:Lib/DigitalInOut/DigitalInOut.hpp ****       operator bool() {
 173              		.loc 2 23 7 view .LVU28
 174              	.LBB9:
  24:Lib/DigitalInOut/DigitalInOut.hpp ****             return HAL_GPIO_ReadPin(port, pin) == GPIO_PIN_SET;
 175              		.loc 2 24 13 view .LVU29
 176              		.loc 2 24 36 is_stmt 0 view .LVU30
 177 0018 094B     		ldr	r3, .L19+4
 178 001a 1C46     		mov	r4, r3
 179 001c 198C     		ldrh	r1, [r3, #32]
 180 001e 54F81C0F 		ldr	r0, [r4, #28]!
ARM GAS  /var/folders/5c/srt4fy4j1pd641bjfx75k5000000gn/T//ccRemzjH.s 			page 6


 181 0022 FFF7FEFF 		bl	HAL_GPIO_ReadPin
 182              	.LVL14:
 183              		.loc 2 24 36 view .LVU31
 184              	.LBE9:
 185              	.LBE8:
  27:src/app/app.cpp ****             i = 0;
 186              		.loc 1 27 27 view .LVU32
 187 0026 411E     		subs	r1, r0, #1
 188 0028 18BF     		it	ne
 189 002a 0121     		movne	r1, #1
 190 002c 2046     		mov	r0, r4
 191 002e FFF7FEFF 		bl	_ZN10DigitalOutaSEb
 192              	.LVL15:
  28:src/app/app.cpp ****       }
 193              		.loc 1 28 13 is_stmt 1 view .LVU33
  28:src/app/app.cpp ****       }
 194              		.loc 1 28 15 is_stmt 0 view .LVU34
 195 0032 024B     		ldr	r3, .L19
 196 0034 0022     		movs	r2, #0
 197 0036 1A70     		strb	r2, [r3]
 198 0038 EAE7     		b	.L16
 199              	.L20:
 200 003a 00BF     		.align	2
 201              	.L19:
 202 003c 00000000 		.word	_ZZ16TimInterrupt2khzE1i
 203 0040 00000000 		.word	hardware
 204              		.cfi_endproc
 205              	.LFE262:
 206              		.fnend
 208              		.section	.text.setup,"ax",%progbits
 209              		.align	1
 210              		.global	setup
 211              		.syntax unified
 212              		.thumb
 213              		.thumb_func
 215              	setup:
 216              		.fnstart
 217              	.LFB263:
  33:src/app/app.cpp ****       hardware.Init();
 218              		.loc 1 33 14 is_stmt 1 view -0
 219              		.cfi_startproc
 220              		@ args = 0, pretend = 0, frame = 0
 221              		@ frame_needed = 0, uses_anonymous_args = 0
 222 0000 10B5     		push	{r4, lr}
 223              		.save {r4, lr}
 224              	.LCFI3:
 225              		.cfi_def_cfa_offset 8
 226              		.cfi_offset 4, -8
 227              		.cfi_offset 14, -4
  34:src/app/app.cpp ****       hardware.line.SetTh();
 228              		.loc 1 34 7 view .LVU36
  34:src/app/app.cpp ****       hardware.line.SetTh();
 229              		.loc 1 34 20 is_stmt 0 view .LVU37
 230 0002 044C     		ldr	r4, .L23
 231 0004 2046     		mov	r0, r4
 232 0006 FFF7FEFF 		bl	_ZN8Hardware4InitEv
 233              	.LVL16:
ARM GAS  /var/folders/5c/srt4fy4j1pd641bjfx75k5000000gn/T//ccRemzjH.s 			page 7


  35:src/app/app.cpp **** }
 234              		.loc 1 35 7 is_stmt 1 view .LVU38
  35:src/app/app.cpp **** }
 235              		.loc 1 35 26 is_stmt 0 view .LVU39
 236 000a 04F6B850 		addw	r0, r4, #3512
 237 000e FFF7FEFF 		bl	_ZN4Line5SetThEv
 238              	.LVL17:
  36:src/app/app.cpp **** 
 239              		.loc 1 36 1 view .LVU40
 240 0012 10BD     		pop	{r4, pc}
 241              	.L24:
 242              		.align	2
 243              	.L23:
 244 0014 00000000 		.word	hardware
 245              		.cfi_endproc
 246              	.LFE263:
 247              		.fnend
 249              		.section	.text.main_app,"ax",%progbits
 250              		.align	1
 251              		.global	main_app
 252              		.syntax unified
 253              		.thumb
 254              		.thumb_func
 256              	main_app:
 257              		.fnstart
 258              	.LFB264:
  38:src/app/app.cpp ****       while (1) {
 259              		.loc 1 38 17 is_stmt 1 view -0
 260              		.cfi_startproc
 261              		@ args = 0, pretend = 0, frame = 0
 262              		@ frame_needed = 0, uses_anonymous_args = 0
 263 0000 10B5     		push	{r4, lr}
 264              		.save {r4, lr}
 265              	.LCFI4:
 266              		.cfi_def_cfa_offset 8
 267              		.cfi_offset 4, -8
 268              		.cfi_offset 14, -4
 269 0002 4CE0     		b	.L30
 270              	.L26:
  48:src/app/app.cpp ****             }
 271              		.loc 1 48 19 view .LVU42
  48:src/app/app.cpp ****             }
 272              		.loc 1 48 39 is_stmt 0 view .LVU43
 273 0004 3348     		ldr	r0, .L32
 274 0006 FFF7FEFF 		bl	_ZN4Line6OffLedEv
 275              	.LVL18:
 276              	.L27:
  52:src/app/app.cpp ****             encoder[1] = hardware.info.Encoder.rps[1];
 277              		.loc 1 52 13 is_stmt 1 view .LVU44
  52:src/app/app.cpp ****             encoder[1] = hardware.info.Encoder.rps[1];
 278              		.loc 1 52 53 is_stmt 0 view .LVU45
 279 000a 334B     		ldr	r3, .L32+4
 280 000c 1979     		ldrb	r1, [r3, #4]	@ zero_extendqisi2
  52:src/app/app.cpp ****             encoder[1] = hardware.info.Encoder.rps[1];
 281              		.loc 1 52 24 view .LVU46
 282 000e 334A     		ldr	r2, .L32+8
 283 0010 1160     		str	r1, [r2]
ARM GAS  /var/folders/5c/srt4fy4j1pd641bjfx75k5000000gn/T//ccRemzjH.s 			page 8


  53:src/app/app.cpp ****             encoder[2] = hardware.info.Encoder.rps[2];
 284              		.loc 1 53 13 is_stmt 1 view .LVU47
  53:src/app/app.cpp ****             encoder[2] = hardware.info.Encoder.rps[2];
 285              		.loc 1 53 53 is_stmt 0 view .LVU48
 286 0012 5979     		ldrb	r1, [r3, #5]	@ zero_extendqisi2
  53:src/app/app.cpp ****             encoder[2] = hardware.info.Encoder.rps[2];
 287              		.loc 1 53 24 view .LVU49
 288 0014 5160     		str	r1, [r2, #4]
  54:src/app/app.cpp ****             encoder[3] = hardware.info.Encoder.rps[3];
 289              		.loc 1 54 13 is_stmt 1 view .LVU50
  54:src/app/app.cpp ****             encoder[3] = hardware.info.Encoder.rps[3];
 290              		.loc 1 54 53 is_stmt 0 view .LVU51
 291 0016 9979     		ldrb	r1, [r3, #6]	@ zero_extendqisi2
  54:src/app/app.cpp ****             encoder[3] = hardware.info.Encoder.rps[3];
 292              		.loc 1 54 24 view .LVU52
 293 0018 9160     		str	r1, [r2, #8]
  55:src/app/app.cpp **** 
 294              		.loc 1 55 13 is_stmt 1 view .LVU53
  55:src/app/app.cpp **** 
 295              		.loc 1 55 53 is_stmt 0 view .LVU54
 296 001a D979     		ldrb	r1, [r3, #7]	@ zero_extendqisi2
  55:src/app/app.cpp **** 
 297              		.loc 1 55 24 view .LVU55
 298 001c D160     		str	r1, [r2, #12]
  57:src/app/app.cpp ****             is_half_out = hardware.info.Line.is_half_out;
 299              		.loc 1 57 13 is_stmt 1 view .LVU56
  57:src/app/app.cpp ****             is_half_out = hardware.info.Line.is_half_out;
 300              		.loc 1 57 38 is_stmt 0 view .LVU57
 301 001e B3F91210 		ldrsh	r1, [r3, #18]
  57:src/app/app.cpp ****             is_half_out = hardware.info.Line.is_half_out;
 302              		.loc 1 57 17 view .LVU58
 303 0022 2F4A     		ldr	r2, .L32+12
 304 0024 1180     		strh	r1, [r2]	@ movhi
  58:src/app/app.cpp ****             is_leftside_white = hardware.info.Line.is_leftside_white;
 305              		.loc 1 58 13 is_stmt 1 view .LVU59
  58:src/app/app.cpp ****             is_leftside_white = hardware.info.Line.is_leftside_white;
 306              		.loc 1 58 46 is_stmt 0 view .LVU60
 307 0026 597D     		ldrb	r1, [r3, #21]	@ zero_extendqisi2
  58:src/app/app.cpp ****             is_leftside_white = hardware.info.Line.is_leftside_white;
 308              		.loc 1 58 25 view .LVU61
 309 0028 2E4A     		ldr	r2, .L32+16
 310 002a 1170     		strb	r1, [r2]
  59:src/app/app.cpp ****             is_rightside_white = hardware.info.Line.is_rightside_white;
 311              		.loc 1 59 13 is_stmt 1 view .LVU62
  59:src/app/app.cpp ****             is_rightside_white = hardware.info.Line.is_rightside_white;
 312              		.loc 1 59 52 is_stmt 0 view .LVU63
 313 002c D97D     		ldrb	r1, [r3, #23]	@ zero_extendqisi2
  59:src/app/app.cpp ****             is_rightside_white = hardware.info.Line.is_rightside_white;
 314              		.loc 1 59 31 view .LVU64
 315 002e 2E4A     		ldr	r2, .L32+20
 316 0030 1170     		strb	r1, [r2]
  60:src/app/app.cpp ****             is_on_line = hardware.info.Line.is_on_line;
 317              		.loc 1 60 13 is_stmt 1 view .LVU65
  60:src/app/app.cpp ****             is_on_line = hardware.info.Line.is_on_line;
 318              		.loc 1 60 53 is_stmt 0 view .LVU66
 319 0032 197E     		ldrb	r1, [r3, #24]	@ zero_extendqisi2
  60:src/app/app.cpp ****             is_on_line = hardware.info.Line.is_on_line;
ARM GAS  /var/folders/5c/srt4fy4j1pd641bjfx75k5000000gn/T//ccRemzjH.s 			page 9


 320              		.loc 1 60 32 view .LVU67
 321 0034 2D4A     		ldr	r2, .L32+24
 322 0036 1170     		strb	r1, [r2]
  61:src/app/app.cpp ****             max_interval = hardware.info.Line.max_interval;
 323              		.loc 1 61 13 is_stmt 1 view .LVU68
  61:src/app/app.cpp ****             max_interval = hardware.info.Line.max_interval;
 324              		.loc 1 61 45 is_stmt 0 view .LVU69
 325 0038 997D     		ldrb	r1, [r3, #22]	@ zero_extendqisi2
  61:src/app/app.cpp ****             max_interval = hardware.info.Line.max_interval;
 326              		.loc 1 61 24 view .LVU70
 327 003a 2D4A     		ldr	r2, .L32+28
 328 003c 1170     		strb	r1, [r2]
  62:src/app/app.cpp **** 
 329              		.loc 1 62 13 is_stmt 1 view .LVU71
  62:src/app/app.cpp **** 
 330              		.loc 1 62 47 is_stmt 0 view .LVU72
 331 003e 1A7D     		ldrb	r2, [r3, #20]	@ zero_extendqisi2
  62:src/app/app.cpp **** 
 332              		.loc 1 62 26 view .LVU73
 333 0040 2C4B     		ldr	r3, .L32+32
 334 0042 1A70     		strb	r2, [r3]
  65:src/app/app.cpp ****             if (process_time_ < PERIOD_US) {
 335              		.loc 1 65 13 is_stmt 1 view .LVU74
  65:src/app/app.cpp ****             if (process_time_ < PERIOD_US) {
 336              		.loc 1 65 50 is_stmt 0 view .LVU75
 337 0044 2C48     		ldr	r0, .L32+36
 338 0046 FFF7FEFF 		bl	_ZN5Timer7read_usEv
 339              	.LVL19:
  65:src/app/app.cpp ****             if (process_time_ < PERIOD_US) {
 340              		.loc 1 65 27 view .LVU76
 341 004a 80B2     		uxth	r0, r0
 342 004c 2B4B     		ldr	r3, .L32+40
 343 004e 1880     		strh	r0, [r3]	@ movhi
  66:src/app/app.cpp ****                   hardware.led2 = 1;
 344              		.loc 1 66 13 is_stmt 1 view .LVU77
 345 0050 6328     		cmp	r0, #99
 346 0052 10D8     		bhi	.L28
  67:src/app/app.cpp ****                   while (process_timer.read_us() < PERIOD_US);
 347              		.loc 1 67 19 view .LVU78
 348              	.LVL20:
 349              	.LBB10:
 350              	.LBI10:
  19:Lib/DigitalInOut/DigitalInOut.hpp ****             HAL_GPIO_WritePin(port, pin, value ? GPIO_PIN_SET : GPIO_PIN_RESET);
 351              		.loc 2 19 12 view .LVU79
 352              	.LBB11:
  20:Lib/DigitalInOut/DigitalInOut.hpp ****       }
 353              		.loc 2 20 13 view .LVU80
  20:Lib/DigitalInOut/DigitalInOut.hpp ****       }
 354              		.loc 2 20 30 is_stmt 0 view .LVU81
 355 0054 204B     		ldr	r3, .L32+4
 356 0056 0122     		movs	r2, #1
 357 0058 198D     		ldrh	r1, [r3, #40]
 358 005a 586A     		ldr	r0, [r3, #36]
 359 005c FFF7FEFF 		bl	HAL_GPIO_WritePin
 360              	.LVL21:
 361              	.L29:
  20:Lib/DigitalInOut/DigitalInOut.hpp ****       }
ARM GAS  /var/folders/5c/srt4fy4j1pd641bjfx75k5000000gn/T//ccRemzjH.s 			page 10


 362              		.loc 2 20 30 view .LVU82
 363              	.LBE11:
 364              	.LBE10:
  68:src/app/app.cpp ****                   hardware.led2 = 0;
 365              		.loc 1 68 50 is_stmt 1 discriminator 1 view .LVU83
  68:src/app/app.cpp ****                   hardware.led2 = 0;
 366              		.loc 1 68 47 is_stmt 0 discriminator 1 view .LVU84
 367 0060 2548     		ldr	r0, .L32+36
 368 0062 FFF7FEFF 		bl	_ZN5Timer7read_usEv
 369              	.LVL22:
  68:src/app/app.cpp ****                   hardware.led2 = 0;
 370              		.loc 1 68 50 discriminator 1 view .LVU85
 371 0066 6328     		cmp	r0, #99
 372 0068 FAD9     		bls	.L29
  69:src/app/app.cpp ****             }
 373              		.loc 1 69 19 is_stmt 1 view .LVU86
 374              	.LVL23:
 375              	.LBB12:
 376              	.LBI12:
  19:Lib/DigitalInOut/DigitalInOut.hpp ****             HAL_GPIO_WritePin(port, pin, value ? GPIO_PIN_SET : GPIO_PIN_RESET);
 377              		.loc 2 19 12 view .LVU87
 378              	.LBB13:
  20:Lib/DigitalInOut/DigitalInOut.hpp ****       }
 379              		.loc 2 20 13 view .LVU88
  20:Lib/DigitalInOut/DigitalInOut.hpp ****       }
 380              		.loc 2 20 30 is_stmt 0 view .LVU89
 381 006a 1B4B     		ldr	r3, .L32+4
 382 006c 0022     		movs	r2, #0
 383 006e 198D     		ldrh	r1, [r3, #40]
 384 0070 586A     		ldr	r0, [r3, #36]
 385 0072 FFF7FEFF 		bl	HAL_GPIO_WritePin
 386              	.LVL24:
 387              	.L28:
  20:Lib/DigitalInOut/DigitalInOut.hpp ****       }
 388              		.loc 2 20 30 view .LVU90
 389              	.LBE13:
 390              	.LBE12:
  71:src/app/app.cpp ****       }
 391              		.loc 1 71 13 is_stmt 1 view .LVU91
  71:src/app/app.cpp ****       }
 392              		.loc 1 71 57 is_stmt 0 view .LVU92
 393 0076 2048     		ldr	r0, .L32+36
 394 0078 FFF7FEFF 		bl	_ZN5Timer7read_usEv
 395              	.LVL25:
 396 007c 07EE900A 		vmov	s15, r0	@ int
  71:src/app/app.cpp ****       }
 397              		.loc 1 71 60 view .LVU93
 398 0080 F8EE677A 		vcvt.f32.u32	s15, s15
 399 0084 9FED1E7A 		vldr.32	s14, .L32+44
 400 0088 67EE877A 		vmul.f32	s15, s15, s14
  71:src/app/app.cpp ****       }
 401              		.loc 1 71 33 view .LVU94
 402 008c F7EE006A 		vmov.f32	s13, #1.0e+0
 403 0090 86EEA77A 		vdiv.f32	s14, s13, s15
  71:src/app/app.cpp ****       }
 404              		.loc 1 71 26 view .LVU95
 405 0094 BDEEC77A 		vcvt.s32.f32	s14, s14
ARM GAS  /var/folders/5c/srt4fy4j1pd641bjfx75k5000000gn/T//ccRemzjH.s 			page 11


 406 0098 1A4B     		ldr	r3, .L32+48
 407 009a 83ED007A 		vstr.32	s14, [r3]	@ int
  39:src/app/app.cpp ****             process_timer.reset();
 408              		.loc 1 39 7 is_stmt 1 view .LVU96
 409              	.L30:
  39:src/app/app.cpp ****             process_timer.reset();
 410              		.loc 1 39 7 view .LVU97
  40:src/app/app.cpp ****             hardware.GetSensors();
 411              		.loc 1 40 13 view .LVU98
  40:src/app/app.cpp ****             hardware.GetSensors();
 412              		.loc 1 40 32 is_stmt 0 view .LVU99
 413 009e 1648     		ldr	r0, .L32+36
 414 00a0 FFF7FEFF 		bl	_ZN5Timer5resetEv
 415              	.LVL26:
  41:src/app/app.cpp ****             hardware.encoder.Read();
 416              		.loc 1 41 13 is_stmt 1 view .LVU100
  41:src/app/app.cpp ****             hardware.encoder.Read();
 417              		.loc 1 41 32 is_stmt 0 view .LVU101
 418 00a4 0C4C     		ldr	r4, .L32+4
 419 00a6 2046     		mov	r0, r4
 420 00a8 FFF7FEFF 		bl	_ZN8Hardware10GetSensorsEv
 421              	.LVL27:
  42:src/app/app.cpp ****             if (hardware.info.Line.do_read == 1) {
 422              		.loc 1 42 13 is_stmt 1 view .LVU102
  42:src/app/app.cpp ****             if (hardware.info.Line.do_read == 1) {
 423              		.loc 1 42 34 is_stmt 0 view .LVU103
 424 00ac 04F18000 		add	r0, r4, #128
 425 00b0 FFF7FEFF 		bl	_ZN7Encoder4ReadEv
 426              	.LVL28:
  43:src/app/app.cpp ****                   hardware.line.OnLed();
 427              		.loc 1 43 13 is_stmt 1 view .LVU104
  43:src/app/app.cpp ****                   hardware.line.OnLed();
 428              		.loc 1 43 36 is_stmt 0 view .LVU105
 429 00b4 237C     		ldrb	r3, [r4, #16]	@ zero_extendqisi2
  43:src/app/app.cpp ****                   hardware.line.OnLed();
 430              		.loc 1 43 13 view .LVU106
 431 00b6 002B     		cmp	r3, #0
 432 00b8 A4D0     		beq	.L26
  44:src/app/app.cpp ****                   hardware.line.Read();
 433              		.loc 1 44 19 is_stmt 1 view .LVU107
  44:src/app/app.cpp ****                   hardware.line.Read();
 434              		.loc 1 44 38 is_stmt 0 view .LVU108
 435 00ba 04F6B854 		addw	r4, r4, #3512
 436 00be 2046     		mov	r0, r4
 437 00c0 FFF7FEFF 		bl	_ZN4Line5OnLedEv
 438              	.LVL29:
  45:src/app/app.cpp ****                   hardware.line.Compute();
 439              		.loc 1 45 19 is_stmt 1 view .LVU109
  45:src/app/app.cpp ****                   hardware.line.Compute();
 440              		.loc 1 45 37 is_stmt 0 view .LVU110
 441 00c4 2046     		mov	r0, r4
 442 00c6 FFF7FEFF 		bl	_ZN4Line4ReadEv
 443              	.LVL30:
  46:src/app/app.cpp ****             } else {
 444              		.loc 1 46 19 is_stmt 1 view .LVU111
  46:src/app/app.cpp ****             } else {
 445              		.loc 1 46 40 is_stmt 0 view .LVU112
ARM GAS  /var/folders/5c/srt4fy4j1pd641bjfx75k5000000gn/T//ccRemzjH.s 			page 12


 446 00ca 2046     		mov	r0, r4
 447 00cc FFF7FEFF 		bl	_ZN4Line7ComputeEv
 448              	.LVL31:
 449 00d0 9BE7     		b	.L27
 450              	.L33:
 451 00d2 00BF     		.align	2
 452              	.L32:
 453 00d4 B80D0000 		.word	hardware+3512
 454 00d8 00000000 		.word	hardware
 455 00dc 00000000 		.word	encoder
 456 00e0 00000000 		.word	dir
 457 00e4 00000000 		.word	is_half_out
 458 00e8 00000000 		.word	is_leftside_white
 459 00ec 00000000 		.word	is_rightside_white
 460 00f0 00000000 		.word	is_on_line
 461 00f4 00000000 		.word	max_interval
 462 00f8 00000000 		.word	process_timer
 463 00fc 00000000 		.word	process_time_
 464 0100 BD378635 		.word	897988541
 465 0104 00000000 		.word	process_freq
 466              		.cfi_endproc
 467              	.LFE264:
 468              		.fnend
 470              		.section	.text._GLOBAL__sub_I_hardware,"ax",%progbits
 471              		.align	1
 472              		.syntax unified
 473              		.thumb
 474              		.thumb_func
 476              	_GLOBAL__sub_I_hardware:
 477              		.fnstart
 478              	.LFB266:
 479              		.loc 1 73 1 is_stmt 1 view -0
 480              		.cfi_startproc
 481              		@ args = 0, pretend = 0, frame = 0
 482              		@ frame_needed = 0, uses_anonymous_args = 0
 483 0000 08B5     		push	{r3, lr}
 484              	.LCFI5:
 485              		.cfi_def_cfa_offset 8
 486              		.cfi_offset 3, -8
 487              		.cfi_offset 14, -4
 488              		.loc 1 73 1 is_stmt 0 view .LVU114
 489 0002 4FF6FF71 		movw	r1, #65535
 490 0006 0120     		movs	r0, #1
 491 0008 FFF7FEFF 		bl	_Z41__static_initialization_and_destruction_0ii
 492              	.LVL32:
 493 000c 08BD     		pop	{r3, pc}
 494              		.cfi_endproc
 495              	.LFE266:
 496              		.cantunwind
 497              		.fnend
 499              		.section	.init_array,"aw",%init_array
 500              		.align	2
 501 0000 00000000 		.word	_GLOBAL__sub_I_hardware(target1)
 502              		.section	.bss._ZZ16TimInterrupt2khzE1i,"aw",%nobits
 505              	_ZZ16TimInterrupt2khzE1i:
 506 0000 00       		.space	1
 507              		.global	is_rightside_white
ARM GAS  /var/folders/5c/srt4fy4j1pd641bjfx75k5000000gn/T//ccRemzjH.s 			page 13


 508              		.section	.bss.is_rightside_white,"aw",%nobits
 511              	is_rightside_white:
 512 0000 00       		.space	1
 513              		.global	is_leftside_white
 514              		.section	.bss.is_leftside_white,"aw",%nobits
 517              	is_leftside_white:
 518 0000 00       		.space	1
 519              		.global	is_on_line
 520              		.section	.bss.is_on_line,"aw",%nobits
 523              	is_on_line:
 524 0000 00       		.space	1
 525              		.global	is_half_out
 526              		.section	.bss.is_half_out,"aw",%nobits
 529              	is_half_out:
 530 0000 00       		.space	1
 531              		.global	max_interval
 532              		.section	.bss.max_interval,"aw",%nobits
 535              	max_interval:
 536 0000 00       		.space	1
 537              		.global	dir
 538              		.section	.bss.dir,"aw",%nobits
 539              		.align	1
 542              	dir:
 543 0000 0000     		.space	2
 544              		.global	encoder
 545              		.section	.bss.encoder,"aw",%nobits
 546              		.align	2
 549              	encoder:
 550 0000 00000000 		.space	16
 550      00000000 
 550      00000000 
 550      00000000 
 551              		.global	process_freq
 552              		.section	.bss.process_freq,"aw",%nobits
 553              		.align	2
 556              	process_freq:
 557 0000 00000000 		.space	4
 558              		.global	process_time_
 559              		.section	.bss.process_time_,"aw",%nobits
 560              		.align	1
 563              	process_time_:
 564 0000 0000     		.space	2
 565              		.global	process_timer
 566              		.section	.bss.process_timer,"aw",%nobits
 567              		.align	2
 570              	process_timer:
 571 0000 00000000 		.space	4
 572              		.global	hardware
 573              		.section	.bss.hardware,"aw",%nobits
 574              		.align	3
 577              	hardware:
 578 0000 00000000 		.space	3816
 578      00000000 
 578      00000000 
 578      00000000 
 578      00000000 
 579              		.text
ARM GAS  /var/folders/5c/srt4fy4j1pd641bjfx75k5000000gn/T//ccRemzjH.s 			page 14


 580              	.Letext0:
 581              		.file 3 "/opt/ST/STM32CubeCLT_1.16.0/GNU-tools-for-STM32/arm-none-eabi/include/machine/_default_ty
 582              		.file 4 "/opt/ST/STM32CubeCLT_1.16.0/GNU-tools-for-STM32/arm-none-eabi/include/sys/_stdint.h"
 583              		.file 5 "Drivers/CMSIS/Device/ST/STM32F4xx/Include/stm32f446xx.h"
 584              		.file 6 "Drivers/CMSIS/Device/ST/STM32F4xx/Include/stm32f4xx.h"
 585              		.file 7 "/opt/ST/STM32CubeCLT_1.16.0/GNU-tools-for-STM32/lib/gcc/arm-none-eabi/12.3.1/include/stdd
 586              		.file 8 "Drivers/STM32F4xx_HAL_Driver/Inc/stm32f4xx_hal_def.h"
 587              		.file 9 "Drivers/STM32F4xx_HAL_Driver/Inc/stm32f4xx_hal_gpio.h"
 588              		.file 10 "Drivers/STM32F4xx_HAL_Driver/Inc/stm32f4xx_hal_dma.h"
 589              		.file 11 "Drivers/STM32F4xx_HAL_Driver/Inc/stm32f4xx_hal_uart.h"
 590              		.file 12 "Drivers/STM32F4xx_HAL_Driver/Inc/stm32f4xx_hal.h"
 591              		.file 13 "Lib/Timer/Timer.hpp"
 592              		.file 14 "/opt/ST/STM32CubeCLT_1.16.0/GNU-tools-for-STM32/arm-none-eabi/include/sys/_types.h"
 593              		.file 15 "/opt/ST/STM32CubeCLT_1.16.0/GNU-tools-for-STM32/arm-none-eabi/include/sys/reent.h"
 594              		.file 16 "/opt/ST/STM32CubeCLT_1.16.0/GNU-tools-for-STM32/arm-none-eabi/include/sys/lock.h"
 595              		.file 17 "/opt/ST/STM32CubeCLT_1.16.0/GNU-tools-for-STM32/arm-none-eabi/include/stdio.h"
 596              		.file 18 "Lib/BufferedSerial/BufferedSerial.hpp"
 597              		.file 19 "/opt/ST/STM32CubeCLT_1.16.0/GNU-tools-for-STM32/arm-none-eabi/include/c++/12.3.1/cstdio"
 598              		.file 20 "/opt/ST/STM32CubeCLT_1.16.0/GNU-tools-for-STM32/arm-none-eabi/include/c++/12.3.1/arm-non
 599              		.file 21 "Lib/MovingAve/MovingAve.hpp"
 600              		.file 22 "src/unit/encoder/encoder.hpp"
 601              		.file 23 "src/unit/line/line.hpp"
 602              		.file 24 "src/unit/hardware/hardware.hpp"
ARM GAS  /var/folders/5c/srt4fy4j1pd641bjfx75k5000000gn/T//ccRemzjH.s 			page 15


DEFINED SYMBOLS
                            *ABS*:00000000 app.cpp
/var/folders/5c/srt4fy4j1pd641bjfx75k5000000gn/T//ccRemzjH.s:21     .text._Z41__static_initialization_and_destruction_0ii:00000000 $t
/var/folders/5c/srt4fy4j1pd641bjfx75k5000000gn/T//ccRemzjH.s:26     .text._Z41__static_initialization_and_destruction_0ii:00000000 _Z41__static_initialization_and_destruction_0ii
/var/folders/5c/srt4fy4j1pd641bjfx75k5000000gn/T//ccRemzjH.s:70     .text._Z41__static_initialization_and_destruction_0ii:00000020 $d
/var/folders/5c/srt4fy4j1pd641bjfx75k5000000gn/T//ccRemzjH.s:577    .bss.hardware:00000000 hardware
/var/folders/5c/srt4fy4j1pd641bjfx75k5000000gn/T//ccRemzjH.s:570    .bss.process_timer:00000000 process_timer
.ARM.exidx.text._Z41__static_initialization_and_destruction_0ii:00000000 $d
/var/folders/5c/srt4fy4j1pd641bjfx75k5000000gn/T//ccRemzjH.s:78     .text._ZN10DigitalOutaSEb:00000000 $t
/var/folders/5c/srt4fy4j1pd641bjfx75k5000000gn/T//ccRemzjH.s:84     .text._ZN10DigitalOutaSEb:00000000 _ZN10DigitalOutaSEb
.ARM.extab.text._ZN10DigitalOutaSEb:00000000 $d
.ARM.exidx.text._ZN10DigitalOutaSEb:00000000 $d
/var/folders/5c/srt4fy4j1pd641bjfx75k5000000gn/T//ccRemzjH.s:130    .text.TimInterrupt2khz:00000000 $t
/var/folders/5c/srt4fy4j1pd641bjfx75k5000000gn/T//ccRemzjH.s:136    .text.TimInterrupt2khz:00000000 TimInterrupt2khz
/var/folders/5c/srt4fy4j1pd641bjfx75k5000000gn/T//ccRemzjH.s:202    .text.TimInterrupt2khz:0000003c $d
/var/folders/5c/srt4fy4j1pd641bjfx75k5000000gn/T//ccRemzjH.s:505    .bss._ZZ16TimInterrupt2khzE1i:00000000 _ZZ16TimInterrupt2khzE1i
 .ARM.exidx.text.TimInterrupt2khz:00000000 $d
/var/folders/5c/srt4fy4j1pd641bjfx75k5000000gn/T//ccRemzjH.s:209    .text.setup:00000000 $t
/var/folders/5c/srt4fy4j1pd641bjfx75k5000000gn/T//ccRemzjH.s:215    .text.setup:00000000 setup
/var/folders/5c/srt4fy4j1pd641bjfx75k5000000gn/T//ccRemzjH.s:244    .text.setup:00000014 $d
            .ARM.exidx.text.setup:00000000 $d
/var/folders/5c/srt4fy4j1pd641bjfx75k5000000gn/T//ccRemzjH.s:250    .text.main_app:00000000 $t
/var/folders/5c/srt4fy4j1pd641bjfx75k5000000gn/T//ccRemzjH.s:256    .text.main_app:00000000 main_app
/var/folders/5c/srt4fy4j1pd641bjfx75k5000000gn/T//ccRemzjH.s:453    .text.main_app:000000d4 $d
/var/folders/5c/srt4fy4j1pd641bjfx75k5000000gn/T//ccRemzjH.s:549    .bss.encoder:00000000 encoder
/var/folders/5c/srt4fy4j1pd641bjfx75k5000000gn/T//ccRemzjH.s:542    .bss.dir:00000000 dir
/var/folders/5c/srt4fy4j1pd641bjfx75k5000000gn/T//ccRemzjH.s:529    .bss.is_half_out:00000000 is_half_out
/var/folders/5c/srt4fy4j1pd641bjfx75k5000000gn/T//ccRemzjH.s:517    .bss.is_leftside_white:00000000 is_leftside_white
/var/folders/5c/srt4fy4j1pd641bjfx75k5000000gn/T//ccRemzjH.s:511    .bss.is_rightside_white:00000000 is_rightside_white
/var/folders/5c/srt4fy4j1pd641bjfx75k5000000gn/T//ccRemzjH.s:523    .bss.is_on_line:00000000 is_on_line
/var/folders/5c/srt4fy4j1pd641bjfx75k5000000gn/T//ccRemzjH.s:535    .bss.max_interval:00000000 max_interval
/var/folders/5c/srt4fy4j1pd641bjfx75k5000000gn/T//ccRemzjH.s:563    .bss.process_time_:00000000 process_time_
/var/folders/5c/srt4fy4j1pd641bjfx75k5000000gn/T//ccRemzjH.s:556    .bss.process_freq:00000000 process_freq
         .ARM.exidx.text.main_app:00000000 $d
/var/folders/5c/srt4fy4j1pd641bjfx75k5000000gn/T//ccRemzjH.s:471    .text._GLOBAL__sub_I_hardware:00000000 $t
/var/folders/5c/srt4fy4j1pd641bjfx75k5000000gn/T//ccRemzjH.s:476    .text._GLOBAL__sub_I_hardware:00000000 _GLOBAL__sub_I_hardware
.ARM.exidx.text._GLOBAL__sub_I_hardware:00000000 $d
/var/folders/5c/srt4fy4j1pd641bjfx75k5000000gn/T//ccRemzjH.s:500    .init_array:00000000 $d
/var/folders/5c/srt4fy4j1pd641bjfx75k5000000gn/T//ccRemzjH.s:506    .bss._ZZ16TimInterrupt2khzE1i:00000000 $d
/var/folders/5c/srt4fy4j1pd641bjfx75k5000000gn/T//ccRemzjH.s:512    .bss.is_rightside_white:00000000 $d
/var/folders/5c/srt4fy4j1pd641bjfx75k5000000gn/T//ccRemzjH.s:518    .bss.is_leftside_white:00000000 $d
/var/folders/5c/srt4fy4j1pd641bjfx75k5000000gn/T//ccRemzjH.s:524    .bss.is_on_line:00000000 $d
/var/folders/5c/srt4fy4j1pd641bjfx75k5000000gn/T//ccRemzjH.s:530    .bss.is_half_out:00000000 $d
/var/folders/5c/srt4fy4j1pd641bjfx75k5000000gn/T//ccRemzjH.s:536    .bss.max_interval:00000000 $d
/var/folders/5c/srt4fy4j1pd641bjfx75k5000000gn/T//ccRemzjH.s:539    .bss.dir:00000000 $d
/var/folders/5c/srt4fy4j1pd641bjfx75k5000000gn/T//ccRemzjH.s:546    .bss.encoder:00000000 $d
/var/folders/5c/srt4fy4j1pd641bjfx75k5000000gn/T//ccRemzjH.s:553    .bss.process_freq:00000000 $d
/var/folders/5c/srt4fy4j1pd641bjfx75k5000000gn/T//ccRemzjH.s:560    .bss.process_time_:00000000 $d
/var/folders/5c/srt4fy4j1pd641bjfx75k5000000gn/T//ccRemzjH.s:567    .bss.process_timer:00000000 $d
/var/folders/5c/srt4fy4j1pd641bjfx75k5000000gn/T//ccRemzjH.s:574    .bss.hardware:00000000 $d

UNDEFINED SYMBOLS
_ZN8HardwareC1Ev
_ZN5TimerC1Ev
HAL_GPIO_WritePin
__aeabi_unwind_cpp_pr1
_ZN8Hardware8MainUartEv
ARM GAS  /var/folders/5c/srt4fy4j1pd641bjfx75k5000000gn/T//ccRemzjH.s 			page 16


HAL_GPIO_ReadPin
__aeabi_unwind_cpp_pr0
_ZN8Hardware4InitEv
_ZN4Line5SetThEv
_ZN4Line6OffLedEv
_ZN5Timer7read_usEv
_ZN5Timer5resetEv
_ZN8Hardware10GetSensorsEv
_ZN7Encoder4ReadEv
_ZN4Line5OnLedEv
_ZN4Line4ReadEv
_ZN4Line7ComputeEv
