ARM GAS  /var/folders/5c/srt4fy4j1pd641bjfx75k5000000gn/T//ccItL9BU.s 			page 1


   1              		.cpu cortex-m4
   2              		.arch armv7e-m
   3              		.fpu fpv4-sp-d16
   4              		.eabi_attribute 27, 1
   5              		.eabi_attribute 28, 1
   6              		.eabi_attribute 20, 1
   7              		.eabi_attribute 21, 1
   8              		.eabi_attribute 23, 3
   9              		.eabi_attribute 24, 1
  10              		.eabi_attribute 25, 1
  11              		.eabi_attribute 26, 1
  12              		.eabi_attribute 30, 1
  13              		.eabi_attribute 34, 1
  14              		.eabi_attribute 18, 4
  15              		.file	"hardware.cpp"
  16              		.text
  17              	.Ltext0:
  18              		.cfi_sections	.debug_frame
  19              		.file 1 "src/unit/hardware/hardware.cpp"
  20              		.section	.text._ZN8HardwareC2Ev,"ax",%progbits
  21              		.align	1
  22              		.global	_ZN8HardwareC2Ev
  23              		.syntax unified
  24              		.thumb
  25              		.thumb_func
  27              	_ZN8HardwareC2Ev:
  28              		.fnstart
  29              	.LVL0:
  30              	.LFB263:
   1:src/unit/hardware/hardware.cpp **** #include "hardware.hpp"
   2:src/unit/hardware/hardware.cpp **** 
   3:src/unit/hardware/hardware.cpp **** uint16_t adc_get_val[12];
   4:src/unit/hardware/hardware.cpp **** 
   5:src/unit/hardware/hardware.cpp **** Hardware::Hardware() {
  31              		.loc 1 5 1 view -0
  32              		.cfi_startproc
  33              		@ args = 0, pretend = 0, frame = 0
  34              		@ frame_needed = 0, uses_anonymous_args = 0
  35              		.loc 1 5 1 is_stmt 0 view .LVU1
  36 0000 2DE9F041 		push	{r4, r5, r6, r7, r8, lr}
  37              		.save {r4, r5, r6, r7, r8, lr}
  38              	.LCFI0:
  39              		.cfi_def_cfa_offset 24
  40              		.cfi_offset 4, -24
  41              		.cfi_offset 5, -20
  42              		.cfi_offset 6, -16
  43              		.cfi_offset 7, -12
  44              		.cfi_offset 8, -8
  45              		.cfi_offset 14, -4
  46 0004 0446     		mov	r4, r0
  47              	.LVL1:
  48              	.LBB39:
  49              	.LBB40:
  50              	.LBI40:
  51              		.file 2 "Lib/DigitalInOut/DigitalInOut.hpp"
   1:Lib/DigitalInOut/DigitalInOut.hpp **** #ifndef __DIGITALINOUT__
   2:Lib/DigitalInOut/DigitalInOut.hpp **** #define __DIGITALINOUT__
ARM GAS  /var/folders/5c/srt4fy4j1pd641bjfx75k5000000gn/T//ccItL9BU.s 			page 2


   3:Lib/DigitalInOut/DigitalInOut.hpp **** 
   4:Lib/DigitalInOut/DigitalInOut.hpp **** #include "main.h"
   5:Lib/DigitalInOut/DigitalInOut.hpp **** 
   6:Lib/DigitalInOut/DigitalInOut.hpp **** #ifdef __cplusplus
   7:Lib/DigitalInOut/DigitalInOut.hpp **** 
   8:Lib/DigitalInOut/DigitalInOut.hpp **** extern "C" {
   9:Lib/DigitalInOut/DigitalInOut.hpp **** 
  10:Lib/DigitalInOut/DigitalInOut.hpp **** class DigitalOut {
  11:Lib/DigitalInOut/DigitalInOut.hpp ****      public:
  12:Lib/DigitalInOut/DigitalInOut.hpp ****       DigitalOut(GPIO_TypeDef *port, uint16_t pin) : port(port), pin(pin) {
  52              		.loc 2 12 7 is_stmt 1 view .LVU2
  53              	.LBB41:
  54              		.loc 2 12 54 is_stmt 0 view .LVU3
  55 0006 354D     		ldr	r5, .L3
  56 0008 C560     		str	r5, [r0, #12]
  57              		.loc 2 12 66 view .LVU4
  58 000a 4FF48061 		mov	r1, #1024
  59 000e 0182     		strh	r1, [r0, #16]	@ movhi
  13:Lib/DigitalInOut/DigitalInOut.hpp ****             HAL_GPIO_WritePin(port, pin, GPIO_PIN_RESET);
  60              		.loc 2 13 13 is_stmt 1 view .LVU5
  61              		.loc 2 13 30 is_stmt 0 view .LVU6
  62 0010 0022     		movs	r2, #0
  63 0012 2846     		mov	r0, r5
  64              	.LVL2:
  65              		.loc 2 13 30 view .LVU7
  66 0014 FFF7FEFF 		bl	HAL_GPIO_WritePin
  67              	.LVL3:
  68              		.loc 2 13 30 view .LVU8
  69              	.LBE41:
  70              	.LBE40:
  71              	.LBB42:
  72              	.LBI42:
  12:Lib/DigitalInOut/DigitalInOut.hpp ****             HAL_GPIO_WritePin(port, pin, GPIO_PIN_RESET);
  73              		.loc 2 12 7 is_stmt 1 view .LVU9
  74              	.LBB43:
  12:Lib/DigitalInOut/DigitalInOut.hpp ****             HAL_GPIO_WritePin(port, pin, GPIO_PIN_RESET);
  75              		.loc 2 12 54 is_stmt 0 view .LVU10
  76 0018 6561     		str	r5, [r4, #20]
  12:Lib/DigitalInOut/DigitalInOut.hpp ****             HAL_GPIO_WritePin(port, pin, GPIO_PIN_RESET);
  77              		.loc 2 12 66 view .LVU11
  78 001a 4FF40061 		mov	r1, #2048
  79 001e 2183     		strh	r1, [r4, #24]	@ movhi
  80              		.loc 2 13 13 is_stmt 1 view .LVU12
  81              		.loc 2 13 30 is_stmt 0 view .LVU13
  82 0020 0022     		movs	r2, #0
  83 0022 2846     		mov	r0, r5
  84 0024 FFF7FEFF 		bl	HAL_GPIO_WritePin
  85              	.LVL4:
  86              		.loc 2 13 30 view .LVU14
  87              	.LBE43:
  88              	.LBE42:
  89              	.LBB44:
  90              	.LBI44:
  12:Lib/DigitalInOut/DigitalInOut.hpp ****             HAL_GPIO_WritePin(port, pin, GPIO_PIN_RESET);
  91              		.loc 2 12 7 is_stmt 1 view .LVU15
  92              	.LBB45:
  12:Lib/DigitalInOut/DigitalInOut.hpp ****             HAL_GPIO_WritePin(port, pin, GPIO_PIN_RESET);
ARM GAS  /var/folders/5c/srt4fy4j1pd641bjfx75k5000000gn/T//ccItL9BU.s 			page 3


  93              		.loc 2 12 54 is_stmt 0 view .LVU16
  94 0028 E561     		str	r5, [r4, #28]
  12:Lib/DigitalInOut/DigitalInOut.hpp ****             HAL_GPIO_WritePin(port, pin, GPIO_PIN_RESET);
  95              		.loc 2 12 66 view .LVU17
  96 002a 4FF48057 		mov	r7, #4096
  97 002e 2784     		strh	r7, [r4, #32]	@ movhi
  98              		.loc 2 13 13 is_stmt 1 view .LVU18
  99              		.loc 2 13 30 is_stmt 0 view .LVU19
 100 0030 0022     		movs	r2, #0
 101 0032 3946     		mov	r1, r7
 102 0034 2846     		mov	r0, r5
 103 0036 FFF7FEFF 		bl	HAL_GPIO_WritePin
 104              	.LVL5:
 105              		.loc 2 13 30 view .LVU20
 106              	.LBE45:
 107              	.LBE44:
 108              	.LBB46:
 109              	.LBI46:
  12:Lib/DigitalInOut/DigitalInOut.hpp ****             HAL_GPIO_WritePin(port, pin, GPIO_PIN_RESET);
 110              		.loc 2 12 7 is_stmt 1 view .LVU21
 111              	.LBB47:
  12:Lib/DigitalInOut/DigitalInOut.hpp ****             HAL_GPIO_WritePin(port, pin, GPIO_PIN_RESET);
 112              		.loc 2 12 54 is_stmt 0 view .LVU22
 113 003a 6562     		str	r5, [r4, #36]
  12:Lib/DigitalInOut/DigitalInOut.hpp ****             HAL_GPIO_WritePin(port, pin, GPIO_PIN_RESET);
 114              		.loc 2 12 66 view .LVU23
 115 003c 4FF48076 		mov	r6, #256
 116 0040 2685     		strh	r6, [r4, #40]	@ movhi
 117              		.loc 2 13 13 is_stmt 1 view .LVU24
 118              		.loc 2 13 30 is_stmt 0 view .LVU25
 119 0042 0022     		movs	r2, #0
 120 0044 3146     		mov	r1, r6
 121 0046 2846     		mov	r0, r5
 122 0048 FFF7FEFF 		bl	HAL_GPIO_WritePin
 123              	.LVL6:
 124              		.loc 2 13 30 view .LVU26
 125              	.LBE47:
 126              	.LBE46:
 127              	.LBB48:
 128              	.LBI48:
  12:Lib/DigitalInOut/DigitalInOut.hpp ****             HAL_GPIO_WritePin(port, pin, GPIO_PIN_RESET);
 129              		.loc 2 12 7 is_stmt 1 view .LVU27
 130              	.LBB49:
  12:Lib/DigitalInOut/DigitalInOut.hpp ****             HAL_GPIO_WritePin(port, pin, GPIO_PIN_RESET);
 131              		.loc 2 12 54 is_stmt 0 view .LVU28
 132 004c A5F58065 		sub	r5, r5, #1024
 133 0050 E562     		str	r5, [r4, #44]
  12:Lib/DigitalInOut/DigitalInOut.hpp ****             HAL_GPIO_WritePin(port, pin, GPIO_PIN_RESET);
 134              		.loc 2 12 66 view .LVU29
 135 0052 8021     		movs	r1, #128
 136 0054 2186     		strh	r1, [r4, #48]	@ movhi
 137              		.loc 2 13 13 is_stmt 1 view .LVU30
 138              		.loc 2 13 30 is_stmt 0 view .LVU31
 139 0056 0022     		movs	r2, #0
 140 0058 2846     		mov	r0, r5
 141 005a FFF7FEFF 		bl	HAL_GPIO_WritePin
 142              	.LVL7:
ARM GAS  /var/folders/5c/srt4fy4j1pd641bjfx75k5000000gn/T//ccItL9BU.s 			page 4


 143              		.loc 2 13 30 view .LVU32
 144              	.LBE49:
 145              	.LBE48:
 146              	.LBB50:
 147              	.LBI50:
  12:Lib/DigitalInOut/DigitalInOut.hpp ****             HAL_GPIO_WritePin(port, pin, GPIO_PIN_RESET);
 148              		.loc 2 12 7 is_stmt 1 view .LVU33
 149              	.LBB51:
  12:Lib/DigitalInOut/DigitalInOut.hpp ****             HAL_GPIO_WritePin(port, pin, GPIO_PIN_RESET);
 150              		.loc 2 12 54 is_stmt 0 view .LVU34
 151 005e 6563     		str	r5, [r4, #52]
  12:Lib/DigitalInOut/DigitalInOut.hpp ****             HAL_GPIO_WritePin(port, pin, GPIO_PIN_RESET);
 152              		.loc 2 12 66 view .LVU35
 153 0060 4FF40071 		mov	r1, #512
 154 0064 2187     		strh	r1, [r4, #56]	@ movhi
 155              		.loc 2 13 13 is_stmt 1 view .LVU36
 156              		.loc 2 13 30 is_stmt 0 view .LVU37
 157 0066 0022     		movs	r2, #0
 158 0068 2846     		mov	r0, r5
 159 006a FFF7FEFF 		bl	HAL_GPIO_WritePin
 160              	.LVL8:
 161              		.loc 2 13 30 view .LVU38
 162              	.LBE51:
 163              	.LBE50:
 164              	.LBB52:
 165              	.LBI52:
  12:Lib/DigitalInOut/DigitalInOut.hpp ****             HAL_GPIO_WritePin(port, pin, GPIO_PIN_RESET);
 166              		.loc 2 12 7 is_stmt 1 view .LVU39
 167              	.LBB53:
  12:Lib/DigitalInOut/DigitalInOut.hpp ****             HAL_GPIO_WritePin(port, pin, GPIO_PIN_RESET);
 168              		.loc 2 12 54 is_stmt 0 view .LVU40
 169 006e DFF87480 		ldr	r8, .L3+8
 170 0072 C4F83C80 		str	r8, [r4, #60]
  12:Lib/DigitalInOut/DigitalInOut.hpp ****             HAL_GPIO_WritePin(port, pin, GPIO_PIN_RESET);
 171              		.loc 2 12 66 view .LVU41
 172 0076 1021     		movs	r1, #16
 173 0078 A4F84010 		strh	r1, [r4, #64]	@ movhi
 174              		.loc 2 13 13 is_stmt 1 view .LVU42
 175              		.loc 2 13 30 is_stmt 0 view .LVU43
 176 007c 0022     		movs	r2, #0
 177 007e 4046     		mov	r0, r8
 178 0080 FFF7FEFF 		bl	HAL_GPIO_WritePin
 179              	.LVL9:
 180              		.loc 2 13 30 view .LVU44
 181              	.LBE53:
 182              	.LBE52:
 183              	.LBB54:
 184              	.LBI54:
  12:Lib/DigitalInOut/DigitalInOut.hpp ****             HAL_GPIO_WritePin(port, pin, GPIO_PIN_RESET);
 185              		.loc 2 12 7 is_stmt 1 view .LVU45
 186              	.LBB55:
  12:Lib/DigitalInOut/DigitalInOut.hpp ****             HAL_GPIO_WritePin(port, pin, GPIO_PIN_RESET);
 187              		.loc 2 12 54 is_stmt 0 view .LVU46
 188 0084 C4F84480 		str	r8, [r4, #68]
  12:Lib/DigitalInOut/DigitalInOut.hpp ****             HAL_GPIO_WritePin(port, pin, GPIO_PIN_RESET);
 189              		.loc 2 12 66 view .LVU47
 190 0088 2021     		movs	r1, #32
ARM GAS  /var/folders/5c/srt4fy4j1pd641bjfx75k5000000gn/T//ccItL9BU.s 			page 5


 191 008a A4F84810 		strh	r1, [r4, #72]	@ movhi
 192              		.loc 2 13 13 is_stmt 1 view .LVU48
 193              		.loc 2 13 30 is_stmt 0 view .LVU49
 194 008e 0022     		movs	r2, #0
 195 0090 4046     		mov	r0, r8
 196 0092 FFF7FEFF 		bl	HAL_GPIO_WritePin
 197              	.LVL10:
 198              		.loc 2 13 30 view .LVU50
 199              	.LBE55:
 200              	.LBE54:
 201              	.LBB56:
 202              	.LBI56:
  12:Lib/DigitalInOut/DigitalInOut.hpp ****             HAL_GPIO_WritePin(port, pin, GPIO_PIN_RESET);
 203              		.loc 2 12 7 is_stmt 1 view .LVU51
 204              	.LBB57:
  12:Lib/DigitalInOut/DigitalInOut.hpp ****             HAL_GPIO_WritePin(port, pin, GPIO_PIN_RESET);
 205              		.loc 2 12 54 is_stmt 0 view .LVU52
 206 0096 E564     		str	r5, [r4, #76]
  12:Lib/DigitalInOut/DigitalInOut.hpp ****             HAL_GPIO_WritePin(port, pin, GPIO_PIN_RESET);
 207              		.loc 2 12 66 view .LVU53
 208 0098 A4F85070 		strh	r7, [r4, #80]	@ movhi
 209              		.loc 2 13 13 is_stmt 1 view .LVU54
 210              		.loc 2 13 30 is_stmt 0 view .LVU55
 211 009c 0022     		movs	r2, #0
 212 009e 3946     		mov	r1, r7
 213 00a0 2846     		mov	r0, r5
 214 00a2 FFF7FEFF 		bl	HAL_GPIO_WritePin
 215              	.LVL11:
 216              		.loc 2 13 30 view .LVU56
 217              	.LBE57:
 218              	.LBE56:
 219              	.LBB58:
 220              	.LBI58:
  12:Lib/DigitalInOut/DigitalInOut.hpp ****             HAL_GPIO_WritePin(port, pin, GPIO_PIN_RESET);
 221              		.loc 2 12 7 is_stmt 1 view .LVU57
 222              	.LBB59:
  12:Lib/DigitalInOut/DigitalInOut.hpp ****             HAL_GPIO_WritePin(port, pin, GPIO_PIN_RESET);
 223              		.loc 2 12 54 is_stmt 0 view .LVU58
 224 00a6 6565     		str	r5, [r4, #84]
  12:Lib/DigitalInOut/DigitalInOut.hpp ****             HAL_GPIO_WritePin(port, pin, GPIO_PIN_RESET);
 225              		.loc 2 12 66 view .LVU59
 226 00a8 4FF40051 		mov	r1, #8192
 227 00ac A4F85810 		strh	r1, [r4, #88]	@ movhi
 228              		.loc 2 13 13 is_stmt 1 view .LVU60
 229              		.loc 2 13 30 is_stmt 0 view .LVU61
 230 00b0 0022     		movs	r2, #0
 231 00b2 2846     		mov	r0, r5
 232 00b4 FFF7FEFF 		bl	HAL_GPIO_WritePin
 233              	.LVL12:
 234              		.loc 2 13 30 view .LVU62
 235              	.LBE59:
 236              	.LBE58:
 237              	.LBB60:
 238              	.LBI60:
 239              		.file 3 "Lib/BufferedSerial/BufferedSerial.hpp"
   1:Lib/BufferedSerial/BufferedSerial.hpp **** #ifndef __BUFFERED_SERIAL__
   2:Lib/BufferedSerial/BufferedSerial.hpp **** #define __BUFFERED_SERIAL__
ARM GAS  /var/folders/5c/srt4fy4j1pd641bjfx75k5000000gn/T//ccItL9BU.s 			page 6


   3:Lib/BufferedSerial/BufferedSerial.hpp **** 
   4:Lib/BufferedSerial/BufferedSerial.hpp **** #include <stdio.h>
   5:Lib/BufferedSerial/BufferedSerial.hpp **** 
   6:Lib/BufferedSerial/BufferedSerial.hpp **** #include "usart.h"
   7:Lib/BufferedSerial/BufferedSerial.hpp **** 
   8:Lib/BufferedSerial/BufferedSerial.hpp **** #ifdef __cplusplus
   9:Lib/BufferedSerial/BufferedSerial.hpp **** 
  10:Lib/BufferedSerial/BufferedSerial.hpp **** /*
  11:Lib/BufferedSerial/BufferedSerial.hpp ****  Initの順番をDMAが先になるようにする
  12:Lib/BufferedSerial/BufferedSerial.hpp ****  - MX_DMA_Init();
  13:Lib/BufferedSerial/BufferedSerial.hpp ****  - MX_USART2_UART_Init();
  14:Lib/BufferedSerial/BufferedSerial.hpp ****  - DMAはCircularモードにする
  15:Lib/BufferedSerial/BufferedSerial.hpp **** */
  16:Lib/BufferedSerial/BufferedSerial.hpp **** 
  17:Lib/BufferedSerial/BufferedSerial.hpp **** class BufferedSerial {
  18:Lib/BufferedSerial/BufferedSerial.hpp ****      public:
  19:Lib/BufferedSerial/BufferedSerial.hpp ****       BufferedSerial(UART_HandleTypeDef *huart, uint16_t rxBufSize)
 240              		.loc 3 19 7 is_stmt 1 view .LVU63
 241              	.LBB61:
  20:Lib/BufferedSerial/BufferedSerial.hpp ****           : _huart(huart),
 242              		.loc 3 20 13 is_stmt 0 view .LVU64
 243 00b8 094B     		ldr	r3, .L3+4
 244 00ba E365     		str	r3, [r4, #92]
  21:Lib/BufferedSerial/BufferedSerial.hpp ****             _rxBuf(new uint8_t[rxBufSize]),
 245              		.loc 3 21 41 view .LVU65
 246 00bc 3046     		mov	r0, r6
 247 00be FFF7FEFF 		bl	_Znaj
 248              	.LVL13:
 249              		.loc 3 21 13 view .LVU66
 250 00c2 2066     		str	r0, [r4, #96]
  22:Lib/BufferedSerial/BufferedSerial.hpp ****             rxTop(0),
 251              		.loc 3 22 13 view .LVU67
 252 00c4 0023     		movs	r3, #0
 253 00c6 A4F86430 		strh	r3, [r4, #100]	@ movhi
  23:Lib/BufferedSerial/BufferedSerial.hpp ****             rxBtm(0),
 254              		.loc 3 23 13 view .LVU68
 255 00ca A4F86630 		strh	r3, [r4, #102]	@ movhi
  24:Lib/BufferedSerial/BufferedSerial.hpp ****             _rxBufSize(rxBufSize),
 256              		.loc 3 24 13 view .LVU69
 257 00ce A4F86860 		strh	r6, [r4, #104]	@ movhi
  25:Lib/BufferedSerial/BufferedSerial.hpp ****             _useDMA(false) {
 258              		.loc 3 25 13 view .LVU70
 259 00d2 84F86A30 		strb	r3, [r4, #106]
 260              	.LVL14:
 261              		.loc 3 25 13 view .LVU71
 262              	.LBE61:
 263              	.LBE60:
 264              	.LBE39:
   6:src/unit/hardware/hardware.cpp **** }
 265              		.loc 1 6 1 view .LVU72
 266 00d6 2046     		mov	r0, r4
 267 00d8 BDE8F081 		pop	{r4, r5, r6, r7, r8, pc}
 268              	.LVL15:
 269              	.L4:
 270              		.loc 1 6 1 view .LVU73
 271              		.align	2
 272              	.L3:
ARM GAS  /var/folders/5c/srt4fy4j1pd641bjfx75k5000000gn/T//ccItL9BU.s 			page 7


 273 00dc 00080240 		.word	1073874944
 274 00e0 00000000 		.word	huart6
 275 00e4 00000240 		.word	1073872896
 276              		.cfi_endproc
 277              	.LFE263:
 278              		.fnend
 280              		.global	_ZN8HardwareC1Ev
 281              		.thumb_set _ZN8HardwareC1Ev,_ZN8HardwareC2Ev
 282              		.section	.text._ZN8Hardware4InitEv,"ax",%progbits
 283              		.align	1
 284              		.global	_ZN8Hardware4InitEv
 285              		.syntax unified
 286              		.thumb
 287              		.thumb_func
 289              	_ZN8Hardware4InitEv:
 290              		.fnstart
 291              	.LVL16:
 292              	.LFB265:
   7:src/unit/hardware/hardware.cpp **** 
   8:src/unit/hardware/hardware.cpp **** void Hardware::Init() {
 293              		.loc 1 8 23 is_stmt 1 view -0
 294              		.cfi_startproc
 295              		@ args = 0, pretend = 0, frame = 0
 296              		@ frame_needed = 0, uses_anonymous_args = 0
 297              		.loc 1 8 23 is_stmt 0 view .LVU75
 298 0000 38B5     		push	{r3, r4, r5, lr}
 299              		.save {r3, r4, r5, lr}
 300              	.LCFI1:
 301              		.cfi_def_cfa_offset 16
 302              		.cfi_offset 3, -16
 303              		.cfi_offset 4, -12
 304              		.cfi_offset 5, -8
 305              		.cfi_offset 14, -4
 306 0002 0446     		mov	r4, r0
   9:src/unit/hardware/hardware.cpp ****       HAL_ADC_Start(&hadc1);
 307              		.loc 1 9 7 is_stmt 1 view .LVU76
 308              		.loc 1 9 20 is_stmt 0 view .LVU77
 309 0004 0E4D     		ldr	r5, .L9
 310 0006 2846     		mov	r0, r5
 311              	.LVL17:
 312              		.loc 1 9 20 view .LVU78
 313 0008 FFF7FEFF 		bl	HAL_ADC_Start
 314              	.LVL18:
  10:src/unit/hardware/hardware.cpp ****       HAL_ADC_Start_DMA(&hadc1, (uint32_t *)&adc_get_val, 12);
 315              		.loc 1 10 7 is_stmt 1 view .LVU79
 316              		.loc 1 10 24 is_stmt 0 view .LVU80
 317 000c 0C22     		movs	r2, #12
 318 000e 0D49     		ldr	r1, .L9+4
 319 0010 2846     		mov	r0, r5
 320 0012 FFF7FEFF 		bl	HAL_ADC_Start_DMA
 321              	.LVL19:
  11:src/unit/hardware/hardware.cpp ****       for (uint8_t i = 0; i < 12; i++) {
 322              		.loc 1 11 7 is_stmt 1 view .LVU81
 323              	.LBB62:
 324              		.loc 1 11 20 is_stmt 0 view .LVU82
 325 0016 0022     		movs	r2, #0
 326              		.loc 1 11 7 view .LVU83
ARM GAS  /var/folders/5c/srt4fy4j1pd641bjfx75k5000000gn/T//ccItL9BU.s 			page 8


 327 0018 06E0     		b	.L6
 328              	.LVL20:
 329              	.L7:
  12:src/unit/hardware/hardware.cpp ****             while (!(adc_get_val[i] > 0));
 330              		.loc 1 12 20 is_stmt 1 discriminator 1 view .LVU84
 331              		.loc 1 12 35 is_stmt 0 discriminator 1 view .LVU85
 332 001a 0A4B     		ldr	r3, .L9+4
 333 001c 33F81230 		ldrh	r3, [r3, r2, lsl #1]
 334              		.loc 1 12 20 discriminator 1 view .LVU86
 335 0020 002B     		cmp	r3, #0
 336 0022 FAD0     		beq	.L7
  11:src/unit/hardware/hardware.cpp ****       for (uint8_t i = 0; i < 12; i++) {
 337              		.loc 1 11 7 is_stmt 1 discriminator 2 view .LVU87
 338 0024 0132     		adds	r2, r2, #1
 339              	.LVL21:
  11:src/unit/hardware/hardware.cpp ****       for (uint8_t i = 0; i < 12; i++) {
 340              		.loc 1 11 7 is_stmt 0 discriminator 2 view .LVU88
 341 0026 D2B2     		uxtb	r2, r2
 342              	.LVL22:
 343              	.L6:
  11:src/unit/hardware/hardware.cpp ****       for (uint8_t i = 0; i < 12; i++) {
 344              		.loc 1 11 29 is_stmt 1 discriminator 1 view .LVU89
 345 0028 0B2A     		cmp	r2, #11
 346 002a F6D9     		bls	.L7
 347              	.LBE62:
  13:src/unit/hardware/hardware.cpp ****       }
  14:src/unit/hardware/hardware.cpp **** 
  15:src/unit/hardware/hardware.cpp ****       // 諸々の初期化
  16:src/unit/hardware/hardware.cpp ****       serial6.init();
 348              		.loc 1 16 7 view .LVU90
 349              	.LVL23:
 350              	.LBB63:
 351              	.LBI63:
  26:Lib/BufferedSerial/BufferedSerial.hpp ****       }
  27:Lib/BufferedSerial/BufferedSerial.hpp ****       void init(bool dma = false) {
 352              		.loc 3 27 12 view .LVU91
 353              	.LBB64:
  28:Lib/BufferedSerial/BufferedSerial.hpp ****             _useDMA = dma;
 354              		.loc 3 28 13 view .LVU92
 355              		.loc 3 28 21 is_stmt 0 view .LVU93
 356 002c 0023     		movs	r3, #0
 357 002e 84F86A30 		strb	r3, [r4, #106]
  29:Lib/BufferedSerial/BufferedSerial.hpp ****             HAL_UART_Receive_DMA(_huart, _rxBuf, _rxBufSize);
 358              		.loc 3 29 13 is_stmt 1 view .LVU94
 359              		.loc 3 29 33 is_stmt 0 view .LVU95
 360 0032 B4F86820 		ldrh	r2, [r4, #104]
 361              	.LVL24:
 362              		.loc 3 29 33 view .LVU96
 363 0036 216E     		ldr	r1, [r4, #96]
 364 0038 E06D     		ldr	r0, [r4, #92]
 365 003a FFF7FEFF 		bl	HAL_UART_Receive_DMA
 366              	.LVL25:
 367              		.loc 3 29 33 view .LVU97
 368              	.LBE64:
 369              	.LBE63:
  17:src/unit/hardware/hardware.cpp **** }
 370              		.loc 1 17 1 view .LVU98
ARM GAS  /var/folders/5c/srt4fy4j1pd641bjfx75k5000000gn/T//ccItL9BU.s 			page 9


 371 003e 38BD     		pop	{r3, r4, r5, pc}
 372              	.LVL26:
 373              	.L10:
 374              		.loc 1 17 1 view .LVU99
 375              		.align	2
 376              	.L9:
 377 0040 00000000 		.word	hadc1
 378 0044 00000000 		.word	adc_get_val
 379              		.cfi_endproc
 380              	.LFE265:
 381              		.fnend
 383              		.section	.text._ZN8Hardware10GetSensorsEv,"ax",%progbits
 384              		.align	1
 385              		.global	_ZN8Hardware10GetSensorsEv
 386              		.syntax unified
 387              		.thumb
 388              		.thumb_func
 390              	_ZN8Hardware10GetSensorsEv:
 391              		.fnstart
 392              	.LVL27:
 393              	.LFB266:
  18:src/unit/hardware/hardware.cpp **** 
  19:src/unit/hardware/hardware.cpp **** void Hardware::GetSensors() {
 394              		.loc 1 19 29 is_stmt 1 view -0
 395              		.cfi_startproc
 396              		@ args = 0, pretend = 0, frame = 0
 397              		@ frame_needed = 0, uses_anonymous_args = 0
 398              		@ link register save eliminated.
  20:src/unit/hardware/hardware.cpp ****       info.Encoder.photo_val[0] = adc_get_val[0];
 399              		.loc 1 20 7 view .LVU101
 400              		.loc 1 20 48 is_stmt 0 view .LVU102
 401 0000 0C4B     		ldr	r3, .L12
 402 0002 1A88     		ldrh	r2, [r3]
 403              		.loc 1 20 33 view .LVU103
 404 0004 0270     		strb	r2, [r0]
  21:src/unit/hardware/hardware.cpp ****       info.Encoder.photo_val[1] = adc_get_val[1];
 405              		.loc 1 21 7 is_stmt 1 view .LVU104
 406              		.loc 1 21 48 is_stmt 0 view .LVU105
 407 0006 5A88     		ldrh	r2, [r3, #2]
 408              		.loc 1 21 33 view .LVU106
 409 0008 4270     		strb	r2, [r0, #1]
  22:src/unit/hardware/hardware.cpp ****       info.Encoder.photo_val[2] = adc_get_val[2];
 410              		.loc 1 22 7 is_stmt 1 view .LVU107
 411              		.loc 1 22 48 is_stmt 0 view .LVU108
 412 000a 9A88     		ldrh	r2, [r3, #4]
 413              		.loc 1 22 33 view .LVU109
 414 000c 8270     		strb	r2, [r0, #2]
  23:src/unit/hardware/hardware.cpp ****       info.Encoder.photo_val[3] = adc_get_val[3];
 415              		.loc 1 23 7 is_stmt 1 view .LVU110
 416              		.loc 1 23 48 is_stmt 0 view .LVU111
 417 000e DA88     		ldrh	r2, [r3, #6]
 418              		.loc 1 23 33 view .LVU112
 419 0010 C270     		strb	r2, [r0, #3]
  24:src/unit/hardware/hardware.cpp **** 
  25:src/unit/hardware/hardware.cpp ****       info.Line.leftside_val = adc_get_val[4];
 420              		.loc 1 25 7 is_stmt 1 view .LVU113
 421              		.loc 1 25 45 is_stmt 0 view .LVU114
ARM GAS  /var/folders/5c/srt4fy4j1pd641bjfx75k5000000gn/T//ccItL9BU.s 			page 10


 422 0012 1A89     		ldrh	r2, [r3, #8]
 423              		.loc 1 25 30 view .LVU115
 424 0014 0271     		strb	r2, [r0, #4]
  26:src/unit/hardware/hardware.cpp ****       info.Line.rightside_val = adc_get_val[5];
 425              		.loc 1 26 7 is_stmt 1 view .LVU116
 426              		.loc 1 26 46 is_stmt 0 view .LVU117
 427 0016 5A89     		ldrh	r2, [r3, #10]
 428              		.loc 1 26 31 view .LVU118
 429 0018 4271     		strb	r2, [r0, #5]
  27:src/unit/hardware/hardware.cpp ****       info.Line.mux1x_val = adc_get_val[6];
 430              		.loc 1 27 7 is_stmt 1 view .LVU119
 431              		.loc 1 27 42 is_stmt 0 view .LVU120
 432 001a 9A89     		ldrh	r2, [r3, #12]
 433              		.loc 1 27 27 view .LVU121
 434 001c 8271     		strb	r2, [r0, #6]
  28:src/unit/hardware/hardware.cpp ****       info.Line.mux1y_val = adc_get_val[7];
 435              		.loc 1 28 7 is_stmt 1 view .LVU122
 436              		.loc 1 28 42 is_stmt 0 view .LVU123
 437 001e DA89     		ldrh	r2, [r3, #14]
 438              		.loc 1 28 27 view .LVU124
 439 0020 C271     		strb	r2, [r0, #7]
  29:src/unit/hardware/hardware.cpp ****       info.Line.mux2x_val = adc_get_val[8];
 440              		.loc 1 29 7 is_stmt 1 view .LVU125
 441              		.loc 1 29 42 is_stmt 0 view .LVU126
 442 0022 1A8A     		ldrh	r2, [r3, #16]
 443              		.loc 1 29 27 view .LVU127
 444 0024 0272     		strb	r2, [r0, #8]
  30:src/unit/hardware/hardware.cpp ****       info.Line.mux2y_val = adc_get_val[9];
 445              		.loc 1 30 7 is_stmt 1 view .LVU128
 446              		.loc 1 30 42 is_stmt 0 view .LVU129
 447 0026 5A8A     		ldrh	r2, [r3, #18]
 448              		.loc 1 30 27 view .LVU130
 449 0028 4272     		strb	r2, [r0, #9]
  31:src/unit/hardware/hardware.cpp ****       info.Line.mux3x_val = adc_get_val[10];
 450              		.loc 1 31 7 is_stmt 1 view .LVU131
 451              		.loc 1 31 43 is_stmt 0 view .LVU132
 452 002a 9A8A     		ldrh	r2, [r3, #20]
 453              		.loc 1 31 27 view .LVU133
 454 002c 8272     		strb	r2, [r0, #10]
  32:src/unit/hardware/hardware.cpp ****       info.Line.mux3y_val = adc_get_val[11];
 455              		.loc 1 32 7 is_stmt 1 view .LVU134
 456              		.loc 1 32 43 is_stmt 0 view .LVU135
 457 002e DB8A     		ldrh	r3, [r3, #22]
 458              		.loc 1 32 27 view .LVU136
 459 0030 C372     		strb	r3, [r0, #11]
  33:src/unit/hardware/hardware.cpp **** }
 460              		.loc 1 33 1 view .LVU137
 461 0032 7047     		bx	lr
 462              	.L13:
 463              		.align	2
 464              	.L12:
 465 0034 00000000 		.word	adc_get_val
 466              		.cfi_endproc
 467              	.LFE266:
 468              		.cantunwind
 469              		.fnend
 471              		.global	adc_get_val
ARM GAS  /var/folders/5c/srt4fy4j1pd641bjfx75k5000000gn/T//ccItL9BU.s 			page 11


 472              		.section	.bss.adc_get_val,"aw",%nobits
 473              		.align	2
 476              	adc_get_val:
 477 0000 00000000 		.space	24
 477      00000000 
 477      00000000 
 477      00000000 
 477      00000000 
 478              		.text
 479              	.Letext0:
 480              		.file 4 "/opt/ST/STM32CubeCLT_1.16.0/GNU-tools-for-STM32/arm-none-eabi/include/machine/_default_ty
 481              		.file 5 "/opt/ST/STM32CubeCLT_1.16.0/GNU-tools-for-STM32/lib/gcc/arm-none-eabi/12.3.1/include/stdd
 482              		.file 6 "/opt/ST/STM32CubeCLT_1.16.0/GNU-tools-for-STM32/arm-none-eabi/include/sys/_types.h"
 483              		.file 7 "/opt/ST/STM32CubeCLT_1.16.0/GNU-tools-for-STM32/arm-none-eabi/include/sys/reent.h"
 484              		.file 8 "/opt/ST/STM32CubeCLT_1.16.0/GNU-tools-for-STM32/arm-none-eabi/include/sys/lock.h"
 485              		.file 9 "/opt/ST/STM32CubeCLT_1.16.0/GNU-tools-for-STM32/arm-none-eabi/include/stdio.h"
 486              		.file 10 "/opt/ST/STM32CubeCLT_1.16.0/GNU-tools-for-STM32/arm-none-eabi/include/sys/_stdint.h"
 487              		.file 11 "Drivers/CMSIS/Device/ST/STM32F4xx/Include/stm32f446xx.h"
 488              		.file 12 "Drivers/CMSIS/Device/ST/STM32F4xx/Include/stm32f4xx.h"
 489              		.file 13 "Drivers/STM32F4xx_HAL_Driver/Inc/stm32f4xx_hal_def.h"
 490              		.file 14 "Drivers/STM32F4xx_HAL_Driver/Inc/stm32f4xx_hal_gpio.h"
 491              		.file 15 "Drivers/STM32F4xx_HAL_Driver/Inc/stm32f4xx_hal_dma.h"
 492              		.file 16 "Drivers/STM32F4xx_HAL_Driver/Inc/stm32f4xx_hal_adc.h"
 493              		.file 17 "Drivers/STM32F4xx_HAL_Driver/Inc/stm32f4xx_hal_uart.h"
 494              		.file 18 "Drivers/STM32F4xx_HAL_Driver/Inc/stm32f4xx_hal.h"
 495              		.file 19 "/opt/ST/STM32CubeCLT_1.16.0/GNU-tools-for-STM32/arm-none-eabi/include/c++/12.3.1/cstdio"
 496              		.file 20 "/opt/ST/STM32CubeCLT_1.16.0/GNU-tools-for-STM32/arm-none-eabi/include/c++/12.3.1/arm-non
 497              		.file 21 "Core/Inc/usart.h"
 498              		.file 22 "Core/Inc/adc.h"
 499              		.file 23 "src/unit/hardware/hardware.hpp"
ARM GAS  /var/folders/5c/srt4fy4j1pd641bjfx75k5000000gn/T//ccItL9BU.s 			page 12


DEFINED SYMBOLS
                            *ABS*:00000000 hardware.cpp
/var/folders/5c/srt4fy4j1pd641bjfx75k5000000gn/T//ccItL9BU.s:21     .text._ZN8HardwareC2Ev:00000000 $t
/var/folders/5c/srt4fy4j1pd641bjfx75k5000000gn/T//ccItL9BU.s:27     .text._ZN8HardwareC2Ev:00000000 _ZN8HardwareC2Ev
/var/folders/5c/srt4fy4j1pd641bjfx75k5000000gn/T//ccItL9BU.s:273    .text._ZN8HardwareC2Ev:000000dc $d
 .ARM.exidx.text._ZN8HardwareC2Ev:00000000 $d
/var/folders/5c/srt4fy4j1pd641bjfx75k5000000gn/T//ccItL9BU.s:27     .text._ZN8HardwareC2Ev:00000000 _ZN8HardwareC1Ev
/var/folders/5c/srt4fy4j1pd641bjfx75k5000000gn/T//ccItL9BU.s:283    .text._ZN8Hardware4InitEv:00000000 $t
/var/folders/5c/srt4fy4j1pd641bjfx75k5000000gn/T//ccItL9BU.s:289    .text._ZN8Hardware4InitEv:00000000 _ZN8Hardware4InitEv
/var/folders/5c/srt4fy4j1pd641bjfx75k5000000gn/T//ccItL9BU.s:377    .text._ZN8Hardware4InitEv:00000040 $d
/var/folders/5c/srt4fy4j1pd641bjfx75k5000000gn/T//ccItL9BU.s:476    .bss.adc_get_val:00000000 adc_get_val
.ARM.exidx.text._ZN8Hardware4InitEv:00000000 $d
/var/folders/5c/srt4fy4j1pd641bjfx75k5000000gn/T//ccItL9BU.s:384    .text._ZN8Hardware10GetSensorsEv:00000000 $t
/var/folders/5c/srt4fy4j1pd641bjfx75k5000000gn/T//ccItL9BU.s:390    .text._ZN8Hardware10GetSensorsEv:00000000 _ZN8Hardware10GetSensorsEv
/var/folders/5c/srt4fy4j1pd641bjfx75k5000000gn/T//ccItL9BU.s:465    .text._ZN8Hardware10GetSensorsEv:00000034 $d
.ARM.exidx.text._ZN8Hardware10GetSensorsEv:00000000 $d
/var/folders/5c/srt4fy4j1pd641bjfx75k5000000gn/T//ccItL9BU.s:473    .bss.adc_get_val:00000000 $d

UNDEFINED SYMBOLS
HAL_GPIO_WritePin
_Znaj
huart6
__aeabi_unwind_cpp_pr0
HAL_ADC_Start
HAL_ADC_Start_DMA
HAL_UART_Receive_DMA
hadc1
