ARM GAS  /var/folders/5c/srt4fy4j1pd641bjfx75k5000000gn/T//cc7hyq9i.s 			page 1


   1              		.cpu cortex-m4
   2              		.arch armv7e-m
   3              		.fpu fpv4-sp-d16
   4              		.eabi_attribute 27, 1
   5              		.eabi_attribute 28, 1
   6              		.eabi_attribute 20, 1
   7              		.eabi_attribute 21, 1
   8              		.eabi_attribute 23, 3
   9              		.eabi_attribute 24, 1
  10              		.eabi_attribute 25, 1
  11              		.eabi_attribute 26, 1
  12              		.eabi_attribute 30, 1
  13              		.eabi_attribute 34, 1
  14              		.eabi_attribute 18, 4
  15              		.file	"maneger.cpp"
  16              		.text
  17              	.Ltext0:
  18              		.cfi_sections	.debug_frame
  19              		.file 1 "src/unit/manager/maneger.cpp"
  20              		.section	.text._ZN7ManegerC2Ev,"ax",%progbits
  21              		.align	1
  22              		.global	_ZN7ManegerC2Ev
  23              		.syntax unified
  24              		.thumb
  25              		.thumb_func
  27              	_ZN7ManegerC2Ev:
  28              		.fnstart
  29              	.LVL0:
  30              	.LFB263:
   1:src/unit/manager/maneger.cpp **** #include "maneger.hpp"
   2:src/unit/manager/maneger.cpp **** 
   3:src/unit/manager/maneger.cpp **** uint16_t adc_get_val[12];
   4:src/unit/manager/maneger.cpp **** 
   5:src/unit/manager/maneger.cpp **** Maneger::Maneger() {
  31              		.loc 1 5 1 view -0
  32              		.cfi_startproc
  33              		@ args = 0, pretend = 0, frame = 0
  34              		@ frame_needed = 0, uses_anonymous_args = 0
  35              		.loc 1 5 1 is_stmt 0 view .LVU1
  36 0000 F8B5     		push	{r3, r4, r5, r6, r7, lr}
  37              		.save {r3, r4, r5, r6, r7, lr}
  38              	.LCFI0:
  39              		.cfi_def_cfa_offset 24
  40              		.cfi_offset 3, -24
  41              		.cfi_offset 4, -20
  42              		.cfi_offset 5, -16
  43              		.cfi_offset 6, -12
  44              		.cfi_offset 7, -8
  45              		.cfi_offset 14, -4
  46 0002 0446     		mov	r4, r0
  47              	.LVL1:
  48              	.LBB36:
  49              	.LBB37:
  50              	.LBI37:
  51              		.file 2 "Lib/DigitalInOut/DigitalInOut.hpp"
   1:Lib/DigitalInOut/DigitalInOut.hpp **** #ifndef __DigitalInOut__
   2:Lib/DigitalInOut/DigitalInOut.hpp **** #define __DigitalInOut__
ARM GAS  /var/folders/5c/srt4fy4j1pd641bjfx75k5000000gn/T//cc7hyq9i.s 			page 2


   3:Lib/DigitalInOut/DigitalInOut.hpp **** 
   4:Lib/DigitalInOut/DigitalInOut.hpp **** #include "main.h"
   5:Lib/DigitalInOut/DigitalInOut.hpp **** 
   6:Lib/DigitalInOut/DigitalInOut.hpp **** #ifdef __cplusplus
   7:Lib/DigitalInOut/DigitalInOut.hpp **** 
   8:Lib/DigitalInOut/DigitalInOut.hpp **** extern "C" {
   9:Lib/DigitalInOut/DigitalInOut.hpp **** 
  10:Lib/DigitalInOut/DigitalInOut.hpp **** class DigitalOut {
  11:Lib/DigitalInOut/DigitalInOut.hpp ****   public:
  12:Lib/DigitalInOut/DigitalInOut.hpp ****     DigitalOut(GPIO_TypeDef *port, uint16_t pin) : port(port), pin(pin) {
  52              		.loc 2 12 5 is_stmt 1 view .LVU2
  53              	.LBB38:
  54              		.loc 2 12 52 is_stmt 0 view .LVU3
  55 0004 2F4D     		ldr	r5, .L3
  56 0006 4560     		str	r5, [r0, #4]
  57              		.loc 2 12 64 view .LVU4
  58 0008 4FF48061 		mov	r1, #1024
  59 000c 0181     		strh	r1, [r0, #8]	@ movhi
  13:Lib/DigitalInOut/DigitalInOut.hpp ****         HAL_GPIO_WritePin(port, pin, GPIO_PIN_RESET);
  60              		.loc 2 13 9 is_stmt 1 view .LVU5
  61              		.loc 2 13 26 is_stmt 0 view .LVU6
  62 000e 0022     		movs	r2, #0
  63 0010 2846     		mov	r0, r5
  64              	.LVL2:
  65              		.loc 2 13 26 view .LVU7
  66 0012 FFF7FEFF 		bl	HAL_GPIO_WritePin
  67              	.LVL3:
  68              		.loc 2 13 26 view .LVU8
  69              	.LBE38:
  70              	.LBE37:
  71              	.LBB39:
  72              	.LBI39:
  12:Lib/DigitalInOut/DigitalInOut.hpp ****         HAL_GPIO_WritePin(port, pin, GPIO_PIN_RESET);
  73              		.loc 2 12 5 is_stmt 1 view .LVU9
  74              	.LBB40:
  12:Lib/DigitalInOut/DigitalInOut.hpp ****         HAL_GPIO_WritePin(port, pin, GPIO_PIN_RESET);
  75              		.loc 2 12 52 is_stmt 0 view .LVU10
  76 0016 E560     		str	r5, [r4, #12]
  12:Lib/DigitalInOut/DigitalInOut.hpp ****         HAL_GPIO_WritePin(port, pin, GPIO_PIN_RESET);
  77              		.loc 2 12 64 view .LVU11
  78 0018 4FF40061 		mov	r1, #2048
  79 001c 2182     		strh	r1, [r4, #16]	@ movhi
  80              		.loc 2 13 9 is_stmt 1 view .LVU12
  81              		.loc 2 13 26 is_stmt 0 view .LVU13
  82 001e 0022     		movs	r2, #0
  83 0020 2846     		mov	r0, r5
  84 0022 FFF7FEFF 		bl	HAL_GPIO_WritePin
  85              	.LVL4:
  86              		.loc 2 13 26 view .LVU14
  87              	.LBE40:
  88              	.LBE39:
  89              	.LBB41:
  90              	.LBI41:
  12:Lib/DigitalInOut/DigitalInOut.hpp ****         HAL_GPIO_WritePin(port, pin, GPIO_PIN_RESET);
  91              		.loc 2 12 5 is_stmt 1 view .LVU15
  92              	.LBB42:
  12:Lib/DigitalInOut/DigitalInOut.hpp ****         HAL_GPIO_WritePin(port, pin, GPIO_PIN_RESET);
ARM GAS  /var/folders/5c/srt4fy4j1pd641bjfx75k5000000gn/T//cc7hyq9i.s 			page 3


  93              		.loc 2 12 52 is_stmt 0 view .LVU16
  94 0026 6561     		str	r5, [r4, #20]
  12:Lib/DigitalInOut/DigitalInOut.hpp ****         HAL_GPIO_WritePin(port, pin, GPIO_PIN_RESET);
  95              		.loc 2 12 64 view .LVU17
  96 0028 4FF48056 		mov	r6, #4096
  97 002c 2683     		strh	r6, [r4, #24]	@ movhi
  98              		.loc 2 13 9 is_stmt 1 view .LVU18
  99              		.loc 2 13 26 is_stmt 0 view .LVU19
 100 002e 0022     		movs	r2, #0
 101 0030 3146     		mov	r1, r6
 102 0032 2846     		mov	r0, r5
 103 0034 FFF7FEFF 		bl	HAL_GPIO_WritePin
 104              	.LVL5:
 105              		.loc 2 13 26 view .LVU20
 106              	.LBE42:
 107              	.LBE41:
 108              	.LBB43:
 109              	.LBI43:
  12:Lib/DigitalInOut/DigitalInOut.hpp ****         HAL_GPIO_WritePin(port, pin, GPIO_PIN_RESET);
 110              		.loc 2 12 5 is_stmt 1 view .LVU21
 111              	.LBB44:
  12:Lib/DigitalInOut/DigitalInOut.hpp ****         HAL_GPIO_WritePin(port, pin, GPIO_PIN_RESET);
 112              		.loc 2 12 52 is_stmt 0 view .LVU22
 113 0038 A5F58065 		sub	r5, r5, #1024
 114 003c E561     		str	r5, [r4, #28]
  12:Lib/DigitalInOut/DigitalInOut.hpp ****         HAL_GPIO_WritePin(port, pin, GPIO_PIN_RESET);
 115              		.loc 2 12 64 view .LVU23
 116 003e 8021     		movs	r1, #128
 117 0040 2184     		strh	r1, [r4, #32]	@ movhi
 118              		.loc 2 13 9 is_stmt 1 view .LVU24
 119              		.loc 2 13 26 is_stmt 0 view .LVU25
 120 0042 0022     		movs	r2, #0
 121 0044 2846     		mov	r0, r5
 122 0046 FFF7FEFF 		bl	HAL_GPIO_WritePin
 123              	.LVL6:
 124              		.loc 2 13 26 view .LVU26
 125              	.LBE44:
 126              	.LBE43:
 127              	.LBB45:
 128              	.LBI45:
  12:Lib/DigitalInOut/DigitalInOut.hpp ****         HAL_GPIO_WritePin(port, pin, GPIO_PIN_RESET);
 129              		.loc 2 12 5 is_stmt 1 view .LVU27
 130              	.LBB46:
  12:Lib/DigitalInOut/DigitalInOut.hpp ****         HAL_GPIO_WritePin(port, pin, GPIO_PIN_RESET);
 131              		.loc 2 12 52 is_stmt 0 view .LVU28
 132 004a 6562     		str	r5, [r4, #36]
  12:Lib/DigitalInOut/DigitalInOut.hpp ****         HAL_GPIO_WritePin(port, pin, GPIO_PIN_RESET);
 133              		.loc 2 12 64 view .LVU29
 134 004c 4FF40071 		mov	r1, #512
 135 0050 2185     		strh	r1, [r4, #40]	@ movhi
 136              		.loc 2 13 9 is_stmt 1 view .LVU30
 137              		.loc 2 13 26 is_stmt 0 view .LVU31
 138 0052 0022     		movs	r2, #0
 139 0054 2846     		mov	r0, r5
 140 0056 FFF7FEFF 		bl	HAL_GPIO_WritePin
 141              	.LVL7:
 142              		.loc 2 13 26 view .LVU32
ARM GAS  /var/folders/5c/srt4fy4j1pd641bjfx75k5000000gn/T//cc7hyq9i.s 			page 4


 143              	.LBE46:
 144              	.LBE45:
 145              	.LBB47:
 146              	.LBI47:
  12:Lib/DigitalInOut/DigitalInOut.hpp ****         HAL_GPIO_WritePin(port, pin, GPIO_PIN_RESET);
 147              		.loc 2 12 5 is_stmt 1 view .LVU33
 148              	.LBB48:
  12:Lib/DigitalInOut/DigitalInOut.hpp ****         HAL_GPIO_WritePin(port, pin, GPIO_PIN_RESET);
 149              		.loc 2 12 52 is_stmt 0 view .LVU34
 150 005a 1B4F     		ldr	r7, .L3+4
 151 005c E762     		str	r7, [r4, #44]
  12:Lib/DigitalInOut/DigitalInOut.hpp ****         HAL_GPIO_WritePin(port, pin, GPIO_PIN_RESET);
 152              		.loc 2 12 64 view .LVU35
 153 005e 1021     		movs	r1, #16
 154 0060 2186     		strh	r1, [r4, #48]	@ movhi
 155              		.loc 2 13 9 is_stmt 1 view .LVU36
 156              		.loc 2 13 26 is_stmt 0 view .LVU37
 157 0062 0022     		movs	r2, #0
 158 0064 3846     		mov	r0, r7
 159 0066 FFF7FEFF 		bl	HAL_GPIO_WritePin
 160              	.LVL8:
 161              		.loc 2 13 26 view .LVU38
 162              	.LBE48:
 163              	.LBE47:
 164              	.LBB49:
 165              	.LBI49:
  12:Lib/DigitalInOut/DigitalInOut.hpp ****         HAL_GPIO_WritePin(port, pin, GPIO_PIN_RESET);
 166              		.loc 2 12 5 is_stmt 1 view .LVU39
 167              	.LBB50:
  12:Lib/DigitalInOut/DigitalInOut.hpp ****         HAL_GPIO_WritePin(port, pin, GPIO_PIN_RESET);
 168              		.loc 2 12 52 is_stmt 0 view .LVU40
 169 006a 6763     		str	r7, [r4, #52]
  12:Lib/DigitalInOut/DigitalInOut.hpp ****         HAL_GPIO_WritePin(port, pin, GPIO_PIN_RESET);
 170              		.loc 2 12 64 view .LVU41
 171 006c 2021     		movs	r1, #32
 172 006e 2187     		strh	r1, [r4, #56]	@ movhi
 173              		.loc 2 13 9 is_stmt 1 view .LVU42
 174              		.loc 2 13 26 is_stmt 0 view .LVU43
 175 0070 0022     		movs	r2, #0
 176 0072 3846     		mov	r0, r7
 177 0074 FFF7FEFF 		bl	HAL_GPIO_WritePin
 178              	.LVL9:
 179              		.loc 2 13 26 view .LVU44
 180              	.LBE50:
 181              	.LBE49:
 182              	.LBB51:
 183              	.LBI51:
  12:Lib/DigitalInOut/DigitalInOut.hpp ****         HAL_GPIO_WritePin(port, pin, GPIO_PIN_RESET);
 184              		.loc 2 12 5 is_stmt 1 view .LVU45
 185              	.LBB52:
  12:Lib/DigitalInOut/DigitalInOut.hpp ****         HAL_GPIO_WritePin(port, pin, GPIO_PIN_RESET);
 186              		.loc 2 12 52 is_stmt 0 view .LVU46
 187 0078 E563     		str	r5, [r4, #60]
  12:Lib/DigitalInOut/DigitalInOut.hpp ****         HAL_GPIO_WritePin(port, pin, GPIO_PIN_RESET);
 188              		.loc 2 12 64 view .LVU47
 189 007a A4F84060 		strh	r6, [r4, #64]	@ movhi
 190              		.loc 2 13 9 is_stmt 1 view .LVU48
ARM GAS  /var/folders/5c/srt4fy4j1pd641bjfx75k5000000gn/T//cc7hyq9i.s 			page 5


 191              		.loc 2 13 26 is_stmt 0 view .LVU49
 192 007e 0022     		movs	r2, #0
 193 0080 3146     		mov	r1, r6
 194 0082 2846     		mov	r0, r5
 195 0084 FFF7FEFF 		bl	HAL_GPIO_WritePin
 196              	.LVL10:
 197              		.loc 2 13 26 view .LVU50
 198              	.LBE52:
 199              	.LBE51:
 200              	.LBB53:
 201              	.LBI53:
  12:Lib/DigitalInOut/DigitalInOut.hpp ****         HAL_GPIO_WritePin(port, pin, GPIO_PIN_RESET);
 202              		.loc 2 12 5 is_stmt 1 view .LVU51
 203              	.LBB54:
  12:Lib/DigitalInOut/DigitalInOut.hpp ****         HAL_GPIO_WritePin(port, pin, GPIO_PIN_RESET);
 204              		.loc 2 12 52 is_stmt 0 view .LVU52
 205 0088 6564     		str	r5, [r4, #68]
  12:Lib/DigitalInOut/DigitalInOut.hpp ****         HAL_GPIO_WritePin(port, pin, GPIO_PIN_RESET);
 206              		.loc 2 12 64 view .LVU53
 207 008a 4FF40051 		mov	r1, #8192
 208 008e A4F84810 		strh	r1, [r4, #72]	@ movhi
 209              		.loc 2 13 9 is_stmt 1 view .LVU54
 210              		.loc 2 13 26 is_stmt 0 view .LVU55
 211 0092 0022     		movs	r2, #0
 212 0094 2846     		mov	r0, r5
 213 0096 FFF7FEFF 		bl	HAL_GPIO_WritePin
 214              	.LVL11:
 215              		.loc 2 13 26 view .LVU56
 216              	.LBE54:
 217              	.LBE53:
 218              	.LBB55:
 219              	.LBI55:
 220              		.file 3 "Lib/BufferedSerial/BufferedSerial.hpp"
   1:Lib/BufferedSerial/BufferedSerial.hpp **** #ifndef __BUFFERED_SERIAL__
   2:Lib/BufferedSerial/BufferedSerial.hpp **** #define __BUFFERED_SERIAL__
   3:Lib/BufferedSerial/BufferedSerial.hpp **** 
   4:Lib/BufferedSerial/BufferedSerial.hpp **** #include <stdio.h>
   5:Lib/BufferedSerial/BufferedSerial.hpp **** 
   6:Lib/BufferedSerial/BufferedSerial.hpp **** #include "usart.h"
   7:Lib/BufferedSerial/BufferedSerial.hpp **** 
   8:Lib/BufferedSerial/BufferedSerial.hpp **** #ifdef __cplusplus
   9:Lib/BufferedSerial/BufferedSerial.hpp **** 
  10:Lib/BufferedSerial/BufferedSerial.hpp **** /*
  11:Lib/BufferedSerial/BufferedSerial.hpp ****  Initの順番をDMAが先になるようにする
  12:Lib/BufferedSerial/BufferedSerial.hpp ****  - MX_DMA_Init();
  13:Lib/BufferedSerial/BufferedSerial.hpp ****  - MX_USART2_UART_Init();
  14:Lib/BufferedSerial/BufferedSerial.hpp ****  - DMAはCircularモードにする
  15:Lib/BufferedSerial/BufferedSerial.hpp **** */
  16:Lib/BufferedSerial/BufferedSerial.hpp **** 
  17:Lib/BufferedSerial/BufferedSerial.hpp **** class BufferedSerial {
  18:Lib/BufferedSerial/BufferedSerial.hpp ****      public:
  19:Lib/BufferedSerial/BufferedSerial.hpp ****       BufferedSerial(UART_HandleTypeDef *huart, uint16_t rxBufSize)
 221              		.loc 3 19 7 is_stmt 1 view .LVU57
 222              	.LBB56:
  20:Lib/BufferedSerial/BufferedSerial.hpp ****           : _huart(huart),
 223              		.loc 3 20 13 is_stmt 0 view .LVU58
 224 009a 0C4B     		ldr	r3, .L3+8
ARM GAS  /var/folders/5c/srt4fy4j1pd641bjfx75k5000000gn/T//cc7hyq9i.s 			page 6


 225 009c E364     		str	r3, [r4, #76]
  21:Lib/BufferedSerial/BufferedSerial.hpp ****             _rxBuf(new uint8_t[rxBufSize]),
 226              		.loc 3 21 41 view .LVU59
 227 009e 4FF48070 		mov	r0, #256
 228 00a2 FFF7FEFF 		bl	_Znaj
 229              	.LVL12:
 230              		.loc 3 21 13 view .LVU60
 231 00a6 2065     		str	r0, [r4, #80]
  22:Lib/BufferedSerial/BufferedSerial.hpp ****             rxTop(0),
 232              		.loc 3 22 13 view .LVU61
 233 00a8 0023     		movs	r3, #0
 234 00aa A4F85430 		strh	r3, [r4, #84]	@ movhi
  23:Lib/BufferedSerial/BufferedSerial.hpp ****             rxBtm(0),
 235              		.loc 3 23 13 view .LVU62
 236 00ae A4F85630 		strh	r3, [r4, #86]	@ movhi
  24:Lib/BufferedSerial/BufferedSerial.hpp ****             _rxBufSize(rxBufSize),
 237              		.loc 3 24 13 view .LVU63
 238 00b2 4FF48072 		mov	r2, #256
 239 00b6 A4F85820 		strh	r2, [r4, #88]	@ movhi
  25:Lib/BufferedSerial/BufferedSerial.hpp ****             _useDMA(false) {
 240              		.loc 3 25 13 view .LVU64
 241 00ba 84F85A30 		strb	r3, [r4, #90]
 242              	.LVL13:
 243              		.loc 3 25 13 view .LVU65
 244              	.LBE56:
 245              	.LBE55:
 246              	.LBE36:
   6:src/unit/manager/maneger.cpp **** }
 247              		.loc 1 6 1 view .LVU66
 248 00be 2046     		mov	r0, r4
 249 00c0 F8BD     		pop	{r3, r4, r5, r6, r7, pc}
 250              	.LVL14:
 251              	.L4:
 252              		.loc 1 6 1 view .LVU67
 253 00c2 00BF     		.align	2
 254              	.L3:
 255 00c4 00080240 		.word	1073874944
 256 00c8 00000240 		.word	1073872896
 257 00cc 00000000 		.word	huart6
 258              		.cfi_endproc
 259              	.LFE263:
 260              		.fnend
 262              		.global	_ZN7ManegerC1Ev
 263              		.thumb_set _ZN7ManegerC1Ev,_ZN7ManegerC2Ev
 264              		.section	.text._ZN7Maneger12HardwareInitEv,"ax",%progbits
 265              		.align	1
 266              		.global	_ZN7Maneger12HardwareInitEv
 267              		.syntax unified
 268              		.thumb
 269              		.thumb_func
 271              	_ZN7Maneger12HardwareInitEv:
 272              		.fnstart
 273              	.LVL15:
 274              	.LFB265:
   7:src/unit/manager/maneger.cpp **** 
   8:src/unit/manager/maneger.cpp **** void Maneger::HardwareInit() {
 275              		.loc 1 8 30 is_stmt 1 view -0
ARM GAS  /var/folders/5c/srt4fy4j1pd641bjfx75k5000000gn/T//cc7hyq9i.s 			page 7


 276              		.cfi_startproc
 277              		@ args = 0, pretend = 0, frame = 0
 278              		@ frame_needed = 0, uses_anonymous_args = 0
 279              		.loc 1 8 30 is_stmt 0 view .LVU69
 280 0000 38B5     		push	{r3, r4, r5, lr}
 281              		.save {r3, r4, r5, lr}
 282              	.LCFI1:
 283              		.cfi_def_cfa_offset 16
 284              		.cfi_offset 3, -16
 285              		.cfi_offset 4, -12
 286              		.cfi_offset 5, -8
 287              		.cfi_offset 14, -4
 288 0002 0446     		mov	r4, r0
   9:src/unit/manager/maneger.cpp ****       HAL_ADC_Start(&hadc1);
 289              		.loc 1 9 7 is_stmt 1 view .LVU70
 290              		.loc 1 9 20 is_stmt 0 view .LVU71
 291 0004 0E4D     		ldr	r5, .L9
 292 0006 2846     		mov	r0, r5
 293              	.LVL16:
 294              		.loc 1 9 20 view .LVU72
 295 0008 FFF7FEFF 		bl	HAL_ADC_Start
 296              	.LVL17:
  10:src/unit/manager/maneger.cpp ****       HAL_ADC_Start_DMA(&hadc1, (uint32_t *)&adc_get_val, 12);
 297              		.loc 1 10 7 is_stmt 1 view .LVU73
 298              		.loc 1 10 24 is_stmt 0 view .LVU74
 299 000c 0C22     		movs	r2, #12
 300 000e 0D49     		ldr	r1, .L9+4
 301 0010 2846     		mov	r0, r5
 302 0012 FFF7FEFF 		bl	HAL_ADC_Start_DMA
 303              	.LVL18:
  11:src/unit/manager/maneger.cpp ****       for (uint8_t i = 0; i < 12; i++) {
 304              		.loc 1 11 7 is_stmt 1 view .LVU75
 305              	.LBB57:
 306              		.loc 1 11 20 is_stmt 0 view .LVU76
 307 0016 0022     		movs	r2, #0
 308              		.loc 1 11 7 view .LVU77
 309 0018 06E0     		b	.L6
 310              	.LVL19:
 311              	.L7:
  12:src/unit/manager/maneger.cpp ****             while (!(adc_get_val[i] > 0));
 312              		.loc 1 12 20 is_stmt 1 discriminator 1 view .LVU78
 313              		.loc 1 12 35 is_stmt 0 discriminator 1 view .LVU79
 314 001a 0A4B     		ldr	r3, .L9+4
 315 001c 33F81230 		ldrh	r3, [r3, r2, lsl #1]
 316              		.loc 1 12 20 discriminator 1 view .LVU80
 317 0020 002B     		cmp	r3, #0
 318 0022 FAD0     		beq	.L7
  11:src/unit/manager/maneger.cpp ****       for (uint8_t i = 0; i < 12; i++) {
 319              		.loc 1 11 7 is_stmt 1 discriminator 2 view .LVU81
 320 0024 0132     		adds	r2, r2, #1
 321              	.LVL20:
  11:src/unit/manager/maneger.cpp ****       for (uint8_t i = 0; i < 12; i++) {
 322              		.loc 1 11 7 is_stmt 0 discriminator 2 view .LVU82
 323 0026 D2B2     		uxtb	r2, r2
 324              	.LVL21:
 325              	.L6:
  11:src/unit/manager/maneger.cpp ****       for (uint8_t i = 0; i < 12; i++) {
ARM GAS  /var/folders/5c/srt4fy4j1pd641bjfx75k5000000gn/T//cc7hyq9i.s 			page 8


 326              		.loc 1 11 29 is_stmt 1 discriminator 1 view .LVU83
 327 0028 0B2A     		cmp	r2, #11
 328 002a F6D9     		bls	.L7
 329              	.LBE57:
  13:src/unit/manager/maneger.cpp ****       }
  14:src/unit/manager/maneger.cpp **** 
  15:src/unit/manager/maneger.cpp ****       // 諸々の初期化
  16:src/unit/manager/maneger.cpp ****       serial6.init();
 330              		.loc 1 16 7 view .LVU84
 331              	.LVL22:
 332              	.LBB58:
 333              	.LBI58:
  26:Lib/BufferedSerial/BufferedSerial.hpp ****       }
  27:Lib/BufferedSerial/BufferedSerial.hpp ****       void init(bool dma = false) {
 334              		.loc 3 27 12 view .LVU85
 335              	.LBB59:
  28:Lib/BufferedSerial/BufferedSerial.hpp ****             _useDMA = dma;
 336              		.loc 3 28 13 view .LVU86
 337              		.loc 3 28 21 is_stmt 0 view .LVU87
 338 002c 0023     		movs	r3, #0
 339 002e 84F85A30 		strb	r3, [r4, #90]
  29:Lib/BufferedSerial/BufferedSerial.hpp ****             HAL_UART_Receive_DMA(_huart, _rxBuf, _rxBufSize);
 340              		.loc 3 29 13 is_stmt 1 view .LVU88
 341              		.loc 3 29 33 is_stmt 0 view .LVU89
 342 0032 B4F85820 		ldrh	r2, [r4, #88]
 343              	.LVL23:
 344              		.loc 3 29 33 view .LVU90
 345 0036 216D     		ldr	r1, [r4, #80]
 346 0038 E06C     		ldr	r0, [r4, #76]
 347 003a FFF7FEFF 		bl	HAL_UART_Receive_DMA
 348              	.LVL24:
 349              		.loc 3 29 33 view .LVU91
 350              	.LBE59:
 351              	.LBE58:
  17:src/unit/manager/maneger.cpp **** }
 352              		.loc 1 17 1 view .LVU92
 353 003e 38BD     		pop	{r3, r4, r5, pc}
 354              	.LVL25:
 355              	.L10:
 356              		.loc 1 17 1 view .LVU93
 357              		.align	2
 358              	.L9:
 359 0040 00000000 		.word	hadc1
 360 0044 00000000 		.word	adc_get_val
 361              		.cfi_endproc
 362              	.LFE265:
 363              		.fnend
 365              		.section	.text._ZN7Maneger10GetSensorsEv,"ax",%progbits
 366              		.align	1
 367              		.global	_ZN7Maneger10GetSensorsEv
 368              		.syntax unified
 369              		.thumb
 370              		.thumb_func
 372              	_ZN7Maneger10GetSensorsEv:
 373              		.fnstart
 374              	.LVL26:
 375              	.LFB266:
ARM GAS  /var/folders/5c/srt4fy4j1pd641bjfx75k5000000gn/T//cc7hyq9i.s 			page 9


  18:src/unit/manager/maneger.cpp **** 
  19:src/unit/manager/maneger.cpp **** void Maneger::GetSensors() {
 376              		.loc 1 19 28 is_stmt 1 view -0
 377              		.cfi_startproc
 378              		@ args = 0, pretend = 0, frame = 0
 379              		@ frame_needed = 0, uses_anonymous_args = 0
 380              		@ link register save eliminated.
  20:src/unit/manager/maneger.cpp **** }
 381              		.loc 1 20 1 is_stmt 0 view .LVU95
 382 0000 7047     		bx	lr
 383              		.cfi_endproc
 384              	.LFE266:
 385              		.cantunwind
 386              		.fnend
 388              		.global	adc_get_val
 389              		.section	.bss.adc_get_val,"aw",%nobits
 390              		.align	2
 393              	adc_get_val:
 394 0000 00000000 		.space	24
 394      00000000 
 394      00000000 
 394      00000000 
 394      00000000 
 395              		.text
 396              	.Letext0:
 397              		.file 4 "/opt/ST/STM32CubeCLT_1.16.0/GNU-tools-for-STM32/arm-none-eabi/include/machine/_default_ty
 398              		.file 5 "/opt/ST/STM32CubeCLT_1.16.0/GNU-tools-for-STM32/lib/gcc/arm-none-eabi/12.3.1/include/stdd
 399              		.file 6 "/opt/ST/STM32CubeCLT_1.16.0/GNU-tools-for-STM32/arm-none-eabi/include/sys/_types.h"
 400              		.file 7 "/opt/ST/STM32CubeCLT_1.16.0/GNU-tools-for-STM32/arm-none-eabi/include/sys/reent.h"
 401              		.file 8 "/opt/ST/STM32CubeCLT_1.16.0/GNU-tools-for-STM32/arm-none-eabi/include/sys/lock.h"
 402              		.file 9 "/opt/ST/STM32CubeCLT_1.16.0/GNU-tools-for-STM32/arm-none-eabi/include/stdio.h"
 403              		.file 10 "/opt/ST/STM32CubeCLT_1.16.0/GNU-tools-for-STM32/arm-none-eabi/include/sys/_stdint.h"
 404              		.file 11 "Drivers/CMSIS/Device/ST/STM32F4xx/Include/stm32f446xx.h"
 405              		.file 12 "Drivers/CMSIS/Device/ST/STM32F4xx/Include/stm32f4xx.h"
 406              		.file 13 "Drivers/STM32F4xx_HAL_Driver/Inc/stm32f4xx_hal_def.h"
 407              		.file 14 "Drivers/STM32F4xx_HAL_Driver/Inc/stm32f4xx_hal_gpio.h"
 408              		.file 15 "Drivers/STM32F4xx_HAL_Driver/Inc/stm32f4xx_hal_dma.h"
 409              		.file 16 "Drivers/STM32F4xx_HAL_Driver/Inc/stm32f4xx_hal_adc.h"
 410              		.file 17 "Drivers/STM32F4xx_HAL_Driver/Inc/stm32f4xx_hal_uart.h"
 411              		.file 18 "Drivers/STM32F4xx_HAL_Driver/Inc/stm32f4xx_hal.h"
 412              		.file 19 "/opt/ST/STM32CubeCLT_1.16.0/GNU-tools-for-STM32/arm-none-eabi/include/c++/12.3.1/cstdio"
 413              		.file 20 "/opt/ST/STM32CubeCLT_1.16.0/GNU-tools-for-STM32/arm-none-eabi/include/c++/12.3.1/arm-non
 414              		.file 21 "Core/Inc/usart.h"
 415              		.file 22 "Core/Inc/adc.h"
 416              		.file 23 "src/unit/manager/maneger.hpp"
ARM GAS  /var/folders/5c/srt4fy4j1pd641bjfx75k5000000gn/T//cc7hyq9i.s 			page 10


DEFINED SYMBOLS
                            *ABS*:00000000 maneger.cpp
/var/folders/5c/srt4fy4j1pd641bjfx75k5000000gn/T//cc7hyq9i.s:21     .text._ZN7ManegerC2Ev:00000000 $t
/var/folders/5c/srt4fy4j1pd641bjfx75k5000000gn/T//cc7hyq9i.s:27     .text._ZN7ManegerC2Ev:00000000 _ZN7ManegerC2Ev
/var/folders/5c/srt4fy4j1pd641bjfx75k5000000gn/T//cc7hyq9i.s:255    .text._ZN7ManegerC2Ev:000000c4 $d
  .ARM.exidx.text._ZN7ManegerC2Ev:00000000 $d
/var/folders/5c/srt4fy4j1pd641bjfx75k5000000gn/T//cc7hyq9i.s:27     .text._ZN7ManegerC2Ev:00000000 _ZN7ManegerC1Ev
/var/folders/5c/srt4fy4j1pd641bjfx75k5000000gn/T//cc7hyq9i.s:265    .text._ZN7Maneger12HardwareInitEv:00000000 $t
/var/folders/5c/srt4fy4j1pd641bjfx75k5000000gn/T//cc7hyq9i.s:271    .text._ZN7Maneger12HardwareInitEv:00000000 _ZN7Maneger12HardwareInitEv
/var/folders/5c/srt4fy4j1pd641bjfx75k5000000gn/T//cc7hyq9i.s:359    .text._ZN7Maneger12HardwareInitEv:00000040 $d
/var/folders/5c/srt4fy4j1pd641bjfx75k5000000gn/T//cc7hyq9i.s:393    .bss.adc_get_val:00000000 adc_get_val
.ARM.exidx.text._ZN7Maneger12HardwareInitEv:00000000 $d
/var/folders/5c/srt4fy4j1pd641bjfx75k5000000gn/T//cc7hyq9i.s:366    .text._ZN7Maneger10GetSensorsEv:00000000 $t
/var/folders/5c/srt4fy4j1pd641bjfx75k5000000gn/T//cc7hyq9i.s:372    .text._ZN7Maneger10GetSensorsEv:00000000 _ZN7Maneger10GetSensorsEv
.ARM.exidx.text._ZN7Maneger10GetSensorsEv:00000000 $d
/var/folders/5c/srt4fy4j1pd641bjfx75k5000000gn/T//cc7hyq9i.s:390    .bss.adc_get_val:00000000 $d

UNDEFINED SYMBOLS
HAL_GPIO_WritePin
_Znaj
huart6
__aeabi_unwind_cpp_pr0
HAL_ADC_Start
HAL_ADC_Start_DMA
HAL_UART_Receive_DMA
hadc1
